[2019-09-16 11:34:50,816][MainThread:22316][task_id:xjLib.log][log.py-><listcomp>:128][DEBUG][开始下载公告，获取列表信息......]
[2019-09-16 11:34:50,851][MainThread:22316][task_id:urllib3.connectionpool][connectionpool.py->_new_conn:205][DEBUG][Starting new HTTP connection (1): oa.jklife.com:80]
[2019-09-16 11:34:50,957][MainThread:22316][task_id:urllib3.connectionpool][connectionpool.py->_make_request:393][DEBUG][http://oa.jklife.com:80 "GET / HTTP/1.1" 302 0]
[2019-09-16 11:34:50,974][MainThread:22316][task_id:urllib3.connectionpool][connectionpool.py->_make_request:393][DEBUG][http://oa.jklife.com:80 "GET /seeyon/index.jsp HTTP/1.1" 200 None]
[2019-09-16 11:34:50,999][MainThread:22316][task_id:urllib3.connectionpool][connectionpool.py->_make_request:393][DEBUG][http://oa.jklife.com:80 "POST /seeyon/main.do?method=login HTTP/1.1" 302 0]
[2019-09-16 11:34:51,110][MainThread:22316][task_id:urllib3.connectionpool][connectionpool.py->_make_request:393][DEBUG][http://oa.jklife.com:80 "POST /seeyon/ajax.do?method=ajaxAction&managerName=bulDataManager&rnd=97013 HTTP/1.1" 200 None]
[2019-09-16 11:34:51,111][MainThread:22316][task_id:xjLib.log][log.py-><listcomp>:128][DEBUG][总页数：43	总size数：857]
[2019-09-16 11:34:51,132][MainThread:22316][task_id:urllib3.connectionpool][connectionpool.py->_make_request:393][DEBUG][http://oa.jklife.com:80 "POST /seeyon/ajax.do?method=ajaxAction&managerName=bulDataManager&rnd=40592 HTTP/1.1" 200 None]
[2019-09-16 11:34:51,154][MainThread:22316][task_id:urllib3.connectionpool][connectionpool.py->_make_request:393][DEBUG][http://oa.jklife.com:80 "POST /seeyon/ajax.do?method=ajaxAction&managerName=bulDataManager&rnd=40592 HTTP/1.1" 200 None]
[2019-09-16 11:34:51,156][MainThread:22316][task_id:xjLib.log][log.py-><listcomp>:128][DEBUG][总项目：32]
[2019-09-16 11:34:51,156][MainThread:22316][task_id:xjLib.log][log.py-><listcomp>:128][DEBUG][获取列表信息完成，开始下载正文及附件......]
[2019-09-16 11:34:51,164][ThreadPoolExecutor-0_0:19892][task_id:xjLib.log][log.py-><listcomp>:128][DEBUG][d:/1/君保发〔2019〕152号关于下发《君康人寿保险股份有限公司印章管理办法》的通知 创建成功]
[2019-09-16 11:34:51,176][ThreadPoolExecutor-0_1:21252][task_id:xjLib.log][log.py-><listcomp>:128][DEBUG][d:/1/君保发〔2019〕151号关于下发《君康人寿保险股份有限公司证照管理办法》的通知 创建成功]
[2019-09-16 11:34:51,177][ThreadPoolExecutor-0_3:22368][task_id:xjLib.log][log.py-><listcomp>:128][DEBUG][d:/1/君保发〔2019〕154号关于建立公司通讯员队伍及常态化信息发布机制的通知 创建成功]
[2019-09-16 11:34:51,177][ThreadPoolExecutor-0_5:22496][task_id:xjLib.log][log.py-><listcomp>:128][DEBUG][d:/1/君保发〔2019〕149号关于2019年中秋节放假的通知 创建成功]
[2019-09-16 11:34:51,186][ThreadPoolExecutor-0_8:21232][task_id:xjLib.log][log.py-><listcomp>:128][DEBUG][d:/1/君保发〔2019〕144号关于王塔男同志职务聘任的通知 创建成功]
[2019-09-16 11:34:51,187][ThreadPoolExecutor-0_6:16952][task_id:xjLib.log][log.py-><listcomp>:128][DEBUG][d:/1/君保发〔2019〕147号关于下发《君康人寿保险股份有限公司分支机构财务管理办法》的通知 创建成功]
[2019-09-16 11:34:51,187][ThreadPoolExecutor-0_22:22312][task_id:xjLib.log][log.py-><listcomp>:128][DEBUG][d:/1/君保发〔2019〕124号关于下发《君康人寿保险股份有限公司计算机机房管理办法（试行）》的通知 创建成功]
[2019-09-16 11:34:51,180][ThreadPoolExecutor-0_19:21752][task_id:xjLib.log][log.py-><listcomp>:128][DEBUG][d:/1/君保发〔2019〕128号关于蒋明同志免职的通知 创建成功]
[2019-09-16 11:34:51,180][ThreadPoolExecutor-0_12:19140][task_id:xjLib.log][log.py-><listcomp>:128][DEBUG][d:/1/君保发〔2019〕138号关于下发《君康人寿保险股份有限公司控股、参股公司关联交易管理办法（2019版）》的通知 创建成功]
[2019-09-16 11:34:51,180][ThreadPoolExecutor-0_17:21868][task_id:xjLib.log][log.py-><listcomp>:128][DEBUG][d:/1/君保发〔2019〕129号关于下发《君康人寿保险股份有限公司信息系统需求管理办法（试行）》的通知 创建成功]
[2019-09-16 11:34:51,181][ThreadPoolExecutor-0_2:15132][task_id:xjLib.log][log.py-><listcomp>:128][DEBUG][d:/1/君保发〔2019〕155号关于开展好2019年“金融知识普及月 金融知识进万家 争做理性投资者 争做金融好网民”活动的通知 创建成功]
[2019-09-16 11:34:51,182][ThreadPoolExecutor-0_14:21680][task_id:xjLib.log][log.py-><listcomp>:128][DEBUG][d:/1/君保发〔2019〕132号关于下发《君康人寿保险股份有限公司信访投诉管理办法》的通知 创建成功]
[2019-09-16 11:34:51,182][ThreadPoolExecutor-0_23:21588][task_id:xjLib.log][log.py-><listcomp>:128][DEBUG][d:/1/君保发〔2019〕123号关于下发《君康人寿保险股份有限公司产品开发及管理办法（2019版）》的通知 创建成功]
[2019-09-16 11:34:51,185][ThreadPoolExecutor-0_9:21564][task_id:xjLib.log][log.py-><listcomp>:128][DEBUG][d:/1/君保发〔2019〕143号关于调整君康人寿保险股份有限公司相关委员会组成的通知 创建成功]
[2019-09-16 11:34:51,185][ThreadPoolExecutor-0_13:4468][task_id:xjLib.log][log.py-><listcomp>:128][DEBUG][d:/1/君保发〔2019〕133号关于下发《君康人寿保险股份有限公司保险业务收付费管理办法》的通知 创建成功]
[2019-09-16 11:34:51,186][ThreadPoolExecutor-0_21:21636][task_id:xjLib.log][log.py-><listcomp>:128][DEBUG][d:/1/君保发〔2019〕125号关于君康安福（2019版）综合意外伤害保险等4款产品上市的通知 创建成功]
[2019-09-16 11:34:51,179][ThreadPoolExecutor-0_15:22436][task_id:xjLib.log][log.py-><listcomp>:128][DEBUG][d:/1/君保发〔2019〕131号关于下发《君康人寿保险股份有限公司资产配置模型管理办法》的通知 创建成功]
[2019-09-16 11:34:51,180][ThreadPoolExecutor-0_7:8968][task_id:xjLib.log][log.py-><listcomp>:128][DEBUG][d:/1/君保发〔2019〕146号关于下发《君康人寿保险股份有限公司核保核赔委员会议事规则》的通知 创建成功]
[2019-09-16 11:34:51,180][ThreadPoolExecutor-0_10:18520][task_id:xjLib.log][log.py-><listcomp>:128][DEBUG][d:/1/君保发〔2019〕141号关于下发《君康人寿保险股份有限公司分支机构职场租赁装修管理办法 》的通知 创建成功]
[2019-09-16 11:34:51,187][ThreadPoolExecutor-0_4:21328][task_id:xjLib.log][log.py-><listcomp>:128][DEBUG][d:/1/君保发〔2019〕150号关于下发《君康人寿保险股份有限公司客户信息真实性管理办法》的通知 创建成功]
[2019-09-16 11:34:51,187][ThreadPoolExecutor-0_20:21768][task_id:xjLib.log][log.py-><listcomp>:128][DEBUG][d:/1/君保发〔2019〕122号关于下发《君康人寿保险股份有限公司办公职场管理办法》的通知 创建成功]
[2019-09-16 11:34:51,187][ThreadPoolExecutor-0_11:21600][task_id:xjLib.log][log.py-><listcomp>:128][DEBUG][d:/1/君保发〔2019〕140号关于王坚同志免职的通知 创建成功]
[2019-09-16 11:34:51,188][ThreadPoolExecutor-0_18:22120][task_id:xjLib.log][log.py-><listcomp>:128][DEBUG][d:/1/君保发〔2019〕126号关于下发《君康人寿保险股份有限公司车辆管理办法》的通知 创建成功]
[2019-09-16 11:34:51,188][ThreadPoolExecutor-0_24:21932][task_id:xjLib.log][log.py-><listcomp>:128][DEBUG][d:/1/君保发〔2019〕121号关于下发《君康人寿保险股份有限公司新单回访协办件处理规定（2019修订版）》的通知 创建成功]
[2019-09-16 11:34:51,189][ThreadPoolExecutor-0_1:21252][task_id:urllib3.connectionpool][connectionpool.py->_new_conn:205][DEBUG][Starting new HTTP connection (2): oa.jklife.com:80]
[2019-09-16 11:34:51,192][ThreadPoolExecutor-0_16:21180][task_id:xjLib.log][log.py-><listcomp>:128][DEBUG][d:/1/君保发〔2019〕130号关于下发《君康人寿保险股份有限公司电子邮件管理办法（试行）》的通知 创建成功]
[2019-09-16 11:34:51,195][ThreadPoolExecutor-0_3:22368][task_id:urllib3.connectionpool][connectionpool.py->_new_conn:205][DEBUG][Starting new HTTP connection (3): oa.jklife.com:80]
[2019-09-16 11:34:51,199][ThreadPoolExecutor-0_5:22496][task_id:urllib3.connectionpool][connectionpool.py->_new_conn:205][DEBUG][Starting new HTTP connection (4): oa.jklife.com:80]
[2019-09-16 11:34:51,201][ThreadPoolExecutor-0_8:21232][task_id:urllib3.connectionpool][connectionpool.py->_new_conn:205][DEBUG][Starting new HTTP connection (5): oa.jklife.com:80]
[2019-09-16 11:34:51,202][ThreadPoolExecutor-0_6:16952][task_id:urllib3.connectionpool][connectionpool.py->_new_conn:205][DEBUG][Starting new HTTP connection (6): oa.jklife.com:80]
[2019-09-16 11:34:51,206][ThreadPoolExecutor-0_0:19892][task_id:urllib3.connectionpool][connectionpool.py->_make_request:393][DEBUG][http://oa.jklife.com:80 "GET /seeyon/bulData.do?method=bulView&bulId=263432245386494798 HTTP/1.1" 200 None]
[2019-09-16 11:34:51,207][ThreadPoolExecutor-0_22:22312][task_id:urllib3.connectionpool][connectionpool.py->_new_conn:205][DEBUG][Starting new HTTP connection (7): oa.jklife.com:80]
[2019-09-16 11:34:51,212][ThreadPoolExecutor-0_19:21752][task_id:urllib3.connectionpool][connectionpool.py->_new_conn:205][DEBUG][Starting new HTTP connection (8): oa.jklife.com:80]
[2019-09-16 11:34:51,215][ThreadPoolExecutor-0_12:19140][task_id:urllib3.connectionpool][connectionpool.py->_new_conn:205][DEBUG][Starting new HTTP connection (9): oa.jklife.com:80]
[2019-09-16 11:34:51,215][ThreadPoolExecutor-0_17:21868][task_id:urllib3.connectionpool][connectionpool.py->_new_conn:205][DEBUG][Starting new HTTP connection (10): oa.jklife.com:80]
[2019-09-16 11:34:51,217][ThreadPoolExecutor-0_2:15132][task_id:urllib3.connectionpool][connectionpool.py->_new_conn:205][DEBUG][Starting new HTTP connection (11): oa.jklife.com:80]
[2019-09-16 11:34:51,222][ThreadPoolExecutor-0_23:21588][task_id:urllib3.connectionpool][connectionpool.py->_new_conn:205][DEBUG][Starting new HTTP connection (12): oa.jklife.com:80]
[2019-09-16 11:34:51,222][ThreadPoolExecutor-0_14:21680][task_id:urllib3.connectionpool][connectionpool.py->_new_conn:205][DEBUG][Starting new HTTP connection (13): oa.jklife.com:80]
[2019-09-16 11:34:51,228][ThreadPoolExecutor-0_9:21564][task_id:urllib3.connectionpool][connectionpool.py->_new_conn:205][DEBUG][Starting new HTTP connection (14): oa.jklife.com:80]
[2019-09-16 11:34:51,229][ThreadPoolExecutor-0_13:4468][task_id:urllib3.connectionpool][connectionpool.py->_new_conn:205][DEBUG][Starting new HTTP connection (15): oa.jklife.com:80]
[2019-09-16 11:34:51,235][ThreadPoolExecutor-0_21:21636][task_id:urllib3.connectionpool][connectionpool.py->_new_conn:205][DEBUG][Starting new HTTP connection (16): oa.jklife.com:80]
[2019-09-16 11:34:51,238][ThreadPoolExecutor-0_15:22436][task_id:urllib3.connectionpool][connectionpool.py->_new_conn:205][DEBUG][Starting new HTTP connection (17): oa.jklife.com:80]
[2019-09-16 11:34:51,240][ThreadPoolExecutor-0_7:8968][task_id:urllib3.connectionpool][connectionpool.py->_new_conn:205][DEBUG][Starting new HTTP connection (18): oa.jklife.com:80]
[2019-09-16 11:34:51,243][ThreadPoolExecutor-0_4:21328][task_id:urllib3.connectionpool][connectionpool.py->_new_conn:205][DEBUG][Starting new HTTP connection (19): oa.jklife.com:80]
[2019-09-16 11:34:51,249][ThreadPoolExecutor-0_20:21768][task_id:urllib3.connectionpool][connectionpool.py->_new_conn:205][DEBUG][Starting new HTTP connection (20): oa.jklife.com:80]
[2019-09-16 11:34:51,250][ThreadPoolExecutor-0_10:18520][task_id:urllib3.connectionpool][connectionpool.py->_new_conn:205][DEBUG][Starting new HTTP connection (21): oa.jklife.com:80]
[2019-09-16 11:34:51,254][ThreadPoolExecutor-0_11:21600][task_id:urllib3.connectionpool][connectionpool.py->_new_conn:205][DEBUG][Starting new HTTP connection (22): oa.jklife.com:80]
[2019-09-16 11:34:51,260][ThreadPoolExecutor-0_18:22120][task_id:urllib3.connectionpool][connectionpool.py->_new_conn:205][DEBUG][Starting new HTTP connection (23): oa.jklife.com:80]
[2019-09-16 11:34:51,263][ThreadPoolExecutor-0_24:21932][task_id:urllib3.connectionpool][connectionpool.py->_new_conn:205][DEBUG][Starting new HTTP connection (24): oa.jklife.com:80]
[2019-09-16 11:34:51,267][ThreadPoolExecutor-0_16:21180][task_id:urllib3.connectionpool][connectionpool.py->_new_conn:205][DEBUG][Starting new HTTP connection (25): oa.jklife.com:80]
[2019-09-16 11:34:51,353][ThreadPoolExecutor-0_19:21752][task_id:urllib3.connectionpool][connectionpool.py->_make_request:393][DEBUG][http://oa.jklife.com:80 "GET /seeyon/bulData.do?method=bulView&bulId=-1154081394631883925 HTTP/1.1" 200 None]
[2019-09-16 11:34:51,354][ThreadPoolExecutor-0_6:16952][task_id:urllib3.connectionpool][connectionpool.py->_make_request:393][DEBUG][http://oa.jklife.com:80 "GET /seeyon/bulData.do?method=bulView&bulId=-3706379803979071209 HTTP/1.1" 200 None]
[2019-09-16 11:34:51,354][ThreadPoolExecutor-0_5:22496][task_id:urllib3.connectionpool][connectionpool.py->_make_request:393][DEBUG][http://oa.jklife.com:80 "GET /seeyon/bulData.do?method=bulView&bulId=7720903128830725078 HTTP/1.1" 200 None]
[2019-09-16 11:34:51,355][ThreadPoolExecutor-0_22:22312][task_id:urllib3.connectionpool][connectionpool.py->_make_request:393][DEBUG][http://oa.jklife.com:80 "GET /seeyon/bulData.do?method=bulView&bulId=-5692835607665425412 HTTP/1.1" 200 None]
[2019-09-16 11:34:51,355][ThreadPoolExecutor-0_1:21252][task_id:urllib3.connectionpool][connectionpool.py->_make_request:393][DEBUG][http://oa.jklife.com:80 "GET /seeyon/bulData.do?method=bulView&bulId=-4632038980243404271 HTTP/1.1" 200 None]
[2019-09-16 11:34:51,355][ThreadPoolExecutor-0_3:22368][task_id:urllib3.connectionpool][connectionpool.py->_make_request:393][DEBUG][http://oa.jklife.com:80 "GET /seeyon/bulData.do?method=bulView&bulId=6484522682259358565 HTTP/1.1" 200 None]
[2019-09-16 11:34:51,356][ThreadPoolExecutor-0_2:15132][task_id:urllib3.connectionpool][connectionpool.py->_make_request:393][DEBUG][http://oa.jklife.com:80 "GET /seeyon/bulData.do?method=bulView&bulId=-2449549606244564176 HTTP/1.1" 200 None]
[2019-09-16 11:34:51,357][ThreadPoolExecutor-0_8:21232][task_id:urllib3.connectionpool][connectionpool.py->_make_request:393][DEBUG][http://oa.jklife.com:80 "GET /seeyon/bulData.do?method=bulView&bulId=4278766169133370351 HTTP/1.1" 200 None]
[2019-09-16 11:34:51,357][ThreadPoolExecutor-0_17:21868][task_id:urllib3.connectionpool][connectionpool.py->_make_request:393][DEBUG][http://oa.jklife.com:80 "GET /seeyon/bulData.do?method=bulView&bulId=4465270182448483682 HTTP/1.1" 200 None]
[2019-09-16 11:34:51,362][ThreadPoolExecutor-0_12:19140][task_id:urllib3.connectionpool][connectionpool.py->_make_request:393][DEBUG][http://oa.jklife.com:80 "GET /seeyon/bulData.do?method=bulView&bulId=-9061992166915291059 HTTP/1.1" 200 None]
[2019-09-16 11:34:51,366][ThreadPoolExecutor-0_23:21588][task_id:urllib3.connectionpool][connectionpool.py->_make_request:393][DEBUG][http://oa.jklife.com:80 "GET /seeyon/bulData.do?method=bulView&bulId=7175669491242975449 HTTP/1.1" 200 None]
[2019-09-16 11:34:51,368][ThreadPoolExecutor-0_14:21680][task_id:urllib3.connectionpool][connectionpool.py->_make_request:393][DEBUG][http://oa.jklife.com:80 "GET /seeyon/bulData.do?method=bulView&bulId=-5298351595882462196 HTTP/1.1" 200 None]
[2019-09-16 11:34:51,396][ThreadPoolExecutor-0_7:8968][task_id:urllib3.connectionpool][connectionpool.py->_make_request:393][DEBUG][http://oa.jklife.com:80 "GET /seeyon/bulData.do?method=bulView&bulId=5433145732795420222 HTTP/1.1" 200 None]
[2019-09-16 11:34:51,399][ThreadPoolExecutor-0_16:21180][task_id:urllib3.connectionpool][connectionpool.py->_make_request:393][DEBUG][http://oa.jklife.com:80 "GET /seeyon/bulData.do?method=bulView&bulId=-909910411077793341 HTTP/1.1" 200 None]
[2019-09-16 11:34:51,400][ThreadPoolExecutor-0_20:21768][task_id:urllib3.connectionpool][connectionpool.py->_make_request:393][DEBUG][http://oa.jklife.com:80 "GET /seeyon/bulData.do?method=bulView&bulId=8380725043543163443 HTTP/1.1" 200 None]
[2019-09-16 11:34:51,401][ThreadPoolExecutor-0_9:21564][task_id:urllib3.connectionpool][connectionpool.py->_make_request:393][DEBUG][http://oa.jklife.com:80 "GET /seeyon/bulData.do?method=bulView&bulId=3460145606586220705 HTTP/1.1" 200 None]
[2019-09-16 11:34:51,401][ThreadPoolExecutor-0_12:19140][task_id:urllib3.connectionpool][connectionpool.py->_put_conn:274][WARNING][Connection pool is full, discarding connection: oa.jklife.com]
[2019-09-16 11:34:51,402][ThreadPoolExecutor-0_4:21328][task_id:urllib3.connectionpool][connectionpool.py->_make_request:393][DEBUG][http://oa.jklife.com:80 "GET /seeyon/bulData.do?method=bulView&bulId=8173547032780884884 HTTP/1.1" 200 None]
[2019-09-16 11:34:51,403][ThreadPoolExecutor-0_11:21600][task_id:urllib3.connectionpool][connectionpool.py->_make_request:393][DEBUG][http://oa.jklife.com:80 "GET /seeyon/bulData.do?method=bulView&bulId=5846929215794270162 HTTP/1.1" 200 None]
[2019-09-16 11:34:51,405][ThreadPoolExecutor-0_24:21932][task_id:urllib3.connectionpool][connectionpool.py->_make_request:393][DEBUG][http://oa.jklife.com:80 "GET /seeyon/bulData.do?method=bulView&bulId=-5462241895626224498 HTTP/1.1" 200 None]
[2019-09-16 11:34:51,405][ThreadPoolExecutor-0_3:22368][task_id:urllib3.connectionpool][connectionpool.py->_put_conn:274][WARNING][Connection pool is full, discarding connection: oa.jklife.com]
[2019-09-16 11:34:51,406][ThreadPoolExecutor-0_15:22436][task_id:urllib3.connectionpool][connectionpool.py->_make_request:393][DEBUG][http://oa.jklife.com:80 "GET /seeyon/bulData.do?method=bulView&bulId=-1577101620199142649 HTTP/1.1" 200 None]
[2019-09-16 11:34:51,406][ThreadPoolExecutor-0_13:4468][task_id:urllib3.connectionpool][connectionpool.py->_make_request:393][DEBUG][http://oa.jklife.com:80 "GET /seeyon/bulData.do?method=bulView&bulId=6383521880758437913 HTTP/1.1" 200 None]
[2019-09-16 11:34:51,407][ThreadPoolExecutor-0_18:22120][task_id:urllib3.connectionpool][connectionpool.py->_make_request:393][DEBUG][http://oa.jklife.com:80 "GET /seeyon/bulData.do?method=bulView&bulId=-1374716052734916871 HTTP/1.1" 200 None]
[2019-09-16 11:34:51,413][ThreadPoolExecutor-0_7:8968][task_id:urllib3.connectionpool][connectionpool.py->_put_conn:274][WARNING][Connection pool is full, discarding connection: oa.jklife.com]
[2019-09-16 11:34:51,414][ThreadPoolExecutor-0_14:21680][task_id:urllib3.connectionpool][connectionpool.py->_put_conn:274][WARNING][Connection pool is full, discarding connection: oa.jklife.com]
[2019-09-16 11:34:51,415][ThreadPoolExecutor-0_20:21768][task_id:urllib3.connectionpool][connectionpool.py->_put_conn:274][WARNING][Connection pool is full, discarding connection: oa.jklife.com]
[2019-09-16 11:34:51,416][ThreadPoolExecutor-0_16:21180][task_id:urllib3.connectionpool][connectionpool.py->_put_conn:274][WARNING][Connection pool is full, discarding connection: oa.jklife.com]
[2019-09-16 11:34:51,417][ThreadPoolExecutor-0_9:21564][task_id:urllib3.connectionpool][connectionpool.py->_put_conn:274][WARNING][Connection pool is full, discarding connection: oa.jklife.com]
[2019-09-16 11:34:51,421][ThreadPoolExecutor-0_4:21328][task_id:urllib3.connectionpool][connectionpool.py->_put_conn:274][WARNING][Connection pool is full, discarding connection: oa.jklife.com]
[2019-09-16 11:34:51,423][ThreadPoolExecutor-0_11:21600][task_id:urllib3.connectionpool][connectionpool.py->_put_conn:274][WARNING][Connection pool is full, discarding connection: oa.jklife.com]
[2019-09-16 11:34:51,424][ThreadPoolExecutor-0_24:21932][task_id:urllib3.connectionpool][connectionpool.py->_put_conn:274][WARNING][Connection pool is full, discarding connection: oa.jklife.com]
[2019-09-16 11:34:51,428][ThreadPoolExecutor-0_18:22120][task_id:urllib3.connectionpool][connectionpool.py->_put_conn:274][WARNING][Connection pool is full, discarding connection: oa.jklife.com]
[2019-09-16 11:34:51,434][ThreadPoolExecutor-0_15:22436][task_id:urllib3.connectionpool][connectionpool.py->_put_conn:274][WARNING][Connection pool is full, discarding connection: oa.jklife.com]
[2019-09-16 11:34:51,438][ThreadPoolExecutor-0_21:21636][task_id:urllib3.connectionpool][connectionpool.py->_make_request:393][DEBUG][http://oa.jklife.com:80 "GET /seeyon/bulData.do?method=bulView&bulId=-7439682607246783767 HTTP/1.1" 200 None]
[2019-09-16 11:34:51,439][ThreadPoolExecutor-0_21:21636][task_id:urllib3.connectionpool][connectionpool.py->_put_conn:274][WARNING][Connection pool is full, discarding connection: oa.jklife.com]
[2019-09-16 11:34:51,467][ThreadPoolExecutor-0_19:21752][task_id:xjLib.log][log.py-><listcomp>:128][DEBUG][d:/1/君保发〔2019〕118号关于徐建军同志职务聘任的通知 创建成功]
[2019-09-16 11:34:51,489][ThreadPoolExecutor-0_19:21752][task_id:urllib3.connectionpool][connectionpool.py->_make_request:393][DEBUG][http://oa.jklife.com:80 "GET /seeyon/bulData.do?method=bulView&bulId=-5140456856565890151 HTTP/1.1" 200 None]
[2019-09-16 11:34:51,522][ThreadPoolExecutor-0_0:19892][task_id:urllib3.connectionpool][connectionpool.py->_make_request:393][DEBUG][http://oa.jklife.com:80 "GET /seeyon/fileDownload.do?method=download&fileId=2192491193297948133&v=d29637dc63fc8714960790352df824c3&createDate=2019-09-12&filename=%E9%99%84%E4%BB%B6%EF%BC%9A%E5%90%9B%E5%BA%B7%E4%BA%BA%E5%AF%BF%E4%BF%9D%E9%99%A9%E8%82%A1%E4%BB%BD%E6%9C%89%E9%99%90%E5%85%AC%E5%8F%B8%E5%8D%B0%E7%AB%A0%E7%AE%A1%E7%90%86%E5%8A%9E%E6%B3%95.pdf HTTP/1.1" 302 0]
[2019-09-16 11:34:51,523][ThreadPoolExecutor-0_5:22496][task_id:xjLib.log][log.py-><listcomp>:128][DEBUG][d:/1/君保发〔2019〕117号关于下发《君康人寿银行保险序列岗位说明书》的通知 创建成功]
[2019-09-16 11:34:51,528][ThreadPoolExecutor-0_6:16952][task_id:urllib3.connectionpool][connectionpool.py->_make_request:393][DEBUG][http://oa.jklife.com:80 "GET /seeyon/fileDownload.do?method=download&fileId=-3792951255474812080&v=6ace1f93c3923f7d1a93d4e4dfddfa87&createDate=2019-08-27&filename=%E9%99%84%E4%BB%B6%EF%BC%9A%E5%90%9B%E5%BA%B7%E4%BA%BA%E5%AF%BF%E4%BF%9D%E9%99%A9%E8%82%A1%E4%BB%BD%E6%9C%89%E9%99%90%E5%85%AC%E5%8F%B8%E5%88%86%E6%94%AF%E6%9C%BA%E6%9E%84%E8%B4%A2%E5%8A%A1%E7%AE%A1%E7%90%86%E5%8A%9E%E6%B3%95.pdf HTTP/1.1" 302 0]
[2019-09-16 11:34:51,530][ThreadPoolExecutor-0_0:19892][task_id:xjLib.log][log.py-><listcomp>:128][DEBUG][/seeyon/fileDownload.do?method=doDownload&filename=%E9%99%84%E4%BB%B6%EF%BC%9A%E5%90%9B%E5%BA%B7%E4%BA%BA%E5%AF%BF%E4%BF%9D%E9%99%A9%E8%82%A1%E4%BB%BD%E6%9C%89%E9%99%90%E5%85%AC%E5%8F%B8%E5%8D%B0%E7%AB%A0%E7%AE%A1%E7%90%86%E5%8A%9E%E6%B3%95.pdf&v=d29637dc63fc8714960790352df824c3&fileId=2192491193297948133&createDate=2019-09-12&]
[2019-09-16 11:34:51,530][ThreadPoolExecutor-0_1:21252][task_id:urllib3.connectionpool][connectionpool.py->_make_request:393][DEBUG][http://oa.jklife.com:80 "GET /seeyon/fileDownload.do?method=download&fileId=-1027149085872667101&v=62405cd71c2041d1a3c7bdb515293cfd&createDate=2019-09-12&filename=%E9%99%84%E4%BB%B6%EF%BC%9A%E5%90%9B%E5%BA%B7%E4%BA%BA%E5%AF%BF%E4%BF%9D%E9%99%A9%E8%82%A1%E4%BB%BD%E6%9C%89%E9%99%90%E5%85%AC%E5%8F%B8%E8%AF%81%E7%85%A7%E7%AE%A1%E7%90%86%E5%8A%9E%E6%B3%95.pdf HTTP/1.1" 302 0]
[2019-09-16 11:34:51,543][ThreadPoolExecutor-0_6:16952][task_id:xjLib.log][log.py-><listcomp>:128][DEBUG][/seeyon/fileDownload.do?method=doDownload&filename=%E9%99%84%E4%BB%B6%EF%BC%9A%E5%90%9B%E5%BA%B7%E4%BA%BA%E5%AF%BF%E4%BF%9D%E9%99%A9%E8%82%A1%E4%BB%BD%E6%9C%89%E9%99%90%E5%85%AC%E5%8F%B8%E5%88%86%E6%94%AF%E6%9C%BA%E6%9E%84%E8%B4%A2%E5%8A%A1%E7%AE%A1%E7%90%86%E5%8A%9E%E6%B3%95.pdf&v=6ace1f93c3923f7d1a93d4e4dfddfa87&fileId=-3792951255474812080&createDate=2019-08-27&]
[2019-09-16 11:34:51,546][ThreadPoolExecutor-0_22:22312][task_id:urllib3.connectionpool][connectionpool.py->_make_request:393][DEBUG][http://oa.jklife.com:80 "GET /seeyon/fileDownload.do?method=download&fileId=5062757512759297014&v=3d9703b6aad35ac49cdcc3fda0496d7f&createDate=2019-07-04&filename=%E9%99%84%E4%BB%B6%EF%BC%9A%E5%90%9B%E5%BA%B7%E4%BA%BA%E5%AF%BF%E4%BF%9D%E9%99%A9%E8%82%A1%E4%BB%BD%E6%9C%89%E9%99%90%E5%85%AC%E5%8F%B8%E8%AE%A1%E7%AE%97%E6%9C%BA%E6%9C%BA%E6%88%BF%E7%AE%A1%E7%90%86%E5%8A%9E%E6%B3%95%EF%BC%88%E8%AF%95%E8%A1%8C%EF%BC%89.pdf HTTP/1.1" 302 0]
[2019-09-16 11:34:51,555][ThreadPoolExecutor-0_8:21232][task_id:xjLib.log][log.py-><listcomp>:128][DEBUG][d:/1/君保发〔2019〕116号关于下发《君康人寿保险股份有限公司理赔环节防保险欺诈管理办法（2019版）》的通知 创建成功]
[2019-09-16 11:34:51,557][ThreadPoolExecutor-0_1:21252][task_id:xjLib.log][log.py-><listcomp>:128][DEBUG][/seeyon/fileDownload.do?method=doDownload&filename=%E9%99%84%E4%BB%B6%EF%BC%9A%E5%90%9B%E5%BA%B7%E4%BA%BA%E5%AF%BF%E4%BF%9D%E9%99%A9%E8%82%A1%E4%BB%BD%E6%9C%89%E9%99%90%E5%85%AC%E5%8F%B8%E8%AF%81%E7%85%A7%E7%AE%A1%E7%90%86%E5%8A%9E%E6%B3%95.pdf&v=62405cd71c2041d1a3c7bdb515293cfd&fileId=-1027149085872667101&createDate=2019-09-12&]
[2019-09-16 11:34:51,557][ThreadPoolExecutor-0_22:22312][task_id:xjLib.log][log.py-><listcomp>:128][DEBUG][/seeyon/fileDownload.do?method=doDownload&filename=%E9%99%84%E4%BB%B6%EF%BC%9A%E5%90%9B%E5%BA%B7%E4%BA%BA%E5%AF%BF%E4%BF%9D%E9%99%A9%E8%82%A1%E4%BB%BD%E6%9C%89%E9%99%90%E5%85%AC%E5%8F%B8%E8%AE%A1%E7%AE%97%E6%9C%BA%E6%9C%BA%E6%88%BF%E7%AE%A1%E7%90%86%E5%8A%9E%E6%B3%95%EF%BC%88%E8%AF%95%E8%A1%8C%EF%BC%89.pdf&v=3d9703b6aad35ac49cdcc3fda0496d7f&fileId=5062757512759297014&createDate=2019-07-04&]
[2019-09-16 11:34:51,561][ThreadPoolExecutor-0_0:19892][task_id:urllib3.connectionpool][connectionpool.py->_make_request:393][DEBUG][http://oa.jklife.com:80 "GET /seeyon/fileDownload.do?method=doDownload&filename=%E9%99%84%E4%BB%B6%EF%BC%9A%E5%90%9B%E5%BA%B7%E4%BA%BA%E5%AF%BF%E4%BF%9D%E9%99%A9%E8%82%A1%E4%BB%BD%E6%9C%89%E9%99%90%E5%85%AC%E5%8F%B8%E5%8D%B0%E7%AB%A0%E7%AE%A1%E7%90%86%E5%8A%9E%E6%B3%95.pdf&v=d29637dc63fc8714960790352df824c3&fileId=2192491193297948133&createDate=2019-09-12& HTTP/1.1" 200 None]
[2019-09-16 11:34:51,567][ThreadPoolExecutor-0_2:15132][task_id:urllib3.connectionpool][connectionpool.py->_make_request:393][DEBUG][http://oa.jklife.com:80 "GET /seeyon/fileDownload.do?method=download&fileId=4455414290942807417&v=349a8f67e7c34080af190208e0de0128&createDate=2019-09-11&filename=%E9%99%84%E4%BB%B6%EF%BC%9A2019%E5%B9%B4%E9%87%91%E8%9E%8D%E8%81%94%E5%90%88%E6%95%99%E8%82%B2%E5%AE%A3%E4%BC%A0%E6%B4%BB%E5%8A%A8%E7%BB%9F%E8%AE%A1%E8%A1%A8.xls HTTP/1.1" 302 0]
[2019-09-16 11:34:51,568][ThreadPoolExecutor-0_5:22496][task_id:urllib3.connectionpool][connectionpool.py->_make_request:393][DEBUG][http://oa.jklife.com:80 "GET /seeyon/bulData.do?method=bulView&bulId=6836484786843305336 HTTP/1.1" 200 None]
[2019-09-16 11:34:51,571][ThreadPoolExecutor-0_6:16952][task_id:urllib3.connectionpool][connectionpool.py->_make_request:393][DEBUG][http://oa.jklife.com:80 "GET /seeyon/fileDownload.do?method=doDownload&filename=%E9%99%84%E4%BB%B6%EF%BC%9A%E5%90%9B%E5%BA%B7%E4%BA%BA%E5%AF%BF%E4%BF%9D%E9%99%A9%E8%82%A1%E4%BB%BD%E6%9C%89%E9%99%90%E5%85%AC%E5%8F%B8%E5%88%86%E6%94%AF%E6%9C%BA%E6%9E%84%E8%B4%A2%E5%8A%A1%E7%AE%A1%E7%90%86%E5%8A%9E%E6%B3%95.pdf&v=6ace1f93c3923f7d1a93d4e4dfddfa87&fileId=-3792951255474812080&createDate=2019-08-27& HTTP/1.1" 200 None]
[2019-09-16 11:34:51,582][ThreadPoolExecutor-0_2:15132][task_id:xjLib.log][log.py-><listcomp>:128][DEBUG][/seeyon/fileDownload.do?method=doDownload&filename=%E9%99%84%E4%BB%B6%EF%BC%9A2019%E5%B9%B4%E9%87%91%E8%9E%8D%E8%81%94%E5%90%88%E6%95%99%E8%82%B2%E5%AE%A3%E4%BC%A0%E6%B4%BB%E5%8A%A8%E7%BB%9F%E8%AE%A1%E8%A1%A8.xls&v=349a8f67e7c34080af190208e0de0128&fileId=4455414290942807417&createDate=2019-09-11&]
[2019-09-16 11:34:51,590][ThreadPoolExecutor-0_1:21252][task_id:urllib3.connectionpool][connectionpool.py->_make_request:393][DEBUG][http://oa.jklife.com:80 "GET /seeyon/fileDownload.do?method=doDownload&filename=%E9%99%84%E4%BB%B6%EF%BC%9A%E5%90%9B%E5%BA%B7%E4%BA%BA%E5%AF%BF%E4%BF%9D%E9%99%A9%E8%82%A1%E4%BB%BD%E6%9C%89%E9%99%90%E5%85%AC%E5%8F%B8%E8%AF%81%E7%85%A7%E7%AE%A1%E7%90%86%E5%8A%9E%E6%B3%95.pdf&v=62405cd71c2041d1a3c7bdb515293cfd&fileId=-1027149085872667101&createDate=2019-09-12& HTTP/1.1" 200 None]
[2019-09-16 11:34:51,592][ThreadPoolExecutor-0_22:22312][task_id:urllib3.connectionpool][connectionpool.py->_make_request:393][DEBUG][http://oa.jklife.com:80 "GET /seeyon/fileDownload.do?method=doDownload&filename=%E9%99%84%E4%BB%B6%EF%BC%9A%E5%90%9B%E5%BA%B7%E4%BA%BA%E5%AF%BF%E4%BF%9D%E9%99%A9%E8%82%A1%E4%BB%BD%E6%9C%89%E9%99%90%E5%85%AC%E5%8F%B8%E8%AE%A1%E7%AE%97%E6%9C%BA%E6%9C%BA%E6%88%BF%E7%AE%A1%E7%90%86%E5%8A%9E%E6%B3%95%EF%BC%88%E8%AF%95%E8%A1%8C%EF%BC%89.pdf&v=3d9703b6aad35ac49cdcc3fda0496d7f&fileId=5062757512759297014&createDate=2019-07-04& HTTP/1.1" 200 None]
[2019-09-16 11:34:51,612][ThreadPoolExecutor-0_3:22368][task_id:xjLib.log][log.py-><listcomp>:128][DEBUG][d:/1/君保发〔2019〕115号关于下发《君康人寿保险股份有限公司经代渠道经理基本管理办法（2019版）》的通知 创建成功]
[2019-09-16 11:34:51,629][ThreadPoolExecutor-0_7:8968][task_id:urllib3.connectionpool][connectionpool.py->_new_conn:205][DEBUG][Starting new HTTP connection (26): oa.jklife.com:80]
[2019-09-16 11:34:51,631][ThreadPoolExecutor-0_14:21680][task_id:urllib3.connectionpool][connectionpool.py->_new_conn:205][DEBUG][Starting new HTTP connection (27): oa.jklife.com:80]
[2019-09-16 11:34:51,637][ThreadPoolExecutor-0_9:21564][task_id:urllib3.connectionpool][connectionpool.py->_new_conn:205][DEBUG][Starting new HTTP connection (28): oa.jklife.com:80]
[2019-09-16 11:34:51,641][ThreadPoolExecutor-0_2:15132][task_id:urllib3.connectionpool][connectionpool.py->_make_request:393][DEBUG][http://oa.jklife.com:80 "GET /seeyon/fileDownload.do?method=doDownload&filename=%E9%99%84%E4%BB%B6%EF%BC%9A2019%E5%B9%B4%E9%87%91%E8%9E%8D%E8%81%94%E5%90%88%E6%95%99%E8%82%B2%E5%AE%A3%E4%BC%A0%E6%B4%BB%E5%8A%A8%E7%BB%9F%E8%AE%A1%E8%A1%A8.xls&v=349a8f67e7c34080af190208e0de0128&fileId=4455414290942807417&createDate=2019-09-11& HTTP/1.1" 200 None]
[2019-09-16 11:34:51,644][ThreadPoolExecutor-0_20:21768][task_id:urllib3.connectionpool][connectionpool.py->_new_conn:205][DEBUG][Starting new HTTP connection (29): oa.jklife.com:80]
[2019-09-16 11:34:51,645][ThreadPoolExecutor-0_17:21868][task_id:urllib3.connectionpool][connectionpool.py->_make_request:393][DEBUG][http://oa.jklife.com:80 "GET /seeyon/fileDownload.do?method=download&fileId=5189599144028883074&v=7b16ac6f1e601bdbfb5dfaa55d5d6bc4&createDate=2019-07-09&filename=%E9%99%84%E4%BB%B6%EF%BC%9A%E5%90%9B%E5%BA%B7%E4%BA%BA%E5%AF%BF%E4%BF%9D%E9%99%A9%E8%82%A1%E4%BB%BD%E6%9C%89%E9%99%90%E5%85%AC%E5%8F%B8%E4%BF%A1%E6%81%AF%E7%B3%BB%E7%BB%9F%E9%9C%80%E6%B1%82%E7%AE%A1%E7%90%86%E5%8A%9E%E6%B3%95%EF%BC%88%E8%AF%95%E8%A1%8C%EF%BC%89.pdf HTTP/1.1" 302 0]
[2019-09-16 11:34:51,646][ThreadPoolExecutor-0_23:21588][task_id:urllib3.connectionpool][connectionpool.py->_make_request:393][DEBUG][http://oa.jklife.com:80 "GET /seeyon/fileDownload.do?method=download&fileId=4278011164814166316&v=3cc9da404791c0978c86624c8b652305&createDate=2019-07-04&filename=%E9%99%84%E4%BB%B6%EF%BC%9A%E5%90%9B%E5%BA%B7%E4%BA%BA%E5%AF%BF%E4%BF%9D%E9%99%A9%E8%82%A1%E4%BB%BD%E6%9C%89%E9%99%90%E5%85%AC%E5%8F%B8%E4%BA%A7%E5%93%81%E5%BC%80%E5%8F%91%E5%8F%8A%E7%AE%A1%E7%90%86%E5%8A%9E%E6%B3%95%EF%BC%882019%E7%89%88%EF%BC%89.pdf HTTP/1.1" 302 0]
[2019-09-16 11:34:51,646][ThreadPoolExecutor-0_8:21232][task_id:urllib3.connectionpool][connectionpool.py->_make_request:393][DEBUG][http://oa.jklife.com:80 "GET /seeyon/bulData.do?method=bulView&bulId=-9102890743753062703 HTTP/1.1" 200 None]
[2019-09-16 11:34:51,657][ThreadPoolExecutor-0_17:21868][task_id:xjLib.log][log.py-><listcomp>:128][DEBUG][/seeyon/fileDownload.do?method=doDownload&filename=%E9%99%84%E4%BB%B6%EF%BC%9A%E5%90%9B%E5%BA%B7%E4%BA%BA%E5%AF%BF%E4%BF%9D%E9%99%A9%E8%82%A1%E4%BB%BD%E6%9C%89%E9%99%90%E5%85%AC%E5%8F%B8%E4%BF%A1%E6%81%AF%E7%B3%BB%E7%BB%9F%E9%9C%80%E6%B1%82%E7%AE%A1%E7%90%86%E5%8A%9E%E6%B3%95%EF%BC%88%E8%AF%95%E8%A1%8C%EF%BC%89.pdf&v=7b16ac6f1e601bdbfb5dfaa55d5d6bc4&fileId=5189599144028883074&createDate=2019-07-09&]
[2019-09-16 11:34:51,667][ThreadPoolExecutor-0_23:21588][task_id:xjLib.log][log.py-><listcomp>:128][DEBUG][/seeyon/fileDownload.do?method=doDownload&filename=%E9%99%84%E4%BB%B6%EF%BC%9A%E5%90%9B%E5%BA%B7%E4%BA%BA%E5%AF%BF%E4%BF%9D%E9%99%A9%E8%82%A1%E4%BB%BD%E6%9C%89%E9%99%90%E5%85%AC%E5%8F%B8%E4%BA%A7%E5%93%81%E5%BC%80%E5%8F%91%E5%8F%8A%E7%AE%A1%E7%90%86%E5%8A%9E%E6%B3%95%EF%BC%882019%E7%89%88%EF%BC%89.pdf&v=3cc9da404791c0978c86624c8b652305&fileId=4278011164814166316&createDate=2019-07-04&]
[2019-09-16 11:34:51,678][ThreadPoolExecutor-0_11:21600][task_id:xjLib.log][log.py-><listcomp>:128][DEBUG][d:/1/君保发〔2019〕114号关于停售君康安福意外伤害医疗保险等4款产品的通知 创建成功]
[2019-09-16 11:34:51,680][ThreadPoolExecutor-0_3:22368][task_id:urllib3.connectionpool][connectionpool.py->_make_request:393][DEBUG][http://oa.jklife.com:80 "GET /seeyon/bulData.do?method=bulView&bulId=-5489278155385254522 HTTP/1.1" 200 None]
[2019-09-16 11:34:51,688][ThreadPoolExecutor-0_11:21600][task_id:urllib3.connectionpool][connectionpool.py->_new_conn:205][DEBUG][Starting new HTTP connection (30): oa.jklife.com:80]
[2019-09-16 11:34:51,690][ThreadPoolExecutor-0_24:21932][task_id:urllib3.connectionpool][connectionpool.py->_new_conn:205][DEBUG][Starting new HTTP connection (31): oa.jklife.com:80]
[2019-09-16 11:34:51,699][ThreadPoolExecutor-0_16:21180][task_id:urllib3.connectionpool][connectionpool.py->_make_request:393][DEBUG][http://oa.jklife.com:80 "GET /seeyon/fileDownload.do?method=download&fileId=-4708177141132144888&v=d10627eec5eac610a1c8eda9ef223d4b&createDate=2019-07-09&filename=%E9%99%84%E4%BB%B6%EF%BC%9A%E5%90%9B%E5%BA%B7%E4%BA%BA%E5%AF%BF%E4%BF%9D%E9%99%A9%E8%82%A1%E4%BB%BD%E6%9C%89%E9%99%90%E5%85%AC%E5%8F%B8%E7%94%B5%E5%AD%90%E9%82%AE%E4%BB%B6%E7%AE%A1%E7%90%86%E5%8A%9E%E6%B3%95%EF%BC%88%E8%AF%95%E8%A1%8C%EF%BC%89.pdf HTTP/1.1" 302 0]
[2019-09-16 11:34:51,701][ThreadPoolExecutor-0_17:21868][task_id:urllib3.connectionpool][connectionpool.py->_make_request:393][DEBUG][http://oa.jklife.com:80 "GET /seeyon/fileDownload.do?method=doDownload&filename=%E9%99%84%E4%BB%B6%EF%BC%9A%E5%90%9B%E5%BA%B7%E4%BA%BA%E5%AF%BF%E4%BF%9D%E9%99%A9%E8%82%A1%E4%BB%BD%E6%9C%89%E9%99%90%E5%85%AC%E5%8F%B8%E4%BF%A1%E6%81%AF%E7%B3%BB%E7%BB%9F%E9%9C%80%E6%B1%82%E7%AE%A1%E7%90%86%E5%8A%9E%E6%B3%95%EF%BC%88%E8%AF%95%E8%A1%8C%EF%BC%89.pdf&v=7b16ac6f1e601bdbfb5dfaa55d5d6bc4&fileId=5189599144028883074&createDate=2019-07-09& HTTP/1.1" 200 None]
[2019-09-16 11:34:51,708][ThreadPoolExecutor-0_14:21680][task_id:urllib3.connectionpool][connectionpool.py->_make_request:393][DEBUG][http://oa.jklife.com:80 "GET /seeyon/fileDownload.do?method=download&fileId=-8438081161883662425&v=307818bfa6b90448f96f0c49ce1d557c&createDate=2019-07-17&filename=%E9%99%84%E4%BB%B6%EF%BC%9A%E5%90%9B%E5%BA%B7%E4%BA%BA%E5%AF%BF%E4%BF%9D%E9%99%A9%E8%82%A1%E4%BB%BD%E6%9C%89%E9%99%90%E5%85%AC%E5%8F%B8%E4%BF%A1%E8%AE%BF%E6%8A%95%E8%AF%89%E7%AE%A1%E7%90%86%E5%8A%9E%E6%B3%95.pdf HTTP/1.1" 302 0]
[2019-09-16 11:34:51,708][ThreadPoolExecutor-0_23:21588][task_id:urllib3.connectionpool][connectionpool.py->_make_request:393][DEBUG][http://oa.jklife.com:80 "GET /seeyon/fileDownload.do?method=doDownload&filename=%E9%99%84%E4%BB%B6%EF%BC%9A%E5%90%9B%E5%BA%B7%E4%BA%BA%E5%AF%BF%E4%BF%9D%E9%99%A9%E8%82%A1%E4%BB%BD%E6%9C%89%E9%99%90%E5%85%AC%E5%8F%B8%E4%BA%A7%E5%93%81%E5%BC%80%E5%8F%91%E5%8F%8A%E7%AE%A1%E7%90%86%E5%8A%9E%E6%B3%95%EF%BC%882019%E7%89%88%EF%BC%89.pdf&v=3cc9da404791c0978c86624c8b652305&fileId=4278011164814166316&createDate=2019-07-04& HTTP/1.1" 200 None]
[2019-09-16 11:34:51,715][ThreadPoolExecutor-0_21:21636][task_id:urllib3.connectionpool][connectionpool.py->_new_conn:205][DEBUG][Starting new HTTP connection (32): oa.jklife.com:80]
[2019-09-16 11:34:51,716][ThreadPoolExecutor-0_16:21180][task_id:xjLib.log][log.py-><listcomp>:128][DEBUG][/seeyon/fileDownload.do?method=doDownload&filename=%E9%99%84%E4%BB%B6%EF%BC%9A%E5%90%9B%E5%BA%B7%E4%BA%BA%E5%AF%BF%E4%BF%9D%E9%99%A9%E8%82%A1%E4%BB%BD%E6%9C%89%E9%99%90%E5%85%AC%E5%8F%B8%E7%94%B5%E5%AD%90%E9%82%AE%E4%BB%B6%E7%AE%A1%E7%90%86%E5%8A%9E%E6%B3%95%EF%BC%88%E8%AF%95%E8%A1%8C%EF%BC%89.pdf&v=d10627eec5eac610a1c8eda9ef223d4b&fileId=-4708177141132144888&createDate=2019-07-09&]
[2019-09-16 11:34:51,719][ThreadPoolExecutor-0_9:21564][task_id:urllib3.connectionpool][connectionpool.py->_make_request:393][DEBUG][http://oa.jklife.com:80 "GET /seeyon/fileDownload.do?method=download&fileId=1635593835380623609&v=e03114412f71b5e9a7e6f7a36f97ef9f&createDate=2019-08-08&filename=%E9%99%84%E4%BB%B61%EF%BC%9A%E5%90%9B%E5%BA%B7%E4%BA%BA%E5%AF%BF%E4%BF%9D%E9%99%A9%E8%82%A1%E4%BB%BD%E6%9C%89%E9%99%90%E5%85%AC%E5%8F%B8%E8%B5%84%E4%BA%A7%E8%B4%9F%E5%80%BA%E7%AE%A1%E7%90%86%E6%89%A7%E8%A1%8C%E5%A7%94%E5%91%98%E4%BC%9A%E7%AE%A1%E7%90%86%E5%8A%9E%E6%B3%95.pdf HTTP/1.1" 302 0]
[2019-09-16 11:34:51,724][ThreadPoolExecutor-0_14:21680][task_id:xjLib.log][log.py-><listcomp>:128][DEBUG][/seeyon/fileDownload.do?method=doDownload&filename=%E9%99%84%E4%BB%B6%EF%BC%9A%E5%90%9B%E5%BA%B7%E4%BA%BA%E5%AF%BF%E4%BF%9D%E9%99%A9%E8%82%A1%E4%BB%BD%E6%9C%89%E9%99%90%E5%85%AC%E5%8F%B8%E4%BF%A1%E8%AE%BF%E6%8A%95%E8%AF%89%E7%AE%A1%E7%90%86%E5%8A%9E%E6%B3%95.pdf&v=307818bfa6b90448f96f0c49ce1d557c&fileId=-8438081161883662425&createDate=2019-07-17&]
[2019-09-16 11:34:51,728][ThreadPoolExecutor-0_18:22120][task_id:urllib3.connectionpool][connectionpool.py->_make_request:393][DEBUG][http://oa.jklife.com:80 "GET /seeyon/fileDownload.do?method=download&fileId=-8973049985525724207&v=b6de67bf50c305d462d5ded50c5f6e9e&createDate=2019-07-08&filename=%E9%99%84%E4%BB%B6%EF%BC%9A%E5%90%9B%E5%BA%B7%E4%BA%BA%E5%AF%BF%E4%BF%9D%E9%99%A9%E8%82%A1%E4%BB%BD%E6%9C%89%E9%99%90%E5%85%AC%E5%8F%B8%E8%BD%A6%E8%BE%86%E7%AE%A1%E7%90%86%E5%8A%9E%E6%B3%95.pdf HTTP/1.1" 302 0]
[2019-09-16 11:34:51,742][ThreadPoolExecutor-0_14:21680][task_id:urllib3.connectionpool][connectionpool.py->_new_conn:205][DEBUG][Starting new HTTP connection (33): oa.jklife.com:80]
[2019-09-16 11:34:51,745][ThreadPoolExecutor-0_20:21768][task_id:urllib3.connectionpool][connectionpool.py->_make_request:393][DEBUG][http://oa.jklife.com:80 "GET /seeyon/fileDownload.do?method=download&fileId=-8050011887380314150&v=40bf3f286fa23389f2040ab3deb29ddf&createDate=2019-07-04&filename=%E9%99%84%E4%BB%B6%EF%BC%9A%E5%90%9B%E5%BA%B7%E4%BA%BA%E5%AF%BF%E4%BF%9D%E9%99%A9%E8%82%A1%E4%BB%BD%E6%9C%89%E9%99%90%E5%85%AC%E5%8F%B8%E5%8A%9E%E5%85%AC%E8%81%8C%E5%9C%BA%E7%AE%A1%E7%90%86%E5%8A%9E%E6%B3%95.pdf HTTP/1.1" 302 0]
[2019-09-16 11:34:51,745][ThreadPoolExecutor-0_9:21564][task_id:xjLib.log][log.py-><listcomp>:128][DEBUG][/seeyon/fileDownload.do?method=doDownload&filename=%E9%99%84%E4%BB%B61%EF%BC%9A%E5%90%9B%E5%BA%B7%E4%BA%BA%E5%AF%BF%E4%BF%9D%E9%99%A9%E8%82%A1%E4%BB%BD%E6%9C%89%E9%99%90%E5%85%AC%E5%8F%B8%E8%B5%84%E4%BA%A7%E8%B4%9F%E5%80%BA%E7%AE%A1%E7%90%86%E6%89%A7%E8%A1%8C%E5%A7%94%E5%91%98%E4%BC%9A%E7%AE%A1%E7%90%86%E5%8A%9E%E6%B3%95.pdf&v=e03114412f71b5e9a7e6f7a36f97ef9f&fileId=1635593835380623609&createDate=2019-08-08&]
[2019-09-16 11:34:51,747][ThreadPoolExecutor-0_15:22436][task_id:urllib3.connectionpool][connectionpool.py->_make_request:393][DEBUG][http://oa.jklife.com:80 "GET /seeyon/fileDownload.do?method=download&fileId=-8900371509566223694&v=6c9591f18e53eefd8e1de6e453368584&createDate=2019-07-10&filename=%E9%99%84%E4%BB%B6%EF%BC%9A%E5%90%9B%E5%BA%B7%E4%BA%BA%E5%AF%BF%E4%BF%9D%E9%99%A9%E8%82%A1%E4%BB%BD%E6%9C%89%E9%99%90%E5%85%AC%E5%8F%B8%E8%B5%84%E4%BA%A7%E9%85%8D%E7%BD%AE%E6%A8%A1%E5%9E%8B%E7%AE%A1%E7%90%86%E5%8A%9E%E6%B3%95.pdf HTTP/1.1" 302 0]
[2019-09-16 11:34:51,748][ThreadPoolExecutor-0_18:22120][task_id:xjLib.log][log.py-><listcomp>:128][DEBUG][/seeyon/fileDownload.do?method=doDownload&filename=%E9%99%84%E4%BB%B6%EF%BC%9A%E5%90%9B%E5%BA%B7%E4%BA%BA%E5%AF%BF%E4%BF%9D%E9%99%A9%E8%82%A1%E4%BB%BD%E6%9C%89%E9%99%90%E5%85%AC%E5%8F%B8%E8%BD%A6%E8%BE%86%E7%AE%A1%E7%90%86%E5%8A%9E%E6%B3%95.pdf&v=b6de67bf50c305d462d5ded50c5f6e9e&fileId=-8973049985525724207&createDate=2019-07-08&]
[2019-09-16 11:34:51,762][ThreadPoolExecutor-0_24:21932][task_id:urllib3.connectionpool][connectionpool.py->_make_request:393][DEBUG][http://oa.jklife.com:80 "GET /seeyon/fileDownload.do?method=download&fileId=4223747679817517977&v=f63507a35db33ad7690d539bc172154c&createDate=2019-07-02&filename=%E9%99%84%E4%BB%B6%EF%BC%9A%E5%90%9B%E5%BA%B7%E4%BA%BA%E5%AF%BF%E4%BF%9D%E9%99%A9%E8%82%A1%E4%BB%BD%E6%9C%89%E9%99%90%E5%85%AC%E5%8F%B8%E6%96%B0%E5%8D%95%E5%9B%9E%E8%AE%BF%E5%8D%8F%E5%8A%9E%E4%BB%B6%E5%A4%84%E7%90%86%E8%A7%84%E5%AE%9A%EF%BC%882019%E4%BF%AE%E8%AE%A2%E7%89%88%EF%BC%89.pdf HTTP/1.1" 302 0]
[2019-09-16 11:34:51,763][ThreadPoolExecutor-0_20:21768][task_id:xjLib.log][log.py-><listcomp>:128][DEBUG][/seeyon/fileDownload.do?method=doDownload&filename=%E9%99%84%E4%BB%B6%EF%BC%9A%E5%90%9B%E5%BA%B7%E4%BA%BA%E5%AF%BF%E4%BF%9D%E9%99%A9%E8%82%A1%E4%BB%BD%E6%9C%89%E9%99%90%E5%85%AC%E5%8F%B8%E5%8A%9E%E5%85%AC%E8%81%8C%E5%9C%BA%E7%AE%A1%E7%90%86%E5%8A%9E%E6%B3%95.pdf&v=40bf3f286fa23389f2040ab3deb29ddf&fileId=-8050011887380314150&createDate=2019-07-04&]
[2019-09-16 11:34:51,764][ThreadPoolExecutor-0_15:22436][task_id:xjLib.log][log.py-><listcomp>:128][DEBUG][/seeyon/fileDownload.do?method=doDownload&filename=%E9%99%84%E4%BB%B6%EF%BC%9A%E5%90%9B%E5%BA%B7%E4%BA%BA%E5%AF%BF%E4%BF%9D%E9%99%A9%E8%82%A1%E4%BB%BD%E6%9C%89%E9%99%90%E5%85%AC%E5%8F%B8%E8%B5%84%E4%BA%A7%E9%85%8D%E7%BD%AE%E6%A8%A1%E5%9E%8B%E7%AE%A1%E7%90%86%E5%8A%9E%E6%B3%95.pdf&v=6c9591f18e53eefd8e1de6e453368584&fileId=-8900371509566223694&createDate=2019-07-10&]
[2019-09-16 11:34:51,772][ThreadPoolExecutor-0_11:21600][task_id:urllib3.connectionpool][connectionpool.py->_make_request:393][DEBUG][http://oa.jklife.com:80 "GET /seeyon/bulData.do?method=bulView&bulId=3205549785638587378 HTTP/1.1" 200 None]
[2019-09-16 11:34:51,784][ThreadPoolExecutor-0_24:21932][task_id:xjLib.log][log.py-><listcomp>:128][DEBUG][/seeyon/fileDownload.do?method=doDownload&filename=%E9%99%84%E4%BB%B6%EF%BC%9A%E5%90%9B%E5%BA%B7%E4%BA%BA%E5%AF%BF%E4%BF%9D%E9%99%A9%E8%82%A1%E4%BB%BD%E6%9C%89%E9%99%90%E5%85%AC%E5%8F%B8%E6%96%B0%E5%8D%95%E5%9B%9E%E8%AE%BF%E5%8D%8F%E5%8A%9E%E4%BB%B6%E5%A4%84%E7%90%86%E8%A7%84%E5%AE%9A%EF%BC%882019%E4%BF%AE%E8%AE%A2%E7%89%88%EF%BC%89.pdf&v=f63507a35db33ad7690d539bc172154c&fileId=4223747679817517977&createDate=2019-07-02&]
[2019-09-16 11:34:51,784][ThreadPoolExecutor-0_4:21328][task_id:urllib3.connectionpool][connectionpool.py->_make_request:393][DEBUG][http://oa.jklife.com:80 "GET /seeyon/fileDownload.do?method=download&fileId=6321038102292874019&v=6f025e7cfc69a0ce43ba3807b7fe0e2d&createDate=2019-08-29&filename=%E9%99%84%E4%BB%B6%EF%BC%9A%E5%90%9B%E5%BA%B7%E4%BA%BA%E5%AF%BF%E4%BF%9D%E9%99%A9%E8%82%A1%E4%BB%BD%E6%9C%89%E9%99%90%E5%85%AC%E5%8F%B8%E5%AE%A2%E6%88%B7%E4%BF%A1%E6%81%AF%E7%9C%9F%E5%AE%9E%E6%80%A7%E7%AE%A1%E7%90%86%E5%8A%9E%E6%B3%95.pdf HTTP/1.1" 302 0]
[2019-09-16 11:34:51,784][ThreadPoolExecutor-0_16:21180][task_id:urllib3.connectionpool][connectionpool.py->_make_request:393][DEBUG][http://oa.jklife.com:80 "GET /seeyon/fileDownload.do?method=doDownload&filename=%E9%99%84%E4%BB%B6%EF%BC%9A%E5%90%9B%E5%BA%B7%E4%BA%BA%E5%AF%BF%E4%BF%9D%E9%99%A9%E8%82%A1%E4%BB%BD%E6%9C%89%E9%99%90%E5%85%AC%E5%8F%B8%E7%94%B5%E5%AD%90%E9%82%AE%E4%BB%B6%E7%AE%A1%E7%90%86%E5%8A%9E%E6%B3%95%EF%BC%88%E8%AF%95%E8%A1%8C%EF%BC%89.pdf&v=d10627eec5eac610a1c8eda9ef223d4b&fileId=-4708177141132144888&createDate=2019-07-09& HTTP/1.1" 200 None]
[2019-09-16 11:34:51,785][ThreadPoolExecutor-0_0:19892][task_id:xjLib.log][log.py-><listcomp>:128][DEBUG][d:/1/君保发〔2019〕112号关于下发2019年“7.8全国保险公众宣传日”活动方案及指导意见的通知 创建成功]
[2019-09-16 11:34:51,787][ThreadPoolExecutor-0_19:21752][task_id:xjLib.log][log.py-><listcomp>:128][DEBUG][d:/1/君保发〔2019〕111号关于下发《君康人寿保险股份有限公司多元业务服务人员基本管理办法（2019试行版）》的通知 创建成功]
[2019-09-16 11:34:51,799][ThreadPoolExecutor-0_4:21328][task_id:xjLib.log][log.py-><listcomp>:128][DEBUG][/seeyon/fileDownload.do?method=doDownload&filename=%E9%99%84%E4%BB%B6%EF%BC%9A%E5%90%9B%E5%BA%B7%E4%BA%BA%E5%AF%BF%E4%BF%9D%E9%99%A9%E8%82%A1%E4%BB%BD%E6%9C%89%E9%99%90%E5%85%AC%E5%8F%B8%E5%AE%A2%E6%88%B7%E4%BF%A1%E6%81%AF%E7%9C%9F%E5%AE%9E%E6%80%A7%E7%AE%A1%E7%90%86%E5%8A%9E%E6%B3%95.pdf&v=6f025e7cfc69a0ce43ba3807b7fe0e2d&fileId=6321038102292874019&createDate=2019-08-29&]
[2019-09-16 11:34:51,803][ThreadPoolExecutor-0_9:21564][task_id:urllib3.connectionpool][connectionpool.py->_make_request:393][DEBUG][http://oa.jklife.com:80 "GET /seeyon/fileDownload.do?method=download&fileId=-6179934033287494968&v=d9a43eaeefd24c5126b8fb4c71d48299&createDate=2019-08-08&filename=%E9%99%84%E4%BB%B62%EF%BC%9A%E5%90%9B%E5%BA%B7%E4%BA%BA%E5%AF%BF%E4%BF%9D%E9%99%A9%E8%82%A1%E4%BB%BD%E6%9C%89%E9%99%90%E5%85%AC%E5%8F%B8%E6%8A%95%E8%B5%84%E5%86%B3%E7%AD%96%E6%89%A7%E8%A1%8C%E5%A7%94%E5%91%98%E4%BC%9A%E7%AE%A1%E7%90%86%E5%8A%9E%E6%B3%95.pdf HTTP/1.1" 302 0]
[2019-09-16 11:34:51,805][ThreadPoolExecutor-0_18:22120][task_id:urllib3.connectionpool][connectionpool.py->_make_request:393][DEBUG][http://oa.jklife.com:80 "GET /seeyon/fileDownload.do?method=doDownload&filename=%E9%99%84%E4%BB%B6%EF%BC%9A%E5%90%9B%E5%BA%B7%E4%BA%BA%E5%AF%BF%E4%BF%9D%E9%99%A9%E8%82%A1%E4%BB%BD%E6%9C%89%E9%99%90%E5%85%AC%E5%8F%B8%E8%BD%A6%E8%BE%86%E7%AE%A1%E7%90%86%E5%8A%9E%E6%B3%95.pdf&v=b6de67bf50c305d462d5ded50c5f6e9e&fileId=-8973049985525724207&createDate=2019-07-08& HTTP/1.1" 200 None]
[2019-09-16 11:34:51,805][ThreadPoolExecutor-0_21:21636][task_id:urllib3.connectionpool][connectionpool.py->_make_request:393][DEBUG][http://oa.jklife.com:80 "GET /seeyon/fileDownload.do?method=download&fileId=1262399436340152376&v=52b8cd2ca407f16ec195872a0d7891c0&createDate=2019-07-18&filename=%E9%99%84%E4%BB%B61%EF%BC%9A%E6%96%B0%E4%BA%A7%E5%93%81%E6%9D%A1%E6%AC%BE.rar HTTP/1.1" 302 0]
[2019-09-16 11:34:51,816][ThreadPoolExecutor-0_4:21328][task_id:urllib3.connectionpool][connectionpool.py->_new_conn:205][DEBUG][Starting new HTTP connection (34): oa.jklife.com:80]
[2019-09-16 11:34:51,821][ThreadPoolExecutor-0_20:21768][task_id:urllib3.connectionpool][connectionpool.py->_make_request:393][DEBUG][http://oa.jklife.com:80 "GET /seeyon/fileDownload.do?method=doDownload&filename=%E9%99%84%E4%BB%B6%EF%BC%9A%E5%90%9B%E5%BA%B7%E4%BA%BA%E5%AF%BF%E4%BF%9D%E9%99%A9%E8%82%A1%E4%BB%BD%E6%9C%89%E9%99%90%E5%85%AC%E5%8F%B8%E5%8A%9E%E5%85%AC%E8%81%8C%E5%9C%BA%E7%AE%A1%E7%90%86%E5%8A%9E%E6%B3%95.pdf&v=40bf3f286fa23389f2040ab3deb29ddf&fileId=-8050011887380314150&createDate=2019-07-04& HTTP/1.1" 200 None]
[2019-09-16 11:34:51,825][ThreadPoolExecutor-0_15:22436][task_id:urllib3.connectionpool][connectionpool.py->_make_request:393][DEBUG][http://oa.jklife.com:80 "GET /seeyon/fileDownload.do?method=doDownload&filename=%E9%99%84%E4%BB%B6%EF%BC%9A%E5%90%9B%E5%BA%B7%E4%BA%BA%E5%AF%BF%E4%BF%9D%E9%99%A9%E8%82%A1%E4%BB%BD%E6%9C%89%E9%99%90%E5%85%AC%E5%8F%B8%E8%B5%84%E4%BA%A7%E9%85%8D%E7%BD%AE%E6%A8%A1%E5%9E%8B%E7%AE%A1%E7%90%86%E5%8A%9E%E6%B3%95.pdf&v=6c9591f18e53eefd8e1de6e453368584&fileId=-8900371509566223694&createDate=2019-07-10& HTTP/1.1" 200 None]
[2019-09-16 11:34:51,825][ThreadPoolExecutor-0_9:21564][task_id:xjLib.log][log.py-><listcomp>:128][DEBUG][/seeyon/fileDownload.do?method=doDownload&filename=%E9%99%84%E4%BB%B62%EF%BC%9A%E5%90%9B%E5%BA%B7%E4%BA%BA%E5%AF%BF%E4%BF%9D%E9%99%A9%E8%82%A1%E4%BB%BD%E6%9C%89%E9%99%90%E5%85%AC%E5%8F%B8%E6%8A%95%E8%B5%84%E5%86%B3%E7%AD%96%E6%89%A7%E8%A1%8C%E5%A7%94%E5%91%98%E4%BC%9A%E7%AE%A1%E7%90%86%E5%8A%9E%E6%B3%95.pdf&v=d9a43eaeefd24c5126b8fb4c71d48299&fileId=-6179934033287494968&createDate=2019-08-08&]
[2019-09-16 11:34:51,832][ThreadPoolExecutor-0_21:21636][task_id:xjLib.log][log.py-><listcomp>:128][DEBUG][/seeyon/fileDownload.do?method=doDownload&filename=%E9%99%84%E4%BB%B61%EF%BC%9A%E6%96%B0%E4%BA%A7%E5%93%81%E6%9D%A1%E6%AC%BE.rar&v=52b8cd2ca407f16ec195872a0d7891c0&fileId=1262399436340152376&createDate=2019-07-18&]
[2019-09-16 11:34:51,839][ThreadPoolExecutor-0_24:21932][task_id:urllib3.connectionpool][connectionpool.py->_make_request:393][DEBUG][http://oa.jklife.com:80 "GET /seeyon/fileDownload.do?method=doDownload&filename=%E9%99%84%E4%BB%B6%EF%BC%9A%E5%90%9B%E5%BA%B7%E4%BA%BA%E5%AF%BF%E4%BF%9D%E9%99%A9%E8%82%A1%E4%BB%BD%E6%9C%89%E9%99%90%E5%85%AC%E5%8F%B8%E6%96%B0%E5%8D%95%E5%9B%9E%E8%AE%BF%E5%8D%8F%E5%8A%9E%E4%BB%B6%E5%A4%84%E7%90%86%E8%A7%84%E5%AE%9A%EF%BC%882019%E4%BF%AE%E8%AE%A2%E7%89%88%EF%BC%89.pdf&v=f63507a35db33ad7690d539bc172154c&fileId=4223747679817517977&createDate=2019-07-02& HTTP/1.1" 200 None]
[2019-09-16 11:34:51,845][ThreadPoolExecutor-0_21:21636][task_id:urllib3.connectionpool][connectionpool.py->_new_conn:205][DEBUG][Starting new HTTP connection (35): oa.jklife.com:80]
[2019-09-16 11:34:51,857][ThreadPoolExecutor-0_5:22496][task_id:urllib3.connectionpool][connectionpool.py->_make_request:393][DEBUG][http://oa.jklife.com:80 "GET /seeyon/fileDownload.do?method=download&fileId=2905298210883322376&v=db67cc4abf9edd401352e161ed9630b1&createDate=2019-07-02&filename=%E9%99%84%E4%BB%B6%EF%BC%9A%E5%90%9B%E5%BA%B7%E4%BA%BA%E5%AF%BF%E9%93%B6%E8%A1%8C%E4%BF%9D%E9%99%A9%E5%BA%8F%E5%88%97%E5%B2%97%E4%BD%8D%E8%AF%B4%E6%98%8E%E4%B9%A6.pdf HTTP/1.1" 302 0]
[2019-09-16 11:34:51,857][ThreadPoolExecutor-0_0:19892][task_id:urllib3.connectionpool][connectionpool.py->_make_request:393][DEBUG][http://oa.jklife.com:80 "GET /seeyon/bulData.do?method=bulView&bulId=8690015317024656420 HTTP/1.1" 200 None]
[2019-09-16 11:34:51,865][ThreadPoolExecutor-0_5:22496][task_id:xjLib.log][log.py-><listcomp>:128][DEBUG][/seeyon/fileDownload.do?method=doDownload&filename=%E9%99%84%E4%BB%B6%EF%BC%9A%E5%90%9B%E5%BA%B7%E4%BA%BA%E5%AF%BF%E9%93%B6%E8%A1%8C%E4%BF%9D%E9%99%A9%E5%BA%8F%E5%88%97%E5%B2%97%E4%BD%8D%E8%AF%B4%E6%98%8E%E4%B9%A6.pdf&v=db67cc4abf9edd401352e161ed9630b1&fileId=2905298210883322376&createDate=2019-07-02&]
[2019-09-16 11:34:51,870][ThreadPoolExecutor-0_5:22496][task_id:urllib3.connectionpool][connectionpool.py->_new_conn:205][DEBUG][Starting new HTTP connection (36): oa.jklife.com:80]
[2019-09-16 11:34:51,870][ThreadPoolExecutor-0_19:21752][task_id:urllib3.connectionpool][connectionpool.py->_make_request:393][DEBUG][http://oa.jklife.com:80 "GET /seeyon/bulData.do?method=bulView&bulId=5816882021359175227 HTTP/1.1" 200 None]
[2019-09-16 11:34:51,886][ThreadPoolExecutor-0_9:21564][task_id:urllib3.connectionpool][connectionpool.py->_make_request:393][DEBUG][http://oa.jklife.com:80 "GET /seeyon/fileDownload.do?method=download&fileId=-715982877288939253&v=52fc2e1bf140e68b960f806f57427193&createDate=2019-08-08&filename=%E9%99%84%E4%BB%B63%EF%BC%9A%E5%90%9B%E5%BA%B7%E4%BA%BA%E5%AF%BF%E4%BF%9D%E9%99%A9%E8%82%A1%E4%BB%BD%E6%9C%89%E9%99%90%E5%85%AC%E5%8F%B8%E4%BA%A7%E5%93%81%E4%B8%8E%E9%94%80%E5%94%AE%E7%AE%A1%E7%90%86%E5%A7%94%E5%91%98%E4%BC%9A%E7%AE%A1%E7%90%86%E5%8A%9E%E6%B3%95.pdf HTTP/1.1" 302 0]
[2019-09-16 11:34:51,891][ThreadPoolExecutor-0_9:21564][task_id:xjLib.log][log.py-><listcomp>:128][DEBUG][/seeyon/fileDownload.do?method=doDownload&filename=%E9%99%84%E4%BB%B63%EF%BC%9A%E5%90%9B%E5%BA%B7%E4%BA%BA%E5%AF%BF%E4%BF%9D%E9%99%A9%E8%82%A1%E4%BB%BD%E6%9C%89%E9%99%90%E5%85%AC%E5%8F%B8%E4%BA%A7%E5%93%81%E4%B8%8E%E9%94%80%E5%94%AE%E7%AE%A1%E7%90%86%E5%A7%94%E5%91%98%E4%BC%9A%E7%AE%A1%E7%90%86%E5%8A%9E%E6%B3%95.pdf&v=52fc2e1bf140e68b960f806f57427193&fileId=-715982877288939253&createDate=2019-08-08&]
[2019-09-16 11:34:51,905][ThreadPoolExecutor-0_3:22368][task_id:urllib3.connectionpool][connectionpool.py->_make_request:393][DEBUG][http://oa.jklife.com:80 "GET /seeyon/fileDownload.do?method=download&fileId=-8416563031638128428&v=d32f66246e1304e8226f24d6dc8adfbb&createDate=2019-07-02&filename=%E9%99%84%E4%BB%B6%EF%BC%9A%E5%90%9B%E5%BA%B7%E4%BA%BA%E5%AF%BF%E4%BF%9D%E9%99%A9%E8%82%A1%E4%BB%BD%E6%9C%89%E9%99%90%E5%85%AC%E5%8F%B8%E7%BB%8F%E4%BB%A3%E6%B8%A0%E9%81%93%E7%BB%8F%E7%90%86%E5%9F%BA%E6%9C%AC%E7%AE%A1%E7%90%86%E5%8A%9E%E6%B3%95%EF%BC%882019%E7%89%88%EF%BC%89.pdf HTTP/1.1" 302 0]
[2019-09-16 11:34:51,918][ThreadPoolExecutor-0_3:22368][task_id:xjLib.log][log.py-><listcomp>:128][DEBUG][/seeyon/fileDownload.do?method=doDownload&filename=%E9%99%84%E4%BB%B6%EF%BC%9A%E5%90%9B%E5%BA%B7%E4%BA%BA%E5%AF%BF%E4%BF%9D%E9%99%A9%E8%82%A1%E4%BB%BD%E6%9C%89%E9%99%90%E5%85%AC%E5%8F%B8%E7%BB%8F%E4%BB%A3%E6%B8%A0%E9%81%93%E7%BB%8F%E7%90%86%E5%9F%BA%E6%9C%AC%E7%AE%A1%E7%90%86%E5%8A%9E%E6%B3%95%EF%BC%882019%E7%89%88%EF%BC%89.pdf&v=d32f66246e1304e8226f24d6dc8adfbb&fileId=-8416563031638128428&createDate=2019-07-02&]
[2019-09-16 11:34:51,919][ThreadPoolExecutor-0_21:21636][task_id:urllib3.connectionpool][connectionpool.py->_make_request:393][DEBUG][http://oa.jklife.com:80 "GET /seeyon/fileDownload.do?method=download&fileId=2315368915914934138&v=78e424d8ea7e8f7ea9d87bb984493558&createDate=2019-07-18&filename=%E9%99%84%E4%BB%B62%EF%BC%9A%E6%96%B0%E4%BA%A7%E5%93%81%E8%B4%B9%E7%8E%87%E8%A1%A8.zip HTTP/1.1" 302 0]
[2019-09-16 11:34:51,923][ThreadPoolExecutor-0_9:21564][task_id:urllib3.connectionpool][connectionpool.py->_make_request:393][DEBUG][http://oa.jklife.com:80 "GET /seeyon/fileDownload.do?method=download&fileId=6916028191668586036&v=9d33099e16e81cd4ab9106cab6cf60cd&createDate=2019-08-08&filename=%E9%99%84%E4%BB%B64%EF%BC%9A%E5%90%9B%E5%BA%B7%E4%BA%BA%E5%AF%BF%E4%BF%9D%E9%99%A9%E8%82%A1%E4%BB%BD%E6%9C%89%E9%99%90%E5%85%AC%E5%8F%B8%E9%A2%84%E7%AE%97%E7%AE%A1%E7%90%86%E5%A7%94%E5%91%98%E4%BC%9A%E7%AE%A1%E7%90%86%E5%8A%9E%E6%B3%95.docx.pdf HTTP/1.1" 302 0]
[2019-09-16 11:34:51,924][ThreadPoolExecutor-0_0:19892][task_id:urllib3.connectionpool][connectionpool.py->_make_request:393][DEBUG][http://oa.jklife.com:80 "GET /seeyon/fileDownload.do?method=download&fileId=5202332548275323863&v=2d3f14a897b209d46cc117800896531f&createDate=2019-06-20&filename=%E9%99%84%E4%BB%B61%EF%BC%9A2019%E5%B9%B4%E2%80%9C7.8%E4%BF%9D%E9%99%A9%E6%89%B6%E8%B4%AB%E5%85%AC%E7%9B%8A%E8%B7%91%E2%80%9D%E6%B4%BB%E5%8A%A8%E7%BB%86%E5%88%99.pdf HTTP/1.1" 302 0]
[2019-09-16 11:34:51,948][ThreadPoolExecutor-0_5:22496][task_id:urllib3.connectionpool][connectionpool.py->_make_request:393][DEBUG][http://oa.jklife.com:80 "GET /seeyon/fileDownload.do?method=doDownload&filename=%E9%99%84%E4%BB%B6%EF%BC%9A%E5%90%9B%E5%BA%B7%E4%BA%BA%E5%AF%BF%E9%93%B6%E8%A1%8C%E4%BF%9D%E9%99%A9%E5%BA%8F%E5%88%97%E5%B2%97%E4%BD%8D%E8%AF%B4%E6%98%8E%E4%B9%A6.pdf&v=db67cc4abf9edd401352e161ed9630b1&fileId=2905298210883322376&createDate=2019-07-02& HTTP/1.1" 200 None]
[2019-09-16 11:34:51,951][ThreadPoolExecutor-0_21:21636][task_id:xjLib.log][log.py-><listcomp>:128][DEBUG][/seeyon/fileDownload.do?method=doDownload&filename=%E9%99%84%E4%BB%B62%EF%BC%9A%E6%96%B0%E4%BA%A7%E5%93%81%E8%B4%B9%E7%8E%87%E8%A1%A8.zip&v=78e424d8ea7e8f7ea9d87bb984493558&fileId=2315368915914934138&createDate=2019-07-18&]
[2019-09-16 11:34:51,953][ThreadPoolExecutor-0_9:21564][task_id:xjLib.log][log.py-><listcomp>:128][DEBUG][/seeyon/fileDownload.do?method=doDownload&filename=%E9%99%84%E4%BB%B64%EF%BC%9A%E5%90%9B%E5%BA%B7%E4%BA%BA%E5%AF%BF%E4%BF%9D%E9%99%A9%E8%82%A1%E4%BB%BD%E6%9C%89%E9%99%90%E5%85%AC%E5%8F%B8%E9%A2%84%E7%AE%97%E7%AE%A1%E7%90%86%E5%A7%94%E5%91%98%E4%BC%9A%E7%AE%A1%E7%90%86%E5%8A%9E%E6%B3%95.docx.pdf&v=9d33099e16e81cd4ab9106cab6cf60cd&fileId=6916028191668586036&createDate=2019-08-08&]
[2019-09-16 11:34:51,963][ThreadPoolExecutor-0_0:19892][task_id:xjLib.log][log.py-><listcomp>:128][DEBUG][/seeyon/fileDownload.do?method=doDownload&filename=%E9%99%84%E4%BB%B61%EF%BC%9A2019%E5%B9%B4%E2%80%9C7.8%E4%BF%9D%E9%99%A9%E6%89%B6%E8%B4%AB%E5%85%AC%E7%9B%8A%E8%B7%91%E2%80%9D%E6%B4%BB%E5%8A%A8%E7%BB%86%E5%88%99.pdf&v=2d3f14a897b209d46cc117800896531f&fileId=5202332548275323863&createDate=2019-06-20&]
[2019-09-16 11:34:51,967][ThreadPoolExecutor-0_3:22368][task_id:urllib3.connectionpool][connectionpool.py->_make_request:393][DEBUG][http://oa.jklife.com:80 "GET /seeyon/fileDownload.do?method=doDownload&filename=%E9%99%84%E4%BB%B6%EF%BC%9A%E5%90%9B%E5%BA%B7%E4%BA%BA%E5%AF%BF%E4%BF%9D%E9%99%A9%E8%82%A1%E4%BB%BD%E6%9C%89%E9%99%90%E5%85%AC%E5%8F%B8%E7%BB%8F%E4%BB%A3%E6%B8%A0%E9%81%93%E7%BB%8F%E7%90%86%E5%9F%BA%E6%9C%AC%E7%AE%A1%E7%90%86%E5%8A%9E%E6%B3%95%EF%BC%882019%E7%89%88%EF%BC%89.pdf&v=d32f66246e1304e8226f24d6dc8adfbb&fileId=-8416563031638128428&createDate=2019-07-02& HTTP/1.1" 200 None]
[2019-09-16 11:34:52,006][ThreadPoolExecutor-0_9:21564][task_id:urllib3.connectionpool][connectionpool.py->_make_request:393][DEBUG][http://oa.jklife.com:80 "GET /seeyon/fileDownload.do?method=download&fileId=-1997596458792893555&v=bd71b215aaa258830780140dbac8813a&createDate=2019-08-08&filename=%E9%99%84%E4%BB%B65%EF%BC%9A%E5%90%9B%E5%BA%B7%E4%BA%BA%E5%AF%BF%E4%BF%9D%E9%99%A9%E8%82%A1%E4%BB%BD%E6%9C%89%E9%99%90%E5%85%AC%E5%8F%B8%E4%BF%A1%E6%81%AF%E5%8C%96%E5%B7%A5%E4%BD%9C%E5%A7%94%E5%91%98%E4%BC%9A%E7%AE%A1%E7%90%86%E5%8A%9E%E6%B3%95.pdf HTTP/1.1" 302 0]
[2019-09-16 11:34:52,007][ThreadPoolExecutor-0_21:21636][task_id:urllib3.connectionpool][connectionpool.py->_make_request:393][DEBUG][http://oa.jklife.com:80 "GET /seeyon/fileDownload.do?method=download&fileId=-6201495680909492212&v=5e6165367efd86b84645da4ab7adc347&createDate=2019-07-18&filename=%E9%99%84%E4%BB%B63%EF%BC%9A%E6%96%B0%E4%BA%A7%E5%93%81%E6%8A%95%E4%BF%9D%E8%A7%84%E5%88%99.zip HTTP/1.1" 302 0]
[2019-09-16 11:34:52,013][ThreadPoolExecutor-0_0:19892][task_id:urllib3.connectionpool][connectionpool.py->_make_request:393][DEBUG][http://oa.jklife.com:80 "GET /seeyon/fileDownload.do?method=download&fileId=-4593088401164121633&v=b593c7c918408582b08ab4bc77c9d3e9&createDate=2019-06-20&filename=%E9%99%84%E4%BB%B62%EF%BC%9A%E2%80%9C%E7%88%B1%EF%BC%8C%E4%BB%8E%E4%B8%80%E4%BB%BD%E4%BF%9D%E9%9A%9C%E5%BC%80%E5%A7%8B%E2%80%9D%E7%9F%AD%E8%A7%86%E9%A2%91%E6%B4%BB%E5%8A%A8%E7%BB%86%E5%88%99.pdf HTTP/1.1" 302 0]
[2019-09-16 11:34:52,021][ThreadPoolExecutor-0_9:21564][task_id:xjLib.log][log.py-><listcomp>:128][DEBUG][/seeyon/fileDownload.do?method=doDownload&filename=%E9%99%84%E4%BB%B65%EF%BC%9A%E5%90%9B%E5%BA%B7%E4%BA%BA%E5%AF%BF%E4%BF%9D%E9%99%A9%E8%82%A1%E4%BB%BD%E6%9C%89%E9%99%90%E5%85%AC%E5%8F%B8%E4%BF%A1%E6%81%AF%E5%8C%96%E5%B7%A5%E4%BD%9C%E5%A7%94%E5%91%98%E4%BC%9A%E7%AE%A1%E7%90%86%E5%8A%9E%E6%B3%95.pdf&v=bd71b215aaa258830780140dbac8813a&fileId=-1997596458792893555&createDate=2019-08-08&]
[2019-09-16 11:34:52,026][ThreadPoolExecutor-0_21:21636][task_id:xjLib.log][log.py-><listcomp>:128][DEBUG][/seeyon/fileDownload.do?method=doDownload&filename=%E9%99%84%E4%BB%B63%EF%BC%9A%E6%96%B0%E4%BA%A7%E5%93%81%E6%8A%95%E4%BF%9D%E8%A7%84%E5%88%99.zip&v=5e6165367efd86b84645da4ab7adc347&fileId=-6201495680909492212&createDate=2019-07-18&]
[2019-09-16 11:34:52,030][ThreadPoolExecutor-0_0:19892][task_id:xjLib.log][log.py-><listcomp>:128][DEBUG][/seeyon/fileDownload.do?method=doDownload&filename=%E9%99%84%E4%BB%B62%EF%BC%9A%E2%80%9C%E7%88%B1%EF%BC%8C%E4%BB%8E%E4%B8%80%E4%BB%BD%E4%BF%9D%E9%9A%9C%E5%BC%80%E5%A7%8B%E2%80%9D%E7%9F%AD%E8%A7%86%E9%A2%91%E6%B4%BB%E5%8A%A8%E7%BB%86%E5%88%99.pdf&v=b593c7c918408582b08ab4bc77c9d3e9&fileId=-4593088401164121633&createDate=2019-06-20&]
[2019-09-16 11:34:52,060][ThreadPoolExecutor-0_9:21564][task_id:urllib3.connectionpool][connectionpool.py->_make_request:393][DEBUG][http://oa.jklife.com:80 "GET /seeyon/fileDownload.do?method=doDownload&filename=%E9%99%84%E4%BB%B61%EF%BC%9A%E5%90%9B%E5%BA%B7%E4%BA%BA%E5%AF%BF%E4%BF%9D%E9%99%A9%E8%82%A1%E4%BB%BD%E6%9C%89%E9%99%90%E5%85%AC%E5%8F%B8%E8%B5%84%E4%BA%A7%E8%B4%9F%E5%80%BA%E7%AE%A1%E7%90%86%E6%89%A7%E8%A1%8C%E5%A7%94%E5%91%98%E4%BC%9A%E7%AE%A1%E7%90%86%E5%8A%9E%E6%B3%95.pdf&v=e03114412f71b5e9a7e6f7a36f97ef9f&fileId=1635593835380623609&createDate=2019-08-08& HTTP/1.1" 200 None]
[2019-09-16 11:34:52,069][ThreadPoolExecutor-0_21:21636][task_id:urllib3.connectionpool][connectionpool.py->_make_request:393][DEBUG][http://oa.jklife.com:80 "GET /seeyon/fileDownload.do?method=doDownload&filename=%E9%99%84%E4%BB%B61%EF%BC%9A%E6%96%B0%E4%BA%A7%E5%93%81%E6%9D%A1%E6%AC%BE.rar&v=52b8cd2ca407f16ec195872a0d7891c0&fileId=1262399436340152376&createDate=2019-07-18& HTTP/1.1" 200 None]
[2019-09-16 11:34:52,084][ThreadPoolExecutor-0_0:19892][task_id:urllib3.connectionpool][connectionpool.py->_make_request:393][DEBUG][http://oa.jklife.com:80 "GET /seeyon/fileDownload.do?method=doDownload&filename=%E9%99%84%E4%BB%B61%EF%BC%9A2019%E5%B9%B4%E2%80%9C7.8%E4%BF%9D%E9%99%A9%E6%89%B6%E8%B4%AB%E5%85%AC%E7%9B%8A%E8%B7%91%E2%80%9D%E6%B4%BB%E5%8A%A8%E7%BB%86%E5%88%99.pdf&v=2d3f14a897b209d46cc117800896531f&fileId=5202332548275323863&createDate=2019-06-20& HTTP/1.1" 200 None]
[2019-09-16 11:34:52,238][ThreadPoolExecutor-0_9:21564][task_id:urllib3.connectionpool][connectionpool.py->_make_request:393][DEBUG][http://oa.jklife.com:80 "GET /seeyon/fileDownload.do?method=doDownload&filename=%E9%99%84%E4%BB%B62%EF%BC%9A%E5%90%9B%E5%BA%B7%E4%BA%BA%E5%AF%BF%E4%BF%9D%E9%99%A9%E8%82%A1%E4%BB%BD%E6%9C%89%E9%99%90%E5%85%AC%E5%8F%B8%E6%8A%95%E8%B5%84%E5%86%B3%E7%AD%96%E6%89%A7%E8%A1%8C%E5%A7%94%E5%91%98%E4%BC%9A%E7%AE%A1%E7%90%86%E5%8A%9E%E6%B3%95.pdf&v=d9a43eaeefd24c5126b8fb4c71d48299&fileId=-6179934033287494968&createDate=2019-08-08& HTTP/1.1" 200 None]
[2019-09-16 11:34:52,257][ThreadPoolExecutor-0_0:19892][task_id:urllib3.connectionpool][connectionpool.py->_make_request:393][DEBUG][http://oa.jklife.com:80 "GET /seeyon/fileDownload.do?method=doDownload&filename=%E9%99%84%E4%BB%B62%EF%BC%9A%E2%80%9C%E7%88%B1%EF%BC%8C%E4%BB%8E%E4%B8%80%E4%BB%BD%E4%BF%9D%E9%9A%9C%E5%BC%80%E5%A7%8B%E2%80%9D%E7%9F%AD%E8%A7%86%E9%A2%91%E6%B4%BB%E5%8A%A8%E7%BB%86%E5%88%99.pdf&v=b593c7c918408582b08ab4bc77c9d3e9&fileId=-4593088401164121633&createDate=2019-06-20& HTTP/1.1" 200 None]
[2019-09-16 11:34:52,440][ThreadPoolExecutor-0_10:18520][task_id:urllib3.connectionpool][connectionpool.py->_make_request:393][DEBUG][http://oa.jklife.com:80 "GET /seeyon/bulData.do?method=bulView&bulId=4227484518352700143 HTTP/1.1" 200 None]
[2019-09-16 11:34:52,456][ThreadPoolExecutor-0_9:21564][task_id:urllib3.connectionpool][connectionpool.py->_put_conn:274][WARNING][Connection pool is full, discarding connection: oa.jklife.com]
[2019-09-16 11:34:52,482][ThreadPoolExecutor-0_10:18520][task_id:urllib3.connectionpool][connectionpool.py->_make_request:393][DEBUG][http://oa.jklife.com:80 "GET /seeyon/fileDownload.do?method=download&fileId=-9059913307214101444&v=f412e0ba75d5d15021ff800421f2522b&createDate=2019-08-08&filename=%E9%99%84%E4%BB%B6%EF%BC%9A%E5%90%9B%E5%BA%B7%E4%BA%BA%E5%AF%BF%E4%BF%9D%E9%99%A9%E8%82%A1%E4%BB%BD%E6%9C%89%E9%99%90%E5%85%AC%E5%8F%B8%E5%88%86%E6%94%AF%E6%9C%BA%E6%9E%84%E8%81%8C%E5%9C%BA%E7%A7%9F%E8%B5%81%E8%A3%85%E4%BF%AE%E7%AE%A1%E7%90%86%E5%8A%9E%E6%B3%95.pdf HTTP/1.1" 302 0]
[2019-09-16 11:34:52,486][ThreadPoolExecutor-0_10:18520][task_id:urllib3.connectionpool][connectionpool.py->_put_conn:274][WARNING][Connection pool is full, discarding connection: oa.jklife.com]
[2019-09-16 11:34:52,493][ThreadPoolExecutor-0_10:18520][task_id:xjLib.log][log.py-><listcomp>:128][DEBUG][/seeyon/fileDownload.do?method=doDownload&filename=%E9%99%84%E4%BB%B6%EF%BC%9A%E5%90%9B%E5%BA%B7%E4%BA%BA%E5%AF%BF%E4%BF%9D%E9%99%A9%E8%82%A1%E4%BB%BD%E6%9C%89%E9%99%90%E5%85%AC%E5%8F%B8%E5%88%86%E6%94%AF%E6%9C%BA%E6%9E%84%E8%81%8C%E5%9C%BA%E7%A7%9F%E8%B5%81%E8%A3%85%E4%BF%AE%E7%AE%A1%E7%90%86%E5%8A%9E%E6%B3%95.pdf&v=f412e0ba75d5d15021ff800421f2522b&fileId=-9059913307214101444&createDate=2019-08-08&]
[2019-09-16 11:34:52,507][ThreadPoolExecutor-0_13:4468][task_id:urllib3.connectionpool][connectionpool.py->_make_request:393][DEBUG][http://oa.jklife.com:80 "GET /seeyon/fileDownload.do?method=download&fileId=-1531040382028133483&v=77c4d201c00f62961ca7eb655b220de9&createDate=2019-07-23&filename=%E9%99%84%E4%BB%B6%EF%BC%9A%E5%90%9B%E5%BA%B7%E4%BA%BA%E5%AF%BF%E4%BF%9D%E9%99%A9%E8%82%A1%E4%BB%BD%E6%9C%89%E9%99%90%E5%85%AC%E5%8F%B8%E4%BF%9D%E9%99%A9%E4%B8%9A%E5%8A%A1%E6%94%B6%E4%BB%98%E8%B4%B9%E7%AE%A1%E7%90%86%E5%8A%9E%E6%B3%95.pdf HTTP/1.1" 302 0]
[2019-09-16 11:34:52,513][ThreadPoolExecutor-0_13:4468][task_id:xjLib.log][log.py-><listcomp>:128][DEBUG][/seeyon/fileDownload.do?method=doDownload&filename=%E9%99%84%E4%BB%B6%EF%BC%9A%E5%90%9B%E5%BA%B7%E4%BA%BA%E5%AF%BF%E4%BF%9D%E9%99%A9%E8%82%A1%E4%BB%BD%E6%9C%89%E9%99%90%E5%85%AC%E5%8F%B8%E4%BF%9D%E9%99%A9%E4%B8%9A%E5%8A%A1%E6%94%B6%E4%BB%98%E8%B4%B9%E7%AE%A1%E7%90%86%E5%8A%9E%E6%B3%95.pdf&v=77c4d201c00f62961ca7eb655b220de9&fileId=-1531040382028133483&createDate=2019-07-23&]
[2019-09-16 11:34:52,527][ThreadPoolExecutor-0_10:18520][task_id:urllib3.connectionpool][connectionpool.py->_make_request:393][DEBUG][http://oa.jklife.com:80 "GET /seeyon/fileDownload.do?method=download&fileId=5903030464319604493&v=6d9e1bbd5948927c04055a9ff683a0f0&createDate=2019-08-08&filename=%E9%99%84%E5%BD%951-17.rar HTTP/1.1" 302 0]
[2019-09-16 11:34:52,531][ThreadPoolExecutor-0_9:21564][task_id:urllib3.connectionpool][connectionpool.py->_make_request:393][DEBUG][http://oa.jklife.com:80 "GET /seeyon/fileDownload.do?method=doDownload&filename=%E9%99%84%E4%BB%B63%EF%BC%9A%E5%90%9B%E5%BA%B7%E4%BA%BA%E5%AF%BF%E4%BF%9D%E9%99%A9%E8%82%A1%E4%BB%BD%E6%9C%89%E9%99%90%E5%85%AC%E5%8F%B8%E4%BA%A7%E5%93%81%E4%B8%8E%E9%94%80%E5%94%AE%E7%AE%A1%E7%90%86%E5%A7%94%E5%91%98%E4%BC%9A%E7%AE%A1%E7%90%86%E5%8A%9E%E6%B3%95.pdf&v=52fc2e1bf140e68b960f806f57427193&fileId=-715982877288939253&createDate=2019-08-08& HTTP/1.1" 200 None]
[2019-09-16 11:34:52,532][ThreadPoolExecutor-0_10:18520][task_id:xjLib.log][log.py-><listcomp>:128][DEBUG][/seeyon/fileDownload.do?method=doDownload&filename=%E9%99%84%E5%BD%951-17.rar&v=6d9e1bbd5948927c04055a9ff683a0f0&fileId=5903030464319604493&createDate=2019-08-08&]
[2019-09-16 11:34:52,545][ThreadPoolExecutor-0_13:4468][task_id:urllib3.connectionpool][connectionpool.py->_make_request:393][DEBUG][http://oa.jklife.com:80 "GET /seeyon/fileDownload.do?method=doDownload&filename=%E9%99%84%E4%BB%B6%EF%BC%9A%E5%90%9B%E5%BA%B7%E4%BA%BA%E5%AF%BF%E4%BF%9D%E9%99%A9%E8%82%A1%E4%BB%BD%E6%9C%89%E9%99%90%E5%85%AC%E5%8F%B8%E4%BF%9D%E9%99%A9%E4%B8%9A%E5%8A%A1%E6%94%B6%E4%BB%98%E8%B4%B9%E7%AE%A1%E7%90%86%E5%8A%9E%E6%B3%95.pdf&v=77c4d201c00f62961ca7eb655b220de9&fileId=-1531040382028133483&createDate=2019-07-23& HTTP/1.1" 200 None]
[2019-09-16 11:34:52,561][ThreadPoolExecutor-0_10:18520][task_id:urllib3.connectionpool][connectionpool.py->_make_request:393][DEBUG][http://oa.jklife.com:80 "GET /seeyon/fileDownload.do?method=doDownload&filename=%E9%99%84%E4%BB%B6%EF%BC%9A%E5%90%9B%E5%BA%B7%E4%BA%BA%E5%AF%BF%E4%BF%9D%E9%99%A9%E8%82%A1%E4%BB%BD%E6%9C%89%E9%99%90%E5%85%AC%E5%8F%B8%E5%88%86%E6%94%AF%E6%9C%BA%E6%9E%84%E8%81%8C%E5%9C%BA%E7%A7%9F%E8%B5%81%E8%A3%85%E4%BF%AE%E7%AE%A1%E7%90%86%E5%8A%9E%E6%B3%95.pdf&v=f412e0ba75d5d15021ff800421f2522b&fileId=-9059913307214101444&createDate=2019-08-08& HTTP/1.1" 200 None]
[2019-09-16 11:34:52,661][ThreadPoolExecutor-0_12:19140][task_id:urllib3.connectionpool][connectionpool.py->_make_request:393][DEBUG][http://oa.jklife.com:80 "GET /seeyon/fileDownload.do?method=download&fileId=4228948924666167627&v=f67f04f797c4b4f48248eafb1dd6cc71&createDate=2019-08-01&filename=%E9%99%84%E4%BB%B6%EF%BC%9A%E5%90%9B%E5%BA%B7%E4%BA%BA%E5%AF%BF%E4%BF%9D%E9%99%A9%E8%82%A1%E4%BB%BD%E6%9C%89%E9%99%90%E5%85%AC%E5%8F%B8%E6%8E%A7%E8%82%A1%E3%80%81%E5%8F%82%E8%82%A1%E5%85%AC%E5%8F%B8%E5%85%B3%E8%81%94%E4%BA%A4%E6%98%93%E7%AE%A1%E7%90%86%E5%8A%9E%E6%B3%95%EF%BC%882019%E7%89%88%EF%BC%89.pdf HTTP/1.1" 302 0]
[2019-09-16 11:34:52,666][ThreadPoolExecutor-0_12:19140][task_id:xjLib.log][log.py-><listcomp>:128][DEBUG][/seeyon/fileDownload.do?method=doDownload&filename=%E9%99%84%E4%BB%B6%EF%BC%9A%E5%90%9B%E5%BA%B7%E4%BA%BA%E5%AF%BF%E4%BF%9D%E9%99%A9%E8%82%A1%E4%BB%BD%E6%9C%89%E9%99%90%E5%85%AC%E5%8F%B8%E6%8E%A7%E8%82%A1%E3%80%81%E5%8F%82%E8%82%A1%E5%85%AC%E5%8F%B8%E5%85%B3%E8%81%94%E4%BA%A4%E6%98%93%E7%AE%A1%E7%90%86%E5%8A%9E%E6%B3%95%EF%BC%882019%E7%89%88%EF%BC%89.pdf&v=f67f04f797c4b4f48248eafb1dd6cc71&fileId=4228948924666167627&createDate=2019-08-01&]
[2019-09-16 11:34:52,693][ThreadPoolExecutor-0_7:8968][task_id:urllib3.connectionpool][connectionpool.py->_make_request:393][DEBUG][http://oa.jklife.com:80 "GET /seeyon/fileDownload.do?method=download&fileId=4052529420936432884&v=4e3499cf0bb06f41d09676f60eb397da&createDate=2019-08-16&filename=%E9%99%84%E4%BB%B6%EF%BC%9A%E5%90%9B%E5%BA%B7%E4%BA%BA%E5%AF%BF%E4%BF%9D%E9%99%A9%E8%82%A1%E4%BB%BD%E6%9C%89%E9%99%90%E5%85%AC%E5%8F%B8%E6%A0%B8%E4%BF%9D%E6%A0%B8%E8%B5%94%E5%A7%94%E5%91%98%E4%BC%9A%E8%AE%AE%E4%BA%8B%E8%A7%84%E5%88%99%281%29.pdf HTTP/1.1" 302 0]
[2019-09-16 11:34:52,698][ThreadPoolExecutor-0_12:19140][task_id:urllib3.connectionpool][connectionpool.py->_make_request:393][DEBUG][http://oa.jklife.com:80 "GET /seeyon/fileDownload.do?method=download&fileId=-1125726947866426307&v=5053bbf06e8eb94604f429a14f8dec90&createDate=2019-08-01&filename=%E9%99%84%E5%BD%95%EF%BC%9A%E5%90%9B%E5%BA%B7%E4%BA%BA%E5%AF%BF%E4%BF%9D%E9%99%A9%E8%82%A1%E4%BB%BD%E6%9C%89%E9%99%90%E5%85%AC%E5%8F%B8%E6%8E%A7%E8%82%A1%E3%80%81%E5%8F%82%E8%82%A1%E5%85%AC%E5%8F%B8%E5%85%B3%E8%81%94%E4%BA%A4%E6%98%93%E5%AE%A1%E6%89%B9%E5%A4%87%E6%A1%88%E7%94%B3%E8%AF%B7%E8%A1%A8.pdf HTTP/1.1" 302 0]
[2019-09-16 11:34:52,699][ThreadPoolExecutor-0_7:8968][task_id:xjLib.log][log.py-><listcomp>:128][DEBUG][/seeyon/fileDownload.do?method=doDownload&filename=%E9%99%84%E4%BB%B6%EF%BC%9A%E5%90%9B%E5%BA%B7%E4%BA%BA%E5%AF%BF%E4%BF%9D%E9%99%A9%E8%82%A1%E4%BB%BD%E6%9C%89%E9%99%90%E5%85%AC%E5%8F%B8%E6%A0%B8%E4%BF%9D%E6%A0%B8%E8%B5%94%E5%A7%94%E5%91%98%E4%BC%9A%E8%AE%AE%E4%BA%8B%E8%A7%84%E5%88%99%281%29.pdf&v=4e3499cf0bb06f41d09676f60eb397da&fileId=4052529420936432884&createDate=2019-08-16&]
[2019-09-16 11:34:52,700][ThreadPoolExecutor-0_12:19140][task_id:urllib3.connectionpool][connectionpool.py->_put_conn:274][WARNING][Connection pool is full, discarding connection: oa.jklife.com]
[2019-09-16 11:34:52,713][ThreadPoolExecutor-0_12:19140][task_id:xjLib.log][log.py-><listcomp>:128][DEBUG][/seeyon/fileDownload.do?method=doDownload&filename=%E9%99%84%E5%BD%95%EF%BC%9A%E5%90%9B%E5%BA%B7%E4%BA%BA%E5%AF%BF%E4%BF%9D%E9%99%A9%E8%82%A1%E4%BB%BD%E6%9C%89%E9%99%90%E5%85%AC%E5%8F%B8%E6%8E%A7%E8%82%A1%E3%80%81%E5%8F%82%E8%82%A1%E5%85%AC%E5%8F%B8%E5%85%B3%E8%81%94%E4%BA%A4%E6%98%93%E5%AE%A1%E6%89%B9%E5%A4%87%E6%A1%88%E7%94%B3%E8%AF%B7%E8%A1%A8.pdf&v=5053bbf06e8eb94604f429a14f8dec90&fileId=-1125726947866426307&createDate=2019-08-01&]
[2019-09-16 11:34:52,724][ThreadPoolExecutor-0_10:18520][task_id:urllib3.connectionpool][connectionpool.py->_make_request:393][DEBUG][http://oa.jklife.com:80 "GET /seeyon/fileDownload.do?method=doDownload&filename=%E9%99%84%E5%BD%951-17.rar&v=6d9e1bbd5948927c04055a9ff683a0f0&fileId=5903030464319604493&createDate=2019-08-08& HTTP/1.1" 200 None]
[2019-09-16 11:34:52,731][ThreadPoolExecutor-0_7:8968][task_id:urllib3.connectionpool][connectionpool.py->_make_request:393][DEBUG][http://oa.jklife.com:80 "GET /seeyon/fileDownload.do?method=doDownload&filename=%E9%99%84%E4%BB%B6%EF%BC%9A%E5%90%9B%E5%BA%B7%E4%BA%BA%E5%AF%BF%E4%BF%9D%E9%99%A9%E8%82%A1%E4%BB%BD%E6%9C%89%E9%99%90%E5%85%AC%E5%8F%B8%E6%A0%B8%E4%BF%9D%E6%A0%B8%E8%B5%94%E5%A7%94%E5%91%98%E4%BC%9A%E8%AE%AE%E4%BA%8B%E8%A7%84%E5%88%99%281%29.pdf&v=4e3499cf0bb06f41d09676f60eb397da&fileId=4052529420936432884&createDate=2019-08-16& HTTP/1.1" 200 None]
[2019-09-16 11:34:52,743][ThreadPoolExecutor-0_12:19140][task_id:urllib3.connectionpool][connectionpool.py->_make_request:393][DEBUG][http://oa.jklife.com:80 "GET /seeyon/fileDownload.do?method=doDownload&filename=%E9%99%84%E4%BB%B6%EF%BC%9A%E5%90%9B%E5%BA%B7%E4%BA%BA%E5%AF%BF%E4%BF%9D%E9%99%A9%E8%82%A1%E4%BB%BD%E6%9C%89%E9%99%90%E5%85%AC%E5%8F%B8%E6%8E%A7%E8%82%A1%E3%80%81%E5%8F%82%E8%82%A1%E5%85%AC%E5%8F%B8%E5%85%B3%E8%81%94%E4%BA%A4%E6%98%93%E7%AE%A1%E7%90%86%E5%8A%9E%E6%B3%95%EF%BC%882019%E7%89%88%EF%BC%89.pdf&v=f67f04f797c4b4f48248eafb1dd6cc71&fileId=4228948924666167627&createDate=2019-08-01& HTTP/1.1" 200 None]
[2019-09-16 11:34:52,855][ThreadPoolExecutor-0_14:21680][task_id:urllib3.connectionpool][connectionpool.py->_make_request:393][DEBUG][http://oa.jklife.com:80 "GET /seeyon/fileDownload.do?method=doDownload&filename=%E9%99%84%E4%BB%B6%EF%BC%9A%E5%90%9B%E5%BA%B7%E4%BA%BA%E5%AF%BF%E4%BF%9D%E9%99%A9%E8%82%A1%E4%BB%BD%E6%9C%89%E9%99%90%E5%85%AC%E5%8F%B8%E4%BF%A1%E8%AE%BF%E6%8A%95%E8%AF%89%E7%AE%A1%E7%90%86%E5%8A%9E%E6%B3%95.pdf&v=307818bfa6b90448f96f0c49ce1d557c&fileId=-8438081161883662425&createDate=2019-07-17& HTTP/1.1" 200 None]
[2019-09-16 11:34:52,902][ThreadPoolExecutor-0_4:21328][task_id:urllib3.connectionpool][connectionpool.py->_make_request:393][DEBUG][http://oa.jklife.com:80 "GET /seeyon/fileDownload.do?method=doDownload&filename=%E9%99%84%E4%BB%B6%EF%BC%9A%E5%90%9B%E5%BA%B7%E4%BA%BA%E5%AF%BF%E4%BF%9D%E9%99%A9%E8%82%A1%E4%BB%BD%E6%9C%89%E9%99%90%E5%85%AC%E5%8F%B8%E5%AE%A2%E6%88%B7%E4%BF%A1%E6%81%AF%E7%9C%9F%E5%AE%9E%E6%80%A7%E7%AE%A1%E7%90%86%E5%8A%9E%E6%B3%95.pdf&v=6f025e7cfc69a0ce43ba3807b7fe0e2d&fileId=6321038102292874019&createDate=2019-08-29& HTTP/1.1" 200 None]
[2019-09-16 11:34:52,904][ThreadPoolExecutor-0_9:21564][task_id:urllib3.connectionpool][connectionpool.py->_make_request:393][DEBUG][http://oa.jklife.com:80 "GET /seeyon/fileDownload.do?method=doDownload&filename=%E9%99%84%E4%BB%B64%EF%BC%9A%E5%90%9B%E5%BA%B7%E4%BA%BA%E5%AF%BF%E4%BF%9D%E9%99%A9%E8%82%A1%E4%BB%BD%E6%9C%89%E9%99%90%E5%85%AC%E5%8F%B8%E9%A2%84%E7%AE%97%E7%AE%A1%E7%90%86%E5%A7%94%E5%91%98%E4%BC%9A%E7%AE%A1%E7%90%86%E5%8A%9E%E6%B3%95.docx.pdf&v=9d33099e16e81cd4ab9106cab6cf60cd&fileId=6916028191668586036&createDate=2019-08-08& HTTP/1.1" 200 None]
[2019-09-16 11:34:52,913][ThreadPoolExecutor-0_8:21232][task_id:urllib3.connectionpool][connectionpool.py->_make_request:393][DEBUG][http://oa.jklife.com:80 "GET /seeyon/fileDownload.do?method=download&fileId=190985578835430205&v=5f19348bfb4a5c1f7aa51ab8f013636e&createDate=2019-07-02&filename=%E9%99%84%E4%BB%B6%EF%BC%9A%E5%90%9B%E5%BA%B7%E4%BA%BA%E5%AF%BF%E4%BF%9D%E9%99%A9%E8%82%A1%E4%BB%BD%E6%9C%89%E9%99%90%E5%85%AC%E5%8F%B8%E7%90%86%E8%B5%94%E7%8E%AF%E8%8A%82%E9%98%B2%E4%BF%9D%E9%99%A9%E6%AC%BA%E8%AF%88%E7%AE%A1%E7%90%86%E5%8A%9E%E6%B3%95%EF%BC%882019%E7%89%88%EF%BC%89.pdf HTTP/1.1" 302 0]
[2019-09-16 11:34:52,919][ThreadPoolExecutor-0_8:21232][task_id:xjLib.log][log.py-><listcomp>:128][DEBUG][/seeyon/fileDownload.do?method=doDownload&filename=%E9%99%84%E4%BB%B6%EF%BC%9A%E5%90%9B%E5%BA%B7%E4%BA%BA%E5%AF%BF%E4%BF%9D%E9%99%A9%E8%82%A1%E4%BB%BD%E6%9C%89%E9%99%90%E5%85%AC%E5%8F%B8%E7%90%86%E8%B5%94%E7%8E%AF%E8%8A%82%E9%98%B2%E4%BF%9D%E9%99%A9%E6%AC%BA%E8%AF%88%E7%AE%A1%E7%90%86%E5%8A%9E%E6%B3%95%EF%BC%882019%E7%89%88%EF%BC%89.pdf&v=5f19348bfb4a5c1f7aa51ab8f013636e&fileId=190985578835430205&createDate=2019-07-02&]
[2019-09-16 11:34:52,920][ThreadPoolExecutor-0_7:8968][task_id:urllib3.connectionpool][connectionpool.py->_put_conn:274][WARNING][Connection pool is full, discarding connection: oa.jklife.com]
[2019-09-16 11:34:52,921][ThreadPoolExecutor-0_12:19140][task_id:urllib3.connectionpool][connectionpool.py->_make_request:393][DEBUG][http://oa.jklife.com:80 "GET /seeyon/fileDownload.do?method=doDownload&filename=%E9%99%84%E5%BD%95%EF%BC%9A%E5%90%9B%E5%BA%B7%E4%BA%BA%E5%AF%BF%E4%BF%9D%E9%99%A9%E8%82%A1%E4%BB%BD%E6%9C%89%E9%99%90%E5%85%AC%E5%8F%B8%E6%8E%A7%E8%82%A1%E3%80%81%E5%8F%82%E8%82%A1%E5%85%AC%E5%8F%B8%E5%85%B3%E8%81%94%E4%BA%A4%E6%98%93%E5%AE%A1%E6%89%B9%E5%A4%87%E6%A1%88%E7%94%B3%E8%AF%B7%E8%A1%A8.pdf&v=5053bbf06e8eb94604f429a14f8dec90&fileId=-1125726947866426307&createDate=2019-08-01& HTTP/1.1" 200 None]
[2019-09-16 11:34:52,949][ThreadPoolExecutor-0_19:21752][task_id:urllib3.connectionpool][connectionpool.py->_put_conn:274][WARNING][Connection pool is full, discarding connection: oa.jklife.com]
[2019-09-16 11:34:52,957][ThreadPoolExecutor-0_21:21636][task_id:urllib3.connectionpool][connectionpool.py->_put_conn:274][WARNING][Connection pool is full, discarding connection: oa.jklife.com]
[2019-09-16 11:34:52,961][ThreadPoolExecutor-0_8:21232][task_id:urllib3.connectionpool][connectionpool.py->_make_request:393][DEBUG][http://oa.jklife.com:80 "GET /seeyon/fileDownload.do?method=doDownload&filename=%E9%99%84%E4%BB%B6%EF%BC%9A%E5%90%9B%E5%BA%B7%E4%BA%BA%E5%AF%BF%E4%BF%9D%E9%99%A9%E8%82%A1%E4%BB%BD%E6%9C%89%E9%99%90%E5%85%AC%E5%8F%B8%E7%90%86%E8%B5%94%E7%8E%AF%E8%8A%82%E9%98%B2%E4%BF%9D%E9%99%A9%E6%AC%BA%E8%AF%88%E7%AE%A1%E7%90%86%E5%8A%9E%E6%B3%95%EF%BC%882019%E7%89%88%EF%BC%89.pdf&v=5f19348bfb4a5c1f7aa51ab8f013636e&fileId=190985578835430205&createDate=2019-07-02& HTTP/1.1" 200 None]
[2019-09-16 11:34:52,995][ThreadPoolExecutor-0_19:21752][task_id:urllib3.connectionpool][connectionpool.py->_make_request:393][DEBUG][http://oa.jklife.com:80 "GET /seeyon/fileDownload.do?method=download&fileId=2642548175987426905&v=e2e42b4559a7047fdbba82925737fe6c&createDate=2019-06-17&filename=%E9%99%84%E4%BB%B6%EF%BC%9A%E5%90%9B%E5%BA%B7%E4%BA%BA%E5%AF%BF%E4%BF%9D%E9%99%A9%E8%82%A1%E4%BB%BD%E6%9C%89%E9%99%90%E5%85%AC%E5%8F%B8%E5%A4%9A%E5%85%83%E4%B8%9A%E5%8A%A1%E6%9C%8D%E5%8A%A1%E4%BA%BA%E5%91%98%E5%9F%BA%E6%9C%AC%E7%AE%A1%E7%90%86%E5%8A%9E%E6%B3%95%EF%BC%882019%E8%AF%95%E8%A1%8C%E7%89%88%EF%BC%89.pdf HTTP/1.1" 302 0]
[2019-09-16 11:34:52,999][ThreadPoolExecutor-0_19:21752][task_id:xjLib.log][log.py-><listcomp>:128][DEBUG][/seeyon/fileDownload.do?method=doDownload&filename=%E9%99%84%E4%BB%B6%EF%BC%9A%E5%90%9B%E5%BA%B7%E4%BA%BA%E5%AF%BF%E4%BF%9D%E9%99%A9%E8%82%A1%E4%BB%BD%E6%9C%89%E9%99%90%E5%85%AC%E5%8F%B8%E5%A4%9A%E5%85%83%E4%B8%9A%E5%8A%A1%E6%9C%8D%E5%8A%A1%E4%BA%BA%E5%91%98%E5%9F%BA%E6%9C%AC%E7%AE%A1%E7%90%86%E5%8A%9E%E6%B3%95%EF%BC%882019%E8%AF%95%E8%A1%8C%E7%89%88%EF%BC%89.pdf&v=e2e42b4559a7047fdbba82925737fe6c&fileId=2642548175987426905&createDate=2019-06-17&]
[2019-09-16 11:34:53,003][ThreadPoolExecutor-0_21:21636][task_id:urllib3.connectionpool][connectionpool.py->_make_request:393][DEBUG][http://oa.jklife.com:80 "GET /seeyon/fileDownload.do?method=doDownload&filename=%E9%99%84%E4%BB%B62%EF%BC%9A%E6%96%B0%E4%BA%A7%E5%93%81%E8%B4%B9%E7%8E%87%E8%A1%A8.zip&v=78e424d8ea7e8f7ea9d87bb984493558&fileId=2315368915914934138&createDate=2019-07-18& HTTP/1.1" 200 None]
[2019-09-16 11:34:53,037][ThreadPoolExecutor-0_19:21752][task_id:urllib3.connectionpool][connectionpool.py->_make_request:393][DEBUG][http://oa.jklife.com:80 "GET /seeyon/fileDownload.do?method=doDownload&filename=%E9%99%84%E4%BB%B6%EF%BC%9A%E5%90%9B%E5%BA%B7%E4%BA%BA%E5%AF%BF%E4%BF%9D%E9%99%A9%E8%82%A1%E4%BB%BD%E6%9C%89%E9%99%90%E5%85%AC%E5%8F%B8%E5%A4%9A%E5%85%83%E4%B8%9A%E5%8A%A1%E6%9C%8D%E5%8A%A1%E4%BA%BA%E5%91%98%E5%9F%BA%E6%9C%AC%E7%AE%A1%E7%90%86%E5%8A%9E%E6%B3%95%EF%BC%882019%E8%AF%95%E8%A1%8C%E7%89%88%EF%BC%89.pdf&v=e2e42b4559a7047fdbba82925737fe6c&fileId=2642548175987426905&createDate=2019-06-17& HTTP/1.1" 200 None]
[2019-09-16 11:34:53,101][ThreadPoolExecutor-0_14:21680][task_id:urllib3.connectionpool][connectionpool.py->_put_conn:274][WARNING][Connection pool is full, discarding connection: oa.jklife.com]
[2019-09-16 11:34:53,159][ThreadPoolExecutor-0_4:21328][task_id:urllib3.connectionpool][connectionpool.py->_put_conn:274][WARNING][Connection pool is full, discarding connection: oa.jklife.com]
[2019-09-16 11:34:53,205][ThreadPoolExecutor-0_1:21252][task_id:urllib3.connectionpool][connectionpool.py->_put_conn:274][WARNING][Connection pool is full, discarding connection: oa.jklife.com]
[2019-09-16 11:34:53,207][ThreadPoolExecutor-0_9:21564][task_id:urllib3.connectionpool][connectionpool.py->_put_conn:274][WARNING][Connection pool is full, discarding connection: oa.jklife.com]
[2019-09-16 11:34:53,240][ThreadPoolExecutor-0_9:21564][task_id:urllib3.connectionpool][connectionpool.py->_make_request:393][DEBUG][http://oa.jklife.com:80 "GET /seeyon/fileDownload.do?method=doDownload&filename=%E9%99%84%E4%BB%B65%EF%BC%9A%E5%90%9B%E5%BA%B7%E4%BA%BA%E5%AF%BF%E4%BF%9D%E9%99%A9%E8%82%A1%E4%BB%BD%E6%9C%89%E9%99%90%E5%85%AC%E5%8F%B8%E4%BF%A1%E6%81%AF%E5%8C%96%E5%B7%A5%E4%BD%9C%E5%A7%94%E5%91%98%E4%BC%9A%E7%AE%A1%E7%90%86%E5%8A%9E%E6%B3%95.pdf&v=bd71b215aaa258830780140dbac8813a&fileId=-1997596458792893555&createDate=2019-08-08& HTTP/1.1" 200 None]
[2019-09-16 11:34:53,348][ThreadPoolExecutor-0_19:21752][task_id:urllib3.connectionpool][connectionpool.py->_put_conn:274][WARNING][Connection pool is full, discarding connection: oa.jklife.com]
[2019-09-16 11:34:53,363][ThreadPoolExecutor-0_21:21636][task_id:urllib3.connectionpool][connectionpool.py->_put_conn:274][WARNING][Connection pool is full, discarding connection: oa.jklife.com]
[2019-09-16 11:34:53,384][ThreadPoolExecutor-0_21:21636][task_id:urllib3.connectionpool][connectionpool.py->_make_request:393][DEBUG][http://oa.jklife.com:80 "GET /seeyon/fileDownload.do?method=doDownload&filename=%E9%99%84%E4%BB%B63%EF%BC%9A%E6%96%B0%E4%BA%A7%E5%93%81%E6%8A%95%E4%BF%9D%E8%A7%84%E5%88%99.zip&v=5e6165367efd86b84645da4ab7adc347&fileId=-6201495680909492212&createDate=2019-07-18& HTTP/1.1" 200 None]
[2019-09-16 11:34:53,438][ThreadPoolExecutor-0_9:21564][task_id:urllib3.connectionpool][connectionpool.py->_put_conn:274][WARNING][Connection pool is full, discarding connection: oa.jklife.com]
[2019-09-16 11:34:53,444][MainThread:22316][task_id:xjLib.log][log.py-><listcomp>:128][DEBUG][公告正文及附件下载完成，请检查。]
