[2019-06-02 15:51:35,562][MainThread:26696][task_id:xjLib.log][log.py-><listcomp>:130][DEBUG][开始下载公告，获取列表信息......]
[2019-06-02 15:51:35,567][MainThread:26696][task_id:urllib3.connectionpool][connectionpool.py->_new_conn:205][DEBUG][Starting new HTTP connection (1): oa.jklife.com:80]
[2019-06-02 15:51:35,607][MainThread:26696][task_id:urllib3.connectionpool][connectionpool.py->_make_request:393][DEBUG][http://oa.jklife.com:80 "GET / HTTP/1.1" 302 0]
[2019-06-02 15:51:35,626][MainThread:26696][task_id:urllib3.connectionpool][connectionpool.py->_make_request:393][DEBUG][http://oa.jklife.com:80 "GET /seeyon/index.jsp HTTP/1.1" 200 None]
[2019-06-02 15:51:35,640][MainThread:26696][task_id:urllib3.connectionpool][connectionpool.py->_make_request:393][DEBUG][http://oa.jklife.com:80 "POST /seeyon/main.do?method=login HTTP/1.1" 302 0]
[2019-06-02 15:51:35,674][MainThread:26696][task_id:urllib3.connectionpool][connectionpool.py->_make_request:393][DEBUG][http://oa.jklife.com:80 "POST /seeyon/ajax.do?method=ajaxAction&managerName=bulDataManager&rnd=97013 HTTP/1.1" 200 None]
[2019-06-02 15:51:35,750][MainThread:26696][task_id:xjLib.log][log.py-><listcomp>:130][DEBUG][总页数：41	总size数：819]
[2019-06-02 15:51:35,778][MainThread:26696][task_id:urllib3.connectionpool][connectionpool.py->_make_request:393][DEBUG][http://oa.jklife.com:80 "POST /seeyon/ajax.do?method=ajaxAction&managerName=bulDataManager&rnd=40592 HTTP/1.1" 200 None]
[2019-06-02 15:51:35,782][MainThread:26696][task_id:xjLib.log][log.py-><listcomp>:130][DEBUG][总项目：8]
[2019-06-02 15:51:35,783][MainThread:26696][task_id:xjLib.log][log.py-><listcomp>:130][DEBUG][获取列表信息完成，开始下载正文及附件......]
[2019-06-02 15:51:35,797][ThreadPoolExecutor-0_0:21732][task_id:xjLib.log][log.py-><listcomp>:130][DEBUG][d:/1/君保发〔2019〕106号关于2019年端午节放假的通知 创建成功]
[2019-06-02 15:51:35,798][ThreadPoolExecutor-0_1:13044][task_id:xjLib.log][log.py-><listcomp>:130][DEBUG][d:/1/君保发〔2019〕104号关于下发《君康人寿保险股份有限公司数据库管理办法（试行）》的通知 创建成功]
[2019-06-02 15:51:35,799][ThreadPoolExecutor-0_4:29608][task_id:xjLib.log][log.py-><listcomp>:130][DEBUG][d:/1/君保发〔2019〕96号关于下发《君康人寿保险股份有限公司保险资产管理重大突发事件应急预案》的通知 创建成功]
[2019-06-02 15:51:35,802][ThreadPoolExecutor-0_5:13656][task_id:xjLib.log][log.py-><listcomp>:130][DEBUG][d:/1/君保发〔2019〕94号关于下发《君康人寿保险股份有限公司客户信息安全管理办法（试行）》的通知 创建成功]
[2019-06-02 15:51:35,802][ThreadPoolExecutor-0_3:23984][task_id:xjLib.log][log.py-><listcomp>:130][DEBUG][d:/1/君保发〔2019〕97号关于下发《君康人寿保险股份有限公司软件正版化管理办法（试行）》的通知 创建成功]
[2019-06-02 15:51:35,810][ThreadPoolExecutor-0_2:26668][task_id:xjLib.log][log.py-><listcomp>:130][DEBUG][d:/1/君保发〔2019〕103号关于下发《君康人寿保险股份有限公司终端安全管理办法（试行）》的通知 创建成功]
[2019-06-02 15:51:35,811][ThreadPoolExecutor-0_6:30860][task_id:xjLib.log][log.py-><listcomp>:130][DEBUG][d:/1/君保发〔2019〕93号关于下发《君康人寿保险股份有限公司资产负债管理报告管理办法》的通知 创建成功]
[2019-06-02 15:51:35,816][ThreadPoolExecutor-0_7:17688][task_id:xjLib.log][log.py-><listcomp>:130][DEBUG][d:/1/君保发〔2019〕92号关于下发《君康人寿保险股份有限公司资产负债管理季度报告编报操作手册》的通知 创建成功]
[2019-06-02 15:51:35,819][ThreadPoolExecutor-0_4:29608][task_id:urllib3.connectionpool][connectionpool.py->_new_conn:205][DEBUG][Starting new HTTP connection (2): oa.jklife.com:80]
[2019-06-02 15:51:35,826][ThreadPoolExecutor-0_1:13044][task_id:urllib3.connectionpool][connectionpool.py->_new_conn:205][DEBUG][Starting new HTTP connection (3): oa.jklife.com:80]
[2019-06-02 15:51:35,830][ThreadPoolExecutor-0_5:13656][task_id:urllib3.connectionpool][connectionpool.py->_new_conn:205][DEBUG][Starting new HTTP connection (4): oa.jklife.com:80]
[2019-06-02 15:51:35,832][ThreadPoolExecutor-0_2:26668][task_id:urllib3.connectionpool][connectionpool.py->_new_conn:205][DEBUG][Starting new HTTP connection (5): oa.jklife.com:80]
[2019-06-02 15:51:35,834][ThreadPoolExecutor-0_3:23984][task_id:urllib3.connectionpool][connectionpool.py->_new_conn:205][DEBUG][Starting new HTTP connection (6): oa.jklife.com:80]
[2019-06-02 15:51:35,835][ThreadPoolExecutor-0_0:21732][task_id:urllib3.connectionpool][connectionpool.py->_make_request:393][DEBUG][http://oa.jklife.com:80 "GET /seeyon/bulData.do?method=bulView&bulId=-8115203976559113772 HTTP/1.1" 200 None]
[2019-06-02 15:51:35,836][ThreadPoolExecutor-0_6:30860][task_id:urllib3.connectionpool][connectionpool.py->_new_conn:205][DEBUG][Starting new HTTP connection (7): oa.jklife.com:80]
[2019-06-02 15:51:35,838][ThreadPoolExecutor-0_7:17688][task_id:urllib3.connectionpool][connectionpool.py->_new_conn:205][DEBUG][Starting new HTTP connection (8): oa.jklife.com:80]
[2019-06-02 15:51:35,886][ThreadPoolExecutor-0_1:13044][task_id:urllib3.connectionpool][connectionpool.py->_make_request:393][DEBUG][http://oa.jklife.com:80 "GET /seeyon/bulData.do?method=bulView&bulId=-8272554077665473073 HTTP/1.1" 200 None]
[2019-06-02 15:51:35,901][ThreadPoolExecutor-0_5:13656][task_id:urllib3.connectionpool][connectionpool.py->_make_request:393][DEBUG][http://oa.jklife.com:80 "GET /seeyon/bulData.do?method=bulView&bulId=-5839365892631411963 HTTP/1.1" 200 None]
[2019-06-02 15:51:35,905][ThreadPoolExecutor-0_4:29608][task_id:urllib3.connectionpool][connectionpool.py->_make_request:393][DEBUG][http://oa.jklife.com:80 "GET /seeyon/bulData.do?method=bulView&bulId=-5943453529305956326 HTTP/1.1" 200 None]
[2019-06-02 15:51:35,914][ThreadPoolExecutor-0_6:30860][task_id:urllib3.connectionpool][connectionpool.py->_make_request:393][DEBUG][http://oa.jklife.com:80 "GET /seeyon/bulData.do?method=bulView&bulId=7582566689665469482 HTTP/1.1" 200 None]
[2019-06-02 15:51:35,940][ThreadPoolExecutor-0_2:26668][task_id:urllib3.connectionpool][connectionpool.py->_make_request:393][DEBUG][http://oa.jklife.com:80 "GET /seeyon/bulData.do?method=bulView&bulId=-2750322739327581125 HTTP/1.1" 200 None]
[2019-06-02 15:51:35,940][ThreadPoolExecutor-0_7:17688][task_id:urllib3.connectionpool][connectionpool.py->_make_request:393][DEBUG][http://oa.jklife.com:80 "GET /seeyon/bulData.do?method=bulView&bulId=-4154379368593210090 HTTP/1.1" 200 None]
[2019-06-02 15:51:35,940][ThreadPoolExecutor-0_3:23984][task_id:urllib3.connectionpool][connectionpool.py->_make_request:393][DEBUG][http://oa.jklife.com:80 "GET /seeyon/bulData.do?method=bulView&bulId=-7298971067497953966 HTTP/1.1" 200 None]
[2019-06-02 15:51:36,011][ThreadPoolExecutor-0_2:26668][task_id:urllib3.connectionpool][connectionpool.py->_make_request:393][DEBUG][http://oa.jklife.com:80 "GET /seeyon/fileDownload.do?method=download&fileId=-2275930072143999690&v=e5425c987a317b1dde5bf6db2319f132&createDate=2019-05-29&filename=%E9%99%84%E4%BB%B6%EF%BC%9A%E5%90%9B%E5%BA%B7%E4%BA%BA%E5%AF%BF%E4%BF%9D%E9%99%A9%E8%82%A1%E4%BB%BD%E6%9C%89%E9%99%90%E5%85%AC%E5%8F%B8%E7%BB%88%E7%AB%AF%E5%AE%89%E5%85%A8%E7%AE%A1%E7%90%86%E5%8A%9E%E6%B3%95%EF%BC%88%E8%AF%95%E8%A1%8C%EF%BC%89.pdf HTTP/1.1" 302 0]
[2019-06-02 15:51:36,015][ThreadPoolExecutor-0_7:17688][task_id:urllib3.connectionpool][connectionpool.py->_make_request:393][DEBUG][http://oa.jklife.com:80 "GET /seeyon/fileDownload.do?method=download&fileId=-6204000857669614587&v=d0a35e3540f1dbeaa00c6da1912a35be&createDate=2019-05-14&filename=%E9%99%84%E4%BB%B6%EF%BC%9A%E5%90%9B%E5%BA%B7%E4%BA%BA%E5%AF%BF%E4%BF%9D%E9%99%A9%E8%82%A1%E4%BB%BD%E6%9C%89%E9%99%90%E5%85%AC%E5%8F%B8%E8%B5%84%E4%BA%A7%E8%B4%9F%E5%80%BA%E7%AE%A1%E7%90%86%E5%AD%A3%E5%BA%A6%E6%8A%A5%E5%91%8A%E7%BC%96%E6%8A%A5%E6%93%8D%E4%BD%9C%E6%89%8B%E5%86%8C.pdf HTTP/1.1" 302 0]
[2019-06-02 15:51:36,018][ThreadPoolExecutor-0_5:13656][task_id:urllib3.connectionpool][connectionpool.py->_make_request:393][DEBUG][http://oa.jklife.com:80 "GET /seeyon/fileDownload.do?method=download&fileId=-6798093808491016620&v=9dac700ffec6f42e590c682b0f3b3679&createDate=2019-05-16&filename=%E9%99%84%E4%BB%B6%EF%BC%9A%E5%90%9B%E5%BA%B7%E4%BA%BA%E5%AF%BF%E4%BF%9D%E9%99%A9%E8%82%A1%E4%BB%BD%E6%9C%89%E9%99%90%E5%85%AC%E5%8F%B8%E5%AE%A2%E6%88%B7%E4%BF%A1%E6%81%AF%E5%AE%89%E5%85%A8%E7%AE%A1%E7%90%86%E5%8A%9E%E6%B3%95%EF%BC%88%E8%AF%95%E8%A1%8C%EF%BC%89.pdf HTTP/1.1" 302 0]
[2019-06-02 15:51:36,023][ThreadPoolExecutor-0_2:26668][task_id:xjLib.log][log.py-><listcomp>:130][DEBUG][/seeyon/fileDownload.do?method=doDownload&filename=%E9%99%84%E4%BB%B6%EF%BC%9A%E5%90%9B%E5%BA%B7%E4%BA%BA%E5%AF%BF%E4%BF%9D%E9%99%A9%E8%82%A1%E4%BB%BD%E6%9C%89%E9%99%90%E5%85%AC%E5%8F%B8%E7%BB%88%E7%AB%AF%E5%AE%89%E5%85%A8%E7%AE%A1%E7%90%86%E5%8A%9E%E6%B3%95%EF%BC%88%E8%AF%95%E8%A1%8C%EF%BC%89.pdf&v=e5425c987a317b1dde5bf6db2319f132&fileId=-2275930072143999690&createDate=2019-05-29&]
[2019-06-02 15:51:36,026][ThreadPoolExecutor-0_7:17688][task_id:xjLib.log][log.py-><listcomp>:130][DEBUG][/seeyon/fileDownload.do?method=doDownload&filename=%E9%99%84%E4%BB%B6%EF%BC%9A%E5%90%9B%E5%BA%B7%E4%BA%BA%E5%AF%BF%E4%BF%9D%E9%99%A9%E8%82%A1%E4%BB%BD%E6%9C%89%E9%99%90%E5%85%AC%E5%8F%B8%E8%B5%84%E4%BA%A7%E8%B4%9F%E5%80%BA%E7%AE%A1%E7%90%86%E5%AD%A3%E5%BA%A6%E6%8A%A5%E5%91%8A%E7%BC%96%E6%8A%A5%E6%93%8D%E4%BD%9C%E6%89%8B%E5%86%8C.pdf&v=d0a35e3540f1dbeaa00c6da1912a35be&fileId=-6204000857669614587&createDate=2019-05-14&]
[2019-06-02 15:51:36,031][ThreadPoolExecutor-0_4:29608][task_id:urllib3.connectionpool][connectionpool.py->_make_request:393][DEBUG][http://oa.jklife.com:80 "GET /seeyon/fileDownload.do?method=download&fileId=7437004705451036575&v=e7c0a01ac9cd9687f8c9347a01790559&createDate=2019-05-16&filename=%E9%99%84%E4%BB%B6%EF%BC%9A%E5%90%9B%E5%BA%B7%E4%BA%BA%E5%AF%BF%E4%BF%9D%E9%99%A9%E8%82%A1%E4%BB%BD%E6%9C%89%E9%99%90%E5%85%AC%E5%8F%B8%E4%BF%9D%E9%99%A9%E8%B5%84%E4%BA%A7%E7%AE%A1%E7%90%86%E9%87%8D%E5%A4%A7%E7%AA%81%E5%8F%91%E4%BA%8B%E4%BB%B6%E5%BA%94%E6%80%A5%E9%A2%84%E6%A1%88.pdf HTTP/1.1" 302 0]
[2019-06-02 15:51:36,033][ThreadPoolExecutor-0_5:13656][task_id:xjLib.log][log.py-><listcomp>:130][DEBUG][/seeyon/fileDownload.do?method=doDownload&filename=%E9%99%84%E4%BB%B6%EF%BC%9A%E5%90%9B%E5%BA%B7%E4%BA%BA%E5%AF%BF%E4%BF%9D%E9%99%A9%E8%82%A1%E4%BB%BD%E6%9C%89%E9%99%90%E5%85%AC%E5%8F%B8%E5%AE%A2%E6%88%B7%E4%BF%A1%E6%81%AF%E5%AE%89%E5%85%A8%E7%AE%A1%E7%90%86%E5%8A%9E%E6%B3%95%EF%BC%88%E8%AF%95%E8%A1%8C%EF%BC%89.pdf&v=9dac700ffec6f42e590c682b0f3b3679&fileId=-6798093808491016620&createDate=2019-05-16&]
[2019-06-02 15:51:36,037][ThreadPoolExecutor-0_3:23984][task_id:urllib3.connectionpool][connectionpool.py->_make_request:393][DEBUG][http://oa.jklife.com:80 "GET /seeyon/fileDownload.do?method=download&fileId=-8119188518964868329&v=084be7ee08ff8e7951e27eade82396c6&createDate=2019-05-16&filename=%E9%99%84%E4%BB%B6%EF%BC%9A%E5%90%9B%E5%BA%B7%E4%BA%BA%E5%AF%BF%E4%BF%9D%E9%99%A9%E8%82%A1%E4%BB%BD%E6%9C%89%E9%99%90%E5%85%AC%E5%8F%B8%E8%BD%AF%E4%BB%B6%E6%AD%A3%E7%89%88%E5%8C%96%E7%AE%A1%E7%90%86%E5%8A%9E%E6%B3%95%EF%BC%88%E8%AF%95%E8%A1%8C%EF%BC%89.pdf HTTP/1.1" 302 0]
[2019-06-02 15:51:36,052][ThreadPoolExecutor-0_7:17688][task_id:urllib3.connectionpool][connectionpool.py->_make_request:393][DEBUG][http://oa.jklife.com:80 "GET /seeyon/fileDownload.do?method=doDownload&filename=%E9%99%84%E4%BB%B6%EF%BC%9A%E5%90%9B%E5%BA%B7%E4%BA%BA%E5%AF%BF%E4%BF%9D%E9%99%A9%E8%82%A1%E4%BB%BD%E6%9C%89%E9%99%90%E5%85%AC%E5%8F%B8%E8%B5%84%E4%BA%A7%E8%B4%9F%E5%80%BA%E7%AE%A1%E7%90%86%E5%AD%A3%E5%BA%A6%E6%8A%A5%E5%91%8A%E7%BC%96%E6%8A%A5%E6%93%8D%E4%BD%9C%E6%89%8B%E5%86%8C.pdf&v=d0a35e3540f1dbeaa00c6da1912a35be&fileId=-6204000857669614587&createDate=2019-05-14& HTTP/1.1" 200 None]
[2019-06-02 15:51:36,053][ThreadPoolExecutor-0_4:29608][task_id:xjLib.log][log.py-><listcomp>:130][DEBUG][/seeyon/fileDownload.do?method=doDownload&filename=%E9%99%84%E4%BB%B6%EF%BC%9A%E5%90%9B%E5%BA%B7%E4%BA%BA%E5%AF%BF%E4%BF%9D%E9%99%A9%E8%82%A1%E4%BB%BD%E6%9C%89%E9%99%90%E5%85%AC%E5%8F%B8%E4%BF%9D%E9%99%A9%E8%B5%84%E4%BA%A7%E7%AE%A1%E7%90%86%E9%87%8D%E5%A4%A7%E7%AA%81%E5%8F%91%E4%BA%8B%E4%BB%B6%E5%BA%94%E6%80%A5%E9%A2%84%E6%A1%88.pdf&v=e7c0a01ac9cd9687f8c9347a01790559&fileId=7437004705451036575&createDate=2019-05-16&]
[2019-06-02 15:51:36,054][ThreadPoolExecutor-0_3:23984][task_id:xjLib.log][log.py-><listcomp>:130][DEBUG][/seeyon/fileDownload.do?method=doDownload&filename=%E9%99%84%E4%BB%B6%EF%BC%9A%E5%90%9B%E5%BA%B7%E4%BA%BA%E5%AF%BF%E4%BF%9D%E9%99%A9%E8%82%A1%E4%BB%BD%E6%9C%89%E9%99%90%E5%85%AC%E5%8F%B8%E8%BD%AF%E4%BB%B6%E6%AD%A3%E7%89%88%E5%8C%96%E7%AE%A1%E7%90%86%E5%8A%9E%E6%B3%95%EF%BC%88%E8%AF%95%E8%A1%8C%EF%BC%89.pdf&v=084be7ee08ff8e7951e27eade82396c6&fileId=-8119188518964868329&createDate=2019-05-16&]
[2019-06-02 15:51:36,069][ThreadPoolExecutor-0_2:26668][task_id:urllib3.connectionpool][connectionpool.py->_make_request:393][DEBUG][http://oa.jklife.com:80 "GET /seeyon/fileDownload.do?method=doDownload&filename=%E9%99%84%E4%BB%B6%EF%BC%9A%E5%90%9B%E5%BA%B7%E4%BA%BA%E5%AF%BF%E4%BF%9D%E9%99%A9%E8%82%A1%E4%BB%BD%E6%9C%89%E9%99%90%E5%85%AC%E5%8F%B8%E7%BB%88%E7%AB%AF%E5%AE%89%E5%85%A8%E7%AE%A1%E7%90%86%E5%8A%9E%E6%B3%95%EF%BC%88%E8%AF%95%E8%A1%8C%EF%BC%89.pdf&v=e5425c987a317b1dde5bf6db2319f132&fileId=-2275930072143999690&createDate=2019-05-29& HTTP/1.1" 200 None]
[2019-06-02 15:51:36,072][ThreadPoolExecutor-0_5:13656][task_id:urllib3.connectionpool][connectionpool.py->_make_request:393][DEBUG][http://oa.jklife.com:80 "GET /seeyon/fileDownload.do?method=doDownload&filename=%E9%99%84%E4%BB%B6%EF%BC%9A%E5%90%9B%E5%BA%B7%E4%BA%BA%E5%AF%BF%E4%BF%9D%E9%99%A9%E8%82%A1%E4%BB%BD%E6%9C%89%E9%99%90%E5%85%AC%E5%8F%B8%E5%AE%A2%E6%88%B7%E4%BF%A1%E6%81%AF%E5%AE%89%E5%85%A8%E7%AE%A1%E7%90%86%E5%8A%9E%E6%B3%95%EF%BC%88%E8%AF%95%E8%A1%8C%EF%BC%89.pdf&v=9dac700ffec6f42e590c682b0f3b3679&fileId=-6798093808491016620&createDate=2019-05-16& HTTP/1.1" 200 None]
[2019-06-02 15:51:36,085][ThreadPoolExecutor-0_3:23984][task_id:urllib3.connectionpool][connectionpool.py->_make_request:393][DEBUG][http://oa.jklife.com:80 "GET /seeyon/fileDownload.do?method=doDownload&filename=%E9%99%84%E4%BB%B6%EF%BC%9A%E5%90%9B%E5%BA%B7%E4%BA%BA%E5%AF%BF%E4%BF%9D%E9%99%A9%E8%82%A1%E4%BB%BD%E6%9C%89%E9%99%90%E5%85%AC%E5%8F%B8%E8%BD%AF%E4%BB%B6%E6%AD%A3%E7%89%88%E5%8C%96%E7%AE%A1%E7%90%86%E5%8A%9E%E6%B3%95%EF%BC%88%E8%AF%95%E8%A1%8C%EF%BC%89.pdf&v=084be7ee08ff8e7951e27eade82396c6&fileId=-8119188518964868329&createDate=2019-05-16& HTTP/1.1" 200 None]
[2019-06-02 15:51:36,087][ThreadPoolExecutor-0_1:13044][task_id:urllib3.connectionpool][connectionpool.py->_make_request:393][DEBUG][http://oa.jklife.com:80 "GET /seeyon/fileDownload.do?method=download&fileId=4587735245392135019&v=8dd426a3230826d87e9d54eeed2bc9a7&createDate=2019-05-29&filename=%E9%99%84%E4%BB%B6%EF%BC%9A%E5%90%9B%E5%BA%B7%E4%BA%BA%E5%AF%BF%E4%BF%9D%E9%99%A9%E8%82%A1%E4%BB%BD%E6%9C%89%E9%99%90%E5%85%AC%E5%8F%B8%E6%95%B0%E6%8D%AE%E5%BA%93%E7%AE%A1%E7%90%86%E5%8A%9E%E6%B3%95%EF%BC%88%E8%AF%95%E8%A1%8C%EF%BC%89.pdf HTTP/1.1" 302 0]
[2019-06-02 15:51:36,094][ThreadPoolExecutor-0_4:29608][task_id:urllib3.connectionpool][connectionpool.py->_make_request:393][DEBUG][http://oa.jklife.com:80 "GET /seeyon/fileDownload.do?method=doDownload&filename=%E9%99%84%E4%BB%B6%EF%BC%9A%E5%90%9B%E5%BA%B7%E4%BA%BA%E5%AF%BF%E4%BF%9D%E9%99%A9%E8%82%A1%E4%BB%BD%E6%9C%89%E9%99%90%E5%85%AC%E5%8F%B8%E4%BF%9D%E9%99%A9%E8%B5%84%E4%BA%A7%E7%AE%A1%E7%90%86%E9%87%8D%E5%A4%A7%E7%AA%81%E5%8F%91%E4%BA%8B%E4%BB%B6%E5%BA%94%E6%80%A5%E9%A2%84%E6%A1%88.pdf&v=e7c0a01ac9cd9687f8c9347a01790559&fileId=7437004705451036575&createDate=2019-05-16& HTTP/1.1" 200 None]
[2019-06-02 15:51:36,098][ThreadPoolExecutor-0_1:13044][task_id:xjLib.log][log.py-><listcomp>:130][DEBUG][/seeyon/fileDownload.do?method=doDownload&filename=%E9%99%84%E4%BB%B6%EF%BC%9A%E5%90%9B%E5%BA%B7%E4%BA%BA%E5%AF%BF%E4%BF%9D%E9%99%A9%E8%82%A1%E4%BB%BD%E6%9C%89%E9%99%90%E5%85%AC%E5%8F%B8%E6%95%B0%E6%8D%AE%E5%BA%93%E7%AE%A1%E7%90%86%E5%8A%9E%E6%B3%95%EF%BC%88%E8%AF%95%E8%A1%8C%EF%BC%89.pdf&v=8dd426a3230826d87e9d54eeed2bc9a7&fileId=4587735245392135019&createDate=2019-05-29&]
[2019-06-02 15:51:36,101][ThreadPoolExecutor-0_6:30860][task_id:urllib3.connectionpool][connectionpool.py->_make_request:393][DEBUG][http://oa.jklife.com:80 "GET /seeyon/fileDownload.do?method=download&fileId=-4298043943257423476&v=90a0e340ac15d54d7da68205e38088c4&createDate=2019-05-14&filename=%E9%99%84%E4%BB%B6%EF%BC%9A%E5%90%9B%E5%BA%B7%E4%BA%BA%E5%AF%BF%E4%BF%9D%E9%99%A9%E8%82%A1%E4%BB%BD%E6%9C%89%E9%99%90%E5%85%AC%E5%8F%B8%E8%B5%84%E4%BA%A7%E8%B4%9F%E5%80%BA%E7%AE%A1%E7%90%86%E6%8A%A5%E5%91%8A%E7%AE%A1%E7%90%86%E5%8A%9E%E6%B3%95.pdf HTTP/1.1" 302 0]
[2019-06-02 15:51:36,109][ThreadPoolExecutor-0_6:30860][task_id:xjLib.log][log.py-><listcomp>:130][DEBUG][/seeyon/fileDownload.do?method=doDownload&filename=%E9%99%84%E4%BB%B6%EF%BC%9A%E5%90%9B%E5%BA%B7%E4%BA%BA%E5%AF%BF%E4%BF%9D%E9%99%A9%E8%82%A1%E4%BB%BD%E6%9C%89%E9%99%90%E5%85%AC%E5%8F%B8%E8%B5%84%E4%BA%A7%E8%B4%9F%E5%80%BA%E7%AE%A1%E7%90%86%E6%8A%A5%E5%91%8A%E7%AE%A1%E7%90%86%E5%8A%9E%E6%B3%95.pdf&v=90a0e340ac15d54d7da68205e38088c4&fileId=-4298043943257423476&createDate=2019-05-14&]
[2019-06-02 15:51:36,152][ThreadPoolExecutor-0_6:30860][task_id:urllib3.connectionpool][connectionpool.py->_make_request:393][DEBUG][http://oa.jklife.com:80 "GET /seeyon/fileDownload.do?method=doDownload&filename=%E9%99%84%E4%BB%B6%EF%BC%9A%E5%90%9B%E5%BA%B7%E4%BA%BA%E5%AF%BF%E4%BF%9D%E9%99%A9%E8%82%A1%E4%BB%BD%E6%9C%89%E9%99%90%E5%85%AC%E5%8F%B8%E8%B5%84%E4%BA%A7%E8%B4%9F%E5%80%BA%E7%AE%A1%E7%90%86%E6%8A%A5%E5%91%8A%E7%AE%A1%E7%90%86%E5%8A%9E%E6%B3%95.pdf&v=90a0e340ac15d54d7da68205e38088c4&fileId=-4298043943257423476&createDate=2019-05-14& HTTP/1.1" 200 None]
[2019-06-02 15:51:36,187][ThreadPoolExecutor-0_1:13044][task_id:urllib3.connectionpool][connectionpool.py->_make_request:393][DEBUG][http://oa.jklife.com:80 "GET /seeyon/fileDownload.do?method=doDownload&filename=%E9%99%84%E4%BB%B6%EF%BC%9A%E5%90%9B%E5%BA%B7%E4%BA%BA%E5%AF%BF%E4%BF%9D%E9%99%A9%E8%82%A1%E4%BB%BD%E6%9C%89%E9%99%90%E5%85%AC%E5%8F%B8%E6%95%B0%E6%8D%AE%E5%BA%93%E7%AE%A1%E7%90%86%E5%8A%9E%E6%B3%95%EF%BC%88%E8%AF%95%E8%A1%8C%EF%BC%89.pdf&v=8dd426a3230826d87e9d54eeed2bc9a7&fileId=4587735245392135019&createDate=2019-05-29& HTTP/1.1" 200 None]
[2019-06-02 15:51:36,542][MainThread:26696][task_id:xjLib.log][log.py-><listcomp>:130][DEBUG][公告正文及附件下载完成，请检查。]
[2019-06-02 15:53:48,243][MainThread:30156][task_id:xjLib.log][log.py-><listcomp>:130][DEBUG][开始下载公告，获取列表信息......]
[2019-06-02 15:53:48,247][MainThread:30156][task_id:urllib3.connectionpool][connectionpool.py->_new_conn:205][DEBUG][Starting new HTTP connection (1): oa.jklife.com:80]
[2019-06-02 15:53:48,276][MainThread:30156][task_id:urllib3.connectionpool][connectionpool.py->_make_request:393][DEBUG][http://oa.jklife.com:80 "GET / HTTP/1.1" 302 0]
[2019-06-02 15:53:48,292][MainThread:30156][task_id:urllib3.connectionpool][connectionpool.py->_make_request:393][DEBUG][http://oa.jklife.com:80 "GET /seeyon/index.jsp HTTP/1.1" 200 None]
[2019-06-02 15:53:48,305][MainThread:30156][task_id:urllib3.connectionpool][connectionpool.py->_make_request:393][DEBUG][http://oa.jklife.com:80 "POST /seeyon/main.do?method=login HTTP/1.1" 302 0]
[2019-06-02 15:53:48,327][MainThread:30156][task_id:urllib3.connectionpool][connectionpool.py->_make_request:393][DEBUG][http://oa.jklife.com:80 "POST /seeyon/ajax.do?method=ajaxAction&managerName=bulDataManager&rnd=97013 HTTP/1.1" 200 None]
[2019-06-02 15:53:48,328][MainThread:30156][task_id:xjLib.log][log.py-><listcomp>:130][DEBUG][总页数：41	总size数：819]
[2019-06-02 15:53:48,346][MainThread:30156][task_id:urllib3.connectionpool][connectionpool.py->_make_request:393][DEBUG][http://oa.jklife.com:80 "POST /seeyon/ajax.do?method=ajaxAction&managerName=bulDataManager&rnd=40592 HTTP/1.1" 200 None]
[2019-06-02 15:53:48,348][MainThread:30156][task_id:xjLib.log][log.py-><listcomp>:130][DEBUG][总项目：0]
[2019-06-02 15:53:48,348][MainThread:30156][task_id:xjLib.log][log.py-><listcomp>:130][DEBUG][获取列表信息完成，开始下载正文及附件......]
[2019-06-02 15:53:48,348][MainThread:30156][task_id:xjLib.log][log.py-><listcomp>:130][DEBUG][公告正文及附件下载完成，请检查。]
