[2020-02-04 16:36:08,416][MainThread:24108][task_id:xjLib.log][log.py-><listcomp>:128][DEBUG][开始下载公告，获取列表信息......]
[2020-02-04 16:36:08,476][MainThread:24108][task_id:urllib3.connectionpool][connectionpool.py->_new_conn:205][DEBUG][Starting new HTTP connection (1): oa.jklife.com:80]
[2020-02-04 16:36:08,559][MainThread:24108][task_id:urllib3.connectionpool][connectionpool.py->_make_request:393][DEBUG][http://oa.jklife.com:80 "GET / HTTP/1.1" 302 0]
[2020-02-04 16:36:08,590][MainThread:24108][task_id:urllib3.connectionpool][connectionpool.py->_make_request:393][DEBUG][http://oa.jklife.com:80 "GET /seeyon/index.jsp HTTP/1.1" 200 None]
[2020-02-04 16:36:08,622][MainThread:24108][task_id:urllib3.connectionpool][connectionpool.py->_make_request:393][DEBUG][http://oa.jklife.com:80 "POST /seeyon/main.do?method=login HTTP/1.1" 302 0]
[2020-02-04 16:36:08,743][MainThread:24108][task_id:urllib3.connectionpool][connectionpool.py->_make_request:393][DEBUG][http://oa.jklife.com:80 "POST /seeyon/ajax.do?method=ajaxAction&managerName=bulDataManager&rnd=97013 HTTP/1.1" 200 None]
[2020-02-04 16:36:08,758][MainThread:24108][task_id:xjLib.log][log.py-><listcomp>:128][DEBUG][总页数：46	总size数：907]
[2020-02-04 16:36:08,782][MainThread:24108][task_id:urllib3.connectionpool][connectionpool.py->_make_request:393][DEBUG][http://oa.jklife.com:80 "POST /seeyon/ajax.do?method=ajaxAction&managerName=bulDataManager&rnd=40592 HTTP/1.1" 200 None]
[2020-02-04 16:36:08,801][MainThread:24108][task_id:urllib3.connectionpool][connectionpool.py->_make_request:393][DEBUG][http://oa.jklife.com:80 "POST /seeyon/ajax.do?method=ajaxAction&managerName=bulDataManager&rnd=40592 HTTP/1.1" 200 None]
[2020-02-04 16:36:08,821][MainThread:24108][task_id:urllib3.connectionpool][connectionpool.py->_make_request:393][DEBUG][http://oa.jklife.com:80 "POST /seeyon/ajax.do?method=ajaxAction&managerName=bulDataManager&rnd=40592 HTTP/1.1" 200 None]
[2020-02-04 16:36:08,823][MainThread:24108][task_id:xjLib.log][log.py-><listcomp>:128][DEBUG][总项目：50]
[2020-02-04 16:36:08,823][MainThread:24108][task_id:xjLib.log][log.py-><listcomp>:128][DEBUG][获取列表信息完成，开始下载正文及附件......]
[2020-02-04 16:36:08,834][ThreadPoolExecutor-0_0:38144][task_id:xjLib.log][log.py-><listcomp>:128][DEBUG][d:/1/君保发〔2020〕18号关于李飞等职务任免的通知 创建成功]
[2020-02-04 16:36:08,835][ThreadPoolExecutor-0_8:37348][task_id:xjLib.log][log.py-><listcomp>:128][DEBUG][d:/1/君保发〔2020〕10号君康人寿保险股份有限公司关于成立总公司健康保险事业部的通知 创建成功]
[2020-02-04 16:36:08,835][ThreadPoolExecutor-0_11:35648][task_id:xjLib.log][log.py-><listcomp>:128][DEBUG][d:/1/君保发〔2020〕7号关于下发《君康人寿保险股份有限公司银保业务品质管理办法（2020年修订版）》的通知 创建成功]
[2020-02-04 16:36:08,835][ThreadPoolExecutor-0_9:41320][task_id:xjLib.log][log.py-><listcomp>:128][DEBUG][d:/1/君保发〔2020〕9号关于王新职务聘任的通知 创建成功]
[2020-02-04 16:36:08,836][ThreadPoolExecutor-0_16:38824][task_id:xjLib.log][log.py-><listcomp>:128][DEBUG][d:/1/君保发〔2019〕197号关于君康颐享金生年金保险产品上市的通知 创建成功]
[2020-02-04 16:36:08,836][ThreadPoolExecutor-0_1:41364][task_id:xjLib.log][log.py-><listcomp>:128][DEBUG][d:/1/君保发〔2020〕17号关于做好春节期间新型冠状病毒疫情预防工作的通知 创建成功]
[2020-02-04 16:36:08,839][ThreadPoolExecutor-0_7:30424][task_id:xjLib.log][log.py-><listcomp>:128][DEBUG][d:/1/君保发〔2020〕11号关于下发《君康人寿保险股份有限公司保险统计管理办法》的通知 创建成功]
[2020-02-04 16:36:08,839][ThreadPoolExecutor-0_5:37300][task_id:xjLib.log][log.py-><listcomp>:128][DEBUG][d:/1/君保发〔2020〕13号关于2020年春节放假的通知 创建成功]
[2020-02-04 16:36:08,839][ThreadPoolExecutor-0_4:39384][task_id:xjLib.log][log.py-><listcomp>:128][DEBUG][d:/1/君保发〔2020〕14号关于下发《君康人寿保险股份有限公司资产负债管理办法》的通知 创建成功]
[2020-02-04 16:36:08,839][ThreadPoolExecutor-0_13:32120][task_id:xjLib.log][log.py-><listcomp>:128][DEBUG][d:/1/君保发〔2019〕199号关于下发《君康人寿保险股份有限公司关联交易管理办法（2019修订版）》的通知 创建成功]
[2020-02-04 16:36:08,840][ThreadPoolExecutor-0_17:31064][task_id:xjLib.log][log.py-><listcomp>:128][DEBUG][d:/1/豪情迈进新三年，追梦路上再出发——路长青董事长在2020开门红业务启动盛典上的讲话 创建成功]
[2020-02-04 16:36:08,840][ThreadPoolExecutor-0_14:41736][task_id:xjLib.log][log.py-><listcomp>:128][DEBUG][d:/1/君保发〔2020〕2号关于徐建军免职的通知 创建成功]
[2020-02-04 16:36:08,840][ThreadPoolExecutor-0_20:41264][task_id:xjLib.log][log.py-><listcomp>:128][DEBUG][d:/1/君保发〔2019〕192号关于停止录入“君康颐养金生养老年金保险”等产品的通知 创建成功]
[2020-02-04 16:36:08,840][ThreadPoolExecutor-0_18:40032][task_id:xjLib.log][log.py-><listcomp>:128][DEBUG][d:/1/君保发〔2019〕196号关于君康乐颐养老年金保险等两款产品上市的通知 创建成功]
[2020-02-04 16:36:08,840][ThreadPoolExecutor-0_6:40316][task_id:xjLib.log][log.py-><listcomp>:128][DEBUG][d:/1/君保发〔2020〕12号关于下发《君康人寿保险股份有限公司信息化项目管理办法》的通知 创建成功]
[2020-02-04 16:36:08,841][ThreadPoolExecutor-0_2:32312][task_id:xjLib.log][log.py-><listcomp>:128][DEBUG][d:/1/君保发〔2020〕16号关于张蕾等职务任免的通知 创建成功]
[2020-02-04 16:36:08,841][ThreadPoolExecutor-0_12:37484][task_id:xjLib.log][log.py-><listcomp>:128][DEBUG][d:/1/君保发〔2020〕5号关于下发《君康人寿保险股份有限公司信息安全组织及职责管理办法》的通知 创建成功]
[2020-02-04 16:36:08,841][ThreadPoolExecutor-0_3:34624][task_id:xjLib.log][log.py-><listcomp>:128][DEBUG][d:/1/君保发〔2020〕15号关于下发2020年反洗钱培训计划与宣传计划的通知 创建成功]
[2020-02-04 16:36:08,841][ThreadPoolExecutor-0_10:21728][task_id:xjLib.log][log.py-><listcomp>:128][DEBUG][d:/1/君保发〔2020〕8号关于邵化免职的通知 创建成功]
[2020-02-04 16:36:08,842][ThreadPoolExecutor-0_19:17932][task_id:xjLib.log][log.py-><listcomp>:128][DEBUG][d:/1/君保发〔2019〕195号关于下发《君康人寿保险股份有限公司灾难恢复管理办法》的通知 创建成功]
[2020-02-04 16:36:08,843][ThreadPoolExecutor-0_15:39860][task_id:xjLib.log][log.py-><listcomp>:128][DEBUG][d:/1/君保发〔2020〕1号关于下发《君康人寿保险股份有限公司信息系统账户管理办法》的通知 创建成功]
[2020-02-04 16:36:08,844][ThreadPoolExecutor-0_21:16356][task_id:xjLib.log][log.py-><listcomp>:128][DEBUG][d:/1/君保发〔2019〕191号关于2020年元旦放假的通知 创建成功]
[2020-02-04 16:36:08,846][ThreadPoolExecutor-0_8:37348][task_id:urllib3.connectionpool][connectionpool.py->_new_conn:205][DEBUG][Starting new HTTP connection (2): oa.jklife.com:80]
[2020-02-04 16:36:08,847][ThreadPoolExecutor-0_23:40608][task_id:xjLib.log][log.py-><listcomp>:128][DEBUG][d:/1/君保发〔2019〕187号关于召开君康人寿2020年计划工作会暨开门红业务启动盛典的通知 创建成功]
[2020-02-04 16:36:08,847][ThreadPoolExecutor-0_22:34792][task_id:xjLib.log][log.py-><listcomp>:128][DEBUG][d:/1/君保发〔2019〕188号关于君康君赢一生（铂金版）年金保险等四款产品上市的通知 创建成功]
[2020-02-04 16:36:08,849][ThreadPoolExecutor-0_11:35648][task_id:urllib3.connectionpool][connectionpool.py->_new_conn:205][DEBUG][Starting new HTTP connection (3): oa.jklife.com:80]
[2020-02-04 16:36:08,851][ThreadPoolExecutor-0_24:38808][task_id:xjLib.log][log.py-><listcomp>:128][DEBUG][d:/1/君保发〔2019〕182号关于下发《君康人寿保险股份有限公司反洗钱工作管理规范》的通知 创建成功]
[2020-02-04 16:36:08,854][ThreadPoolExecutor-0_9:41320][task_id:urllib3.connectionpool][connectionpool.py->_new_conn:205][DEBUG][Starting new HTTP connection (4): oa.jklife.com:80]
[2020-02-04 16:36:08,855][ThreadPoolExecutor-0_16:38824][task_id:urllib3.connectionpool][connectionpool.py->_new_conn:205][DEBUG][Starting new HTTP connection (5): oa.jklife.com:80]
[2020-02-04 16:36:08,858][ThreadPoolExecutor-0_1:41364][task_id:urllib3.connectionpool][connectionpool.py->_new_conn:205][DEBUG][Starting new HTTP connection (6): oa.jklife.com:80]
[2020-02-04 16:36:08,863][ThreadPoolExecutor-0_7:30424][task_id:urllib3.connectionpool][connectionpool.py->_new_conn:205][DEBUG][Starting new HTTP connection (7): oa.jklife.com:80]
[2020-02-04 16:36:08,864][ThreadPoolExecutor-0_5:37300][task_id:urllib3.connectionpool][connectionpool.py->_new_conn:205][DEBUG][Starting new HTTP connection (8): oa.jklife.com:80]
[2020-02-04 16:36:08,867][ThreadPoolExecutor-0_17:31064][task_id:urllib3.connectionpool][connectionpool.py->_new_conn:205][DEBUG][Starting new HTTP connection (9): oa.jklife.com:80]
[2020-02-04 16:36:08,868][ThreadPoolExecutor-0_13:32120][task_id:urllib3.connectionpool][connectionpool.py->_new_conn:205][DEBUG][Starting new HTTP connection (10): oa.jklife.com:80]
[2020-02-04 16:36:08,870][ThreadPoolExecutor-0_4:39384][task_id:urllib3.connectionpool][connectionpool.py->_new_conn:205][DEBUG][Starting new HTTP connection (11): oa.jklife.com:80]
[2020-02-04 16:36:08,872][ThreadPoolExecutor-0_14:41736][task_id:urllib3.connectionpool][connectionpool.py->_new_conn:205][DEBUG][Starting new HTTP connection (12): oa.jklife.com:80]
[2020-02-04 16:36:08,877][ThreadPoolExecutor-0_20:41264][task_id:urllib3.connectionpool][connectionpool.py->_new_conn:205][DEBUG][Starting new HTTP connection (13): oa.jklife.com:80]
[2020-02-04 16:36:08,878][ThreadPoolExecutor-0_6:40316][task_id:urllib3.connectionpool][connectionpool.py->_new_conn:205][DEBUG][Starting new HTTP connection (14): oa.jklife.com:80]
[2020-02-04 16:36:08,880][ThreadPoolExecutor-0_18:40032][task_id:urllib3.connectionpool][connectionpool.py->_new_conn:205][DEBUG][Starting new HTTP connection (15): oa.jklife.com:80]
[2020-02-04 16:36:08,883][ThreadPoolExecutor-0_2:32312][task_id:urllib3.connectionpool][connectionpool.py->_new_conn:205][DEBUG][Starting new HTTP connection (16): oa.jklife.com:80]
[2020-02-04 16:36:08,883][ThreadPoolExecutor-0_0:38144][task_id:urllib3.connectionpool][connectionpool.py->_make_request:393][DEBUG][http://oa.jklife.com:80 "GET /seeyon/bulData.do?method=bulView&bulId=-8908900085969238618 HTTP/1.1" 200 None]
[2020-02-04 16:36:08,886][ThreadPoolExecutor-0_12:37484][task_id:urllib3.connectionpool][connectionpool.py->_new_conn:205][DEBUG][Starting new HTTP connection (17): oa.jklife.com:80]
[2020-02-04 16:36:08,888][ThreadPoolExecutor-0_10:21728][task_id:urllib3.connectionpool][connectionpool.py->_new_conn:205][DEBUG][Starting new HTTP connection (18): oa.jklife.com:80]
[2020-02-04 16:36:08,889][ThreadPoolExecutor-0_3:34624][task_id:urllib3.connectionpool][connectionpool.py->_new_conn:205][DEBUG][Starting new HTTP connection (19): oa.jklife.com:80]
[2020-02-04 16:36:08,893][ThreadPoolExecutor-0_19:17932][task_id:urllib3.connectionpool][connectionpool.py->_new_conn:205][DEBUG][Starting new HTTP connection (20): oa.jklife.com:80]
[2020-02-04 16:36:08,899][ThreadPoolExecutor-0_21:16356][task_id:urllib3.connectionpool][connectionpool.py->_new_conn:205][DEBUG][Starting new HTTP connection (21): oa.jklife.com:80]
[2020-02-04 16:36:08,899][ThreadPoolExecutor-0_15:39860][task_id:urllib3.connectionpool][connectionpool.py->_new_conn:205][DEBUG][Starting new HTTP connection (22): oa.jklife.com:80]
[2020-02-04 16:36:08,911][ThreadPoolExecutor-0_22:34792][task_id:urllib3.connectionpool][connectionpool.py->_new_conn:205][DEBUG][Starting new HTTP connection (23): oa.jklife.com:80]
[2020-02-04 16:36:08,916][ThreadPoolExecutor-0_24:38808][task_id:urllib3.connectionpool][connectionpool.py->_new_conn:205][DEBUG][Starting new HTTP connection (24): oa.jklife.com:80]
[2020-02-04 16:36:08,916][ThreadPoolExecutor-0_23:40608][task_id:urllib3.connectionpool][connectionpool.py->_new_conn:205][DEBUG][Starting new HTTP connection (25): oa.jklife.com:80]
[2020-02-04 16:36:08,929][ThreadPoolExecutor-0_8:37348][task_id:urllib3.connectionpool][connectionpool.py->_make_request:393][DEBUG][http://oa.jklife.com:80 "GET /seeyon/bulData.do?method=bulView&bulId=6090314618652478271 HTTP/1.1" 200 None]
[2020-02-04 16:36:08,970][ThreadPoolExecutor-0_14:41736][task_id:urllib3.connectionpool][connectionpool.py->_make_request:393][DEBUG][http://oa.jklife.com:80 "GET /seeyon/bulData.do?method=bulView&bulId=-2062509930539495988 HTTP/1.1" 200 None]
[2020-02-04 16:36:08,971][ThreadPoolExecutor-0_11:35648][task_id:urllib3.connectionpool][connectionpool.py->_make_request:393][DEBUG][http://oa.jklife.com:80 "GET /seeyon/bulData.do?method=bulView&bulId=-6505411278779692698 HTTP/1.1" 200 None]
[2020-02-04 16:36:08,975][ThreadPoolExecutor-0_5:37300][task_id:urllib3.connectionpool][connectionpool.py->_make_request:393][DEBUG][http://oa.jklife.com:80 "GET /seeyon/bulData.do?method=bulView&bulId=484017415471581243 HTTP/1.1" 200 None]
[2020-02-04 16:36:08,976][ThreadPoolExecutor-0_13:32120][task_id:urllib3.connectionpool][connectionpool.py->_make_request:393][DEBUG][http://oa.jklife.com:80 "GET /seeyon/bulData.do?method=bulView&bulId=8677294462383508961 HTTP/1.1" 200 None]
[2020-02-04 16:36:08,977][ThreadPoolExecutor-0_9:41320][task_id:urllib3.connectionpool][connectionpool.py->_make_request:393][DEBUG][http://oa.jklife.com:80 "GET /seeyon/bulData.do?method=bulView&bulId=-5097260144310271699 HTTP/1.1" 200 None]
[2020-02-04 16:36:08,977][ThreadPoolExecutor-0_17:31064][task_id:urllib3.connectionpool][connectionpool.py->_make_request:393][DEBUG][http://oa.jklife.com:80 "GET /seeyon/bulData.do?method=bulView&bulId=-3092119490330669841 HTTP/1.1" 200 None]
[2020-02-04 16:36:08,978][ThreadPoolExecutor-0_7:30424][task_id:urllib3.connectionpool][connectionpool.py->_make_request:393][DEBUG][http://oa.jklife.com:80 "GET /seeyon/bulData.do?method=bulView&bulId=3498822775361326834 HTTP/1.1" 200 None]
[2020-02-04 16:36:08,978][ThreadPoolExecutor-0_4:39384][task_id:urllib3.connectionpool][connectionpool.py->_make_request:393][DEBUG][http://oa.jklife.com:80 "GET /seeyon/bulData.do?method=bulView&bulId=7619272506790660808 HTTP/1.1" 200 None]
[2020-02-04 16:36:08,978][ThreadPoolExecutor-0_1:41364][task_id:urllib3.connectionpool][connectionpool.py->_make_request:393][DEBUG][http://oa.jklife.com:80 "GET /seeyon/bulData.do?method=bulView&bulId=746407513570101617 HTTP/1.1" 200 None]
[2020-02-04 16:36:08,979][ThreadPoolExecutor-0_6:40316][task_id:urllib3.connectionpool][connectionpool.py->_make_request:393][DEBUG][http://oa.jklife.com:80 "GET /seeyon/bulData.do?method=bulView&bulId=-7551353305825065428 HTTP/1.1" 200 None]
[2020-02-04 16:36:08,979][ThreadPoolExecutor-0_18:40032][task_id:urllib3.connectionpool][connectionpool.py->_make_request:393][DEBUG][http://oa.jklife.com:80 "GET /seeyon/bulData.do?method=bulView&bulId=-4756982627679058434 HTTP/1.1" 200 None]
[2020-02-04 16:36:08,979][ThreadPoolExecutor-0_16:38824][task_id:urllib3.connectionpool][connectionpool.py->_make_request:393][DEBUG][http://oa.jklife.com:80 "GET /seeyon/bulData.do?method=bulView&bulId=6124413438225567383 HTTP/1.1" 200 None]
[2020-02-04 16:36:08,979][ThreadPoolExecutor-0_20:41264][task_id:urllib3.connectionpool][connectionpool.py->_make_request:393][DEBUG][http://oa.jklife.com:80 "GET /seeyon/bulData.do?method=bulView&bulId=402284386965734126 HTTP/1.1" 200 None]
[2020-02-04 16:36:08,998][ThreadPoolExecutor-0_12:37484][task_id:urllib3.connectionpool][connectionpool.py->_make_request:393][DEBUG][http://oa.jklife.com:80 "GET /seeyon/bulData.do?method=bulView&bulId=4072840180239189477 HTTP/1.1" 200 None]
[2020-02-04 16:36:09,002][ThreadPoolExecutor-0_10:21728][task_id:urllib3.connectionpool][connectionpool.py->_make_request:393][DEBUG][http://oa.jklife.com:80 "GET /seeyon/bulData.do?method=bulView&bulId=2921283250535875382 HTTP/1.1" 200 None]
[2020-02-04 16:36:09,002][ThreadPoolExecutor-0_3:34624][task_id:urllib3.connectionpool][connectionpool.py->_make_request:393][DEBUG][http://oa.jklife.com:80 "GET /seeyon/bulData.do?method=bulView&bulId=3286195314758468456 HTTP/1.1" 200 None]
[2020-02-04 16:36:09,005][ThreadPoolExecutor-0_2:32312][task_id:urllib3.connectionpool][connectionpool.py->_make_request:393][DEBUG][http://oa.jklife.com:80 "GET /seeyon/bulData.do?method=bulView&bulId=-5111633336946242870 HTTP/1.1" 200 None]
[2020-02-04 16:36:09,008][ThreadPoolExecutor-0_21:16356][task_id:urllib3.connectionpool][connectionpool.py->_make_request:393][DEBUG][http://oa.jklife.com:80 "GET /seeyon/bulData.do?method=bulView&bulId=888359122146051607 HTTP/1.1" 200 None]
[2020-02-04 16:36:09,012][ThreadPoolExecutor-0_19:17932][task_id:urllib3.connectionpool][connectionpool.py->_make_request:393][DEBUG][http://oa.jklife.com:80 "GET /seeyon/bulData.do?method=bulView&bulId=2811809287331531789 HTTP/1.1" 200 None]
[2020-02-04 16:36:09,015][ThreadPoolExecutor-0_15:39860][task_id:urllib3.connectionpool][connectionpool.py->_make_request:393][DEBUG][http://oa.jklife.com:80 "GET /seeyon/bulData.do?method=bulView&bulId=5459251148337465417 HTTP/1.1" 200 None]
[2020-02-04 16:36:09,016][ThreadPoolExecutor-0_24:38808][task_id:urllib3.connectionpool][connectionpool.py->_make_request:393][DEBUG][http://oa.jklife.com:80 "GET /seeyon/bulData.do?method=bulView&bulId=146145097956016869 HTTP/1.1" 200 None]
[2020-02-04 16:36:09,021][ThreadPoolExecutor-0_22:34792][task_id:urllib3.connectionpool][connectionpool.py->_make_request:393][DEBUG][http://oa.jklife.com:80 "GET /seeyon/bulData.do?method=bulView&bulId=-4032001203339047702 HTTP/1.1" 200 None]
[2020-02-04 16:36:09,027][ThreadPoolExecutor-0_10:21728][task_id:urllib3.connectionpool][connectionpool.py->_put_conn:274][WARNING][Connection pool is full, discarding connection: oa.jklife.com]
[2020-02-04 16:36:09,028][ThreadPoolExecutor-0_4:39384][task_id:urllib3.connectionpool][connectionpool.py->_put_conn:274][WARNING][Connection pool is full, discarding connection: oa.jklife.com]
[2020-02-04 16:36:09,028][ThreadPoolExecutor-0_6:40316][task_id:urllib3.connectionpool][connectionpool.py->_put_conn:274][WARNING][Connection pool is full, discarding connection: oa.jklife.com]
[2020-02-04 16:36:09,029][ThreadPoolExecutor-0_2:32312][task_id:urllib3.connectionpool][connectionpool.py->_put_conn:274][WARNING][Connection pool is full, discarding connection: oa.jklife.com]
[2020-02-04 16:36:09,029][ThreadPoolExecutor-0_18:40032][task_id:urllib3.connectionpool][connectionpool.py->_put_conn:274][WARNING][Connection pool is full, discarding connection: oa.jklife.com]
[2020-02-04 16:36:09,030][ThreadPoolExecutor-0_3:34624][task_id:urllib3.connectionpool][connectionpool.py->_put_conn:274][WARNING][Connection pool is full, discarding connection: oa.jklife.com]
[2020-02-04 16:36:09,031][ThreadPoolExecutor-0_20:41264][task_id:urllib3.connectionpool][connectionpool.py->_put_conn:274][WARNING][Connection pool is full, discarding connection: oa.jklife.com]
[2020-02-04 16:36:09,033][ThreadPoolExecutor-0_19:17932][task_id:urllib3.connectionpool][connectionpool.py->_put_conn:274][WARNING][Connection pool is full, discarding connection: oa.jklife.com]
[2020-02-04 16:36:09,033][ThreadPoolExecutor-0_16:38824][task_id:urllib3.connectionpool][connectionpool.py->_put_conn:274][WARNING][Connection pool is full, discarding connection: oa.jklife.com]
[2020-02-04 16:36:09,033][ThreadPoolExecutor-0_8:37348][task_id:urllib3.connectionpool][connectionpool.py->_put_conn:274][WARNING][Connection pool is full, discarding connection: oa.jklife.com]
[2020-02-04 16:36:09,034][ThreadPoolExecutor-0_21:16356][task_id:urllib3.connectionpool][connectionpool.py->_put_conn:274][WARNING][Connection pool is full, discarding connection: oa.jklife.com]
[2020-02-04 16:36:09,034][ThreadPoolExecutor-0_15:39860][task_id:urllib3.connectionpool][connectionpool.py->_put_conn:274][WARNING][Connection pool is full, discarding connection: oa.jklife.com]
[2020-02-04 16:36:09,035][ThreadPoolExecutor-0_24:38808][task_id:urllib3.connectionpool][connectionpool.py->_put_conn:274][WARNING][Connection pool is full, discarding connection: oa.jklife.com]
[2020-02-04 16:36:09,035][ThreadPoolExecutor-0_22:34792][task_id:urllib3.connectionpool][connectionpool.py->_put_conn:274][WARNING][Connection pool is full, discarding connection: oa.jklife.com]
[2020-02-04 16:36:09,047][ThreadPoolExecutor-0_23:40608][task_id:urllib3.connectionpool][connectionpool.py->_make_request:393][DEBUG][http://oa.jklife.com:80 "GET /seeyon/bulData.do?method=bulView&bulId=-2107755434109418976 HTTP/1.1" 200 None]
[2020-02-04 16:36:09,088][ThreadPoolExecutor-0_23:40608][task_id:urllib3.connectionpool][connectionpool.py->_put_conn:274][WARNING][Connection pool is full, discarding connection: oa.jklife.com]
[2020-02-04 16:36:09,139][ThreadPoolExecutor-0_2:32312][task_id:xjLib.log][log.py-><listcomp>:128][DEBUG][d:/1/君保发〔2019〕181号关于下发《君康人寿保险股份有限公司反洗钱基本管理制度》的通知 创建成功]
[2020-02-04 16:36:09,148][ThreadPoolExecutor-0_9:41320][task_id:xjLib.log][log.py-><listcomp>:128][DEBUG][d:/1/君保发〔2019〕186号关于下发《君康人寿保险股份有限公司信息系统上线管理办法》的通知 创建成功]
[2020-02-04 16:36:09,171][ThreadPoolExecutor-0_2:32312][task_id:urllib3.connectionpool][connectionpool.py->_make_request:393][DEBUG][http://oa.jklife.com:80 "GET /seeyon/bulData.do?method=bulView&bulId=5626142226546573716 HTTP/1.1" 200 None]
[2020-02-04 16:36:09,173][ThreadPoolExecutor-0_9:41320][task_id:urllib3.connectionpool][connectionpool.py->_make_request:393][DEBUG][http://oa.jklife.com:80 "GET /seeyon/bulData.do?method=bulView&bulId=-2654306672115627175 HTTP/1.1" 200 None]
[2020-02-04 16:36:09,181][ThreadPoolExecutor-0_12:37484][task_id:urllib3.connectionpool][connectionpool.py->_make_request:393][DEBUG][http://oa.jklife.com:80 "GET /seeyon/fileDownload.do?method=download&fileId=1211805007805759877&v=9ce9ca1495dc1bebaa46e87beccabcaf&createDate=2020-01-06&filename=%E9%99%84%E4%BB%B6%EF%BC%9A%E5%90%9B%E5%BA%B7%E4%BA%BA%E5%AF%BF%E4%BF%9D%E9%99%A9%E8%82%A1%E4%BB%BD%E6%9C%89%E9%99%90%E5%85%AC%E5%8F%B8%E4%BF%A1%E6%81%AF%E5%AE%89%E5%85%A8%E7%BB%84%E7%BB%87%E5%8F%8A%E8%81%8C%E8%B4%A3%E7%AE%A1%E7%90%86%E5%8A%9E%E6%B3%95.pdf HTTP/1.1" 302 0]
[2020-02-04 16:36:09,181][ThreadPoolExecutor-0_11:35648][task_id:urllib3.connectionpool][connectionpool.py->_make_request:393][DEBUG][http://oa.jklife.com:80 "GET /seeyon/fileDownload.do?method=download&fileId=4087872468386595700&v=bb892ccbf35abe1a2c357a085cd52d22&createDate=2020-01-06&filename=%E9%99%84%E4%BB%B6%EF%BC%9A%E5%90%9B%E5%BA%B7%E4%BA%BA%E5%AF%BF%E4%BF%9D%E9%99%A9%E8%82%A1%E4%BB%BD%E6%9C%89%E9%99%90%E5%85%AC%E5%8F%B8%E9%93%B6%E4%BF%9D%E4%B8%9A%E5%8A%A1%E5%93%81%E8%B4%A8%E7%AE%A1%E7%90%86%E5%8A%9E%E6%B3%95%EF%BC%882020%E5%B9%B4%E4%BF%AE%E8%AE%A2%E7%89%88%EF%BC%89.pdf HTTP/1.1" 302 0]
[2020-02-04 16:36:09,194][ThreadPoolExecutor-0_3:34624][task_id:urllib3.connectionpool][connectionpool.py->_make_request:393][DEBUG][http://oa.jklife.com:80 "GET /seeyon/fileDownload.do?method=download&fileId=-660000294235127374&v=37fe08ca59ff339fb2c713ef4802fddb&createDate=2020-01-21&filename=%E9%99%84%E4%BB%B61%EF%BC%9A%E5%90%9B%E5%BA%B7%E4%BA%BA%E5%AF%BF2020%E5%B9%B4%E5%BA%A6%E5%8F%8D%E6%B4%97%E9%92%B1%E5%9F%B9%E8%AE%AD%E8%AE%A1%E5%88%92.xlsx HTTP/1.1" 302 0]
[2020-02-04 16:36:09,195][ThreadPoolExecutor-0_11:35648][task_id:xjLib.log][log.py-><listcomp>:128][DEBUG][/seeyon/fileDownload.do?method=doDownload&filename=%E9%99%84%E4%BB%B6%EF%BC%9A%E5%90%9B%E5%BA%B7%E4%BA%BA%E5%AF%BF%E4%BF%9D%E9%99%A9%E8%82%A1%E4%BB%BD%E6%9C%89%E9%99%90%E5%85%AC%E5%8F%B8%E9%93%B6%E4%BF%9D%E4%B8%9A%E5%8A%A1%E5%93%81%E8%B4%A8%E7%AE%A1%E7%90%86%E5%8A%9E%E6%B3%95%EF%BC%882020%E5%B9%B4%E4%BF%AE%E8%AE%A2%E7%89%88%EF%BC%89.pdf&v=bb892ccbf35abe1a2c357a085cd52d22&fileId=4087872468386595700&createDate=2020-01-06&]
[2020-02-04 16:36:09,196][ThreadPoolExecutor-0_12:37484][task_id:xjLib.log][log.py-><listcomp>:128][DEBUG][/seeyon/fileDownload.do?method=doDownload&filename=%E9%99%84%E4%BB%B6%EF%BC%9A%E5%90%9B%E5%BA%B7%E4%BA%BA%E5%AF%BF%E4%BF%9D%E9%99%A9%E8%82%A1%E4%BB%BD%E6%9C%89%E9%99%90%E5%85%AC%E5%8F%B8%E4%BF%A1%E6%81%AF%E5%AE%89%E5%85%A8%E7%BB%84%E7%BB%87%E5%8F%8A%E8%81%8C%E8%B4%A3%E7%AE%A1%E7%90%86%E5%8A%9E%E6%B3%95.pdf&v=9ce9ca1495dc1bebaa46e87beccabcaf&fileId=1211805007805759877&createDate=2020-01-06&]
[2020-02-04 16:36:09,197][ThreadPoolExecutor-0_5:37300][task_id:xjLib.log][log.py-><listcomp>:128][DEBUG][d:/1/君保发〔2019〕185号关于下发《君康人寿保险股份有限公司信息系统重大突发事件应急预案》的通知 创建成功]
[2020-02-04 16:36:09,204][ThreadPoolExecutor-0_3:34624][task_id:xjLib.log][log.py-><listcomp>:128][DEBUG][/seeyon/fileDownload.do?method=doDownload&filename=%E9%99%84%E4%BB%B61%EF%BC%9A%E5%90%9B%E5%BA%B7%E4%BA%BA%E5%AF%BF2020%E5%B9%B4%E5%BA%A6%E5%8F%8D%E6%B4%97%E9%92%B1%E5%9F%B9%E8%AE%AD%E8%AE%A1%E5%88%92.xlsx&v=37fe08ca59ff339fb2c713ef4802fddb&fileId=-660000294235127374&createDate=2020-01-21&]
[2020-02-04 16:36:09,213][ThreadPoolExecutor-0_14:41736][task_id:xjLib.log][log.py-><listcomp>:128][DEBUG][d:/1/君保发〔2019〕184号关于下发《君康人寿保险股份有限公司银行保险业务新契约作业规范》的通知 创建成功]
[2020-02-04 16:36:09,226][ThreadPoolExecutor-0_11:35648][task_id:urllib3.connectionpool][connectionpool.py->_make_request:393][DEBUG][http://oa.jklife.com:80 "GET /seeyon/fileDownload.do?method=doDownload&filename=%E9%99%84%E4%BB%B6%EF%BC%9A%E5%90%9B%E5%BA%B7%E4%BA%BA%E5%AF%BF%E4%BF%9D%E9%99%A9%E8%82%A1%E4%BB%BD%E6%9C%89%E9%99%90%E5%85%AC%E5%8F%B8%E9%93%B6%E4%BF%9D%E4%B8%9A%E5%8A%A1%E5%93%81%E8%B4%A8%E7%AE%A1%E7%90%86%E5%8A%9E%E6%B3%95%EF%BC%882020%E5%B9%B4%E4%BF%AE%E8%AE%A2%E7%89%88%EF%BC%89.pdf&v=bb892ccbf35abe1a2c357a085cd52d22&fileId=4087872468386595700&createDate=2020-01-06& HTTP/1.1" 200 None]
[2020-02-04 16:36:09,227][ThreadPoolExecutor-0_10:21728][task_id:xjLib.log][log.py-><listcomp>:128][DEBUG][d:/1/君保发〔2019〕177 号关于下发《君康人寿保险股份有限公司合同管理办法（2019年修订版）》的通知 创建成功]
[2020-02-04 16:36:09,228][ThreadPoolExecutor-0_12:37484][task_id:urllib3.connectionpool][connectionpool.py->_make_request:393][DEBUG][http://oa.jklife.com:80 "GET /seeyon/fileDownload.do?method=doDownload&filename=%E9%99%84%E4%BB%B6%EF%BC%9A%E5%90%9B%E5%BA%B7%E4%BA%BA%E5%AF%BF%E4%BF%9D%E9%99%A9%E8%82%A1%E4%BB%BD%E6%9C%89%E9%99%90%E5%85%AC%E5%8F%B8%E4%BF%A1%E6%81%AF%E5%AE%89%E5%85%A8%E7%BB%84%E7%BB%87%E5%8F%8A%E8%81%8C%E8%B4%A3%E7%AE%A1%E7%90%86%E5%8A%9E%E6%B3%95.pdf&v=9ce9ca1495dc1bebaa46e87beccabcaf&fileId=1211805007805759877&createDate=2020-01-06& HTTP/1.1" 200 None]
[2020-02-04 16:36:09,230][ThreadPoolExecutor-0_20:41264][task_id:xjLib.log][log.py-><listcomp>:128][DEBUG][d:/1/君保发〔2019〕180号关于停止录入君康君赢一生年金保险等3款产品的通知 创建成功]
[2020-02-04 16:36:09,237][ThreadPoolExecutor-0_3:34624][task_id:urllib3.connectionpool][connectionpool.py->_make_request:393][DEBUG][http://oa.jklife.com:80 "GET /seeyon/fileDownload.do?method=download&fileId=7326670099755584956&v=4cf33b8476685a1cb5a02277464d35c6&createDate=2020-01-21&filename=%E9%99%84%E4%BB%B62%EF%BC%9A%E5%90%9B%E5%BA%B7%E4%BA%BA%E5%AF%BF2020%E5%B9%B4%E5%BA%A6%E5%8F%8D%E6%B4%97%E9%92%B1%E5%AE%A3%E4%BC%A0%E8%AE%A1%E5%88%92.xlsx HTTP/1.1" 302 0]
[2020-02-04 16:36:09,247][ThreadPoolExecutor-0_3:34624][task_id:xjLib.log][log.py-><listcomp>:128][DEBUG][/seeyon/fileDownload.do?method=doDownload&filename=%E9%99%84%E4%BB%B62%EF%BC%9A%E5%90%9B%E5%BA%B7%E4%BA%BA%E5%AF%BF2020%E5%B9%B4%E5%BA%A6%E5%8F%8D%E6%B4%97%E9%92%B1%E5%AE%A3%E4%BC%A0%E8%AE%A1%E5%88%92.xlsx&v=4cf33b8476685a1cb5a02277464d35c6&fileId=7326670099755584956&createDate=2020-01-21&]
[2020-02-04 16:36:09,253][ThreadPoolExecutor-0_0:38144][task_id:xjLib.log][log.py-><listcomp>:128][DEBUG][d:/1/君保发〔2019〕179号关于王平秀等职务聘任的通知 创建成功]
[2020-02-04 16:36:09,258][ThreadPoolExecutor-0_14:41736][task_id:urllib3.connectionpool][connectionpool.py->_make_request:393][DEBUG][http://oa.jklife.com:80 "GET /seeyon/bulData.do?method=bulView&bulId=6313777934986005228 HTTP/1.1" 200 None]
[2020-02-04 16:36:09,260][ThreadPoolExecutor-0_5:37300][task_id:urllib3.connectionpool][connectionpool.py->_make_request:393][DEBUG][http://oa.jklife.com:80 "GET /seeyon/bulData.do?method=bulView&bulId=-376201681610849878 HTTP/1.1" 200 None]
[2020-02-04 16:36:09,266][ThreadPoolExecutor-0_10:21728][task_id:urllib3.connectionpool][connectionpool.py->_make_request:393][DEBUG][http://oa.jklife.com:80 "GET /seeyon/bulData.do?method=bulView&bulId=-5763867338309284156 HTTP/1.1" 200 None]
[2020-02-04 16:36:09,268][ThreadPoolExecutor-0_4:39384][task_id:urllib3.connectionpool][connectionpool.py->_make_request:393][DEBUG][http://oa.jklife.com:80 "GET /seeyon/fileDownload.do?method=download&fileId=-415761842571295101&v=974232c027e410f574ecf96f80af4a0d&createDate=2020-01-21&filename=%E9%99%84%E4%BB%B6%EF%BC%9A%E5%90%9B%E5%BA%B7%E4%BA%BA%E5%AF%BF%E4%BF%9D%E9%99%A9%E8%82%A1%E4%BB%BD%E6%9C%89%E9%99%90%E5%85%AC%E5%8F%B8%E8%B5%84%E4%BA%A7%E8%B4%9F%E5%80%BA%E7%AE%A1%E7%90%86%E5%8A%9E%E6%B3%95.pdf HTTP/1.1" 302 0]
[2020-02-04 16:36:09,272][ThreadPoolExecutor-0_3:34624][task_id:urllib3.connectionpool][connectionpool.py->_make_request:393][DEBUG][http://oa.jklife.com:80 "GET /seeyon/fileDownload.do?method=doDownload&filename=%E9%99%84%E4%BB%B61%EF%BC%9A%E5%90%9B%E5%BA%B7%E4%BA%BA%E5%AF%BF2020%E5%B9%B4%E5%BA%A6%E5%8F%8D%E6%B4%97%E9%92%B1%E5%9F%B9%E8%AE%AD%E8%AE%A1%E5%88%92.xlsx&v=37fe08ca59ff339fb2c713ef4802fddb&fileId=-660000294235127374&createDate=2020-01-21& HTTP/1.1" 200 None]
[2020-02-04 16:36:09,286][ThreadPoolExecutor-0_20:41264][task_id:urllib3.connectionpool][connectionpool.py->_make_request:393][DEBUG][http://oa.jklife.com:80 "GET /seeyon/bulData.do?method=bulView&bulId=55667979698719282 HTTP/1.1" 200 None]
[2020-02-04 16:36:09,288][ThreadPoolExecutor-0_4:39384][task_id:xjLib.log][log.py-><listcomp>:128][DEBUG][/seeyon/fileDownload.do?method=doDownload&filename=%E9%99%84%E4%BB%B6%EF%BC%9A%E5%90%9B%E5%BA%B7%E4%BA%BA%E5%AF%BF%E4%BF%9D%E9%99%A9%E8%82%A1%E4%BB%BD%E6%9C%89%E9%99%90%E5%85%AC%E5%8F%B8%E8%B5%84%E4%BA%A7%E8%B4%9F%E5%80%BA%E7%AE%A1%E7%90%86%E5%8A%9E%E6%B3%95.pdf&v=974232c027e410f574ecf96f80af4a0d&fileId=-415761842571295101&createDate=2020-01-21&]
[2020-02-04 16:36:09,289][ThreadPoolExecutor-0_7:30424][task_id:urllib3.connectionpool][connectionpool.py->_make_request:393][DEBUG][http://oa.jklife.com:80 "GET /seeyon/fileDownload.do?method=download&fileId=-7557205332434073752&v=c2c5b7d46332183a363fc9ce1f84bba4&createDate=2020-01-10&filename=%E9%99%84%E4%BB%B6%EF%BC%9A%E5%90%9B%E5%BA%B7%E4%BA%BA%E5%AF%BF%E4%BF%9D%E9%99%A9%E8%82%A1%E4%BB%BD%E6%9C%89%E9%99%90%E5%85%AC%E5%8F%B8%E4%BF%9D%E9%99%A9%E7%BB%9F%E8%AE%A1%E7%AE%A1%E7%90%86%E5%8A%9E%E6%B3%95.pdf HTTP/1.1" 302 0]
[2020-02-04 16:36:09,290][ThreadPoolExecutor-0_0:38144][task_id:urllib3.connectionpool][connectionpool.py->_make_request:393][DEBUG][http://oa.jklife.com:80 "GET /seeyon/bulData.do?method=bulView&bulId=6015420108444812255 HTTP/1.1" 200 None]
[2020-02-04 16:36:09,310][ThreadPoolExecutor-0_7:30424][task_id:xjLib.log][log.py-><listcomp>:128][DEBUG][/seeyon/fileDownload.do?method=doDownload&filename=%E9%99%84%E4%BB%B6%EF%BC%9A%E5%90%9B%E5%BA%B7%E4%BA%BA%E5%AF%BF%E4%BF%9D%E9%99%A9%E8%82%A1%E4%BB%BD%E6%9C%89%E9%99%90%E5%85%AC%E5%8F%B8%E4%BF%9D%E9%99%A9%E7%BB%9F%E8%AE%A1%E7%AE%A1%E7%90%86%E5%8A%9E%E6%B3%95.pdf&v=c2c5b7d46332183a363fc9ce1f84bba4&fileId=-7557205332434073752&createDate=2020-01-10&]
[2020-02-04 16:36:09,317][ThreadPoolExecutor-0_4:39384][task_id:urllib3.connectionpool][connectionpool.py->_make_request:393][DEBUG][http://oa.jklife.com:80 "GET /seeyon/fileDownload.do?method=doDownload&filename=%E9%99%84%E4%BB%B6%EF%BC%9A%E5%90%9B%E5%BA%B7%E4%BA%BA%E5%AF%BF%E4%BF%9D%E9%99%A9%E8%82%A1%E4%BB%BD%E6%9C%89%E9%99%90%E5%85%AC%E5%8F%B8%E8%B5%84%E4%BA%A7%E8%B4%9F%E5%80%BA%E7%AE%A1%E7%90%86%E5%8A%9E%E6%B3%95.pdf&v=974232c027e410f574ecf96f80af4a0d&fileId=-415761842571295101&createDate=2020-01-21& HTTP/1.1" 200 None]
[2020-02-04 16:36:09,320][ThreadPoolExecutor-0_21:16356][task_id:xjLib.log][log.py-><listcomp>:128][DEBUG][d:/1/君保发〔2019〕178号关于下发《君康人寿保险股份有限公司商标管理规定》的通知 创建成功]
[2020-02-04 16:36:09,325][ThreadPoolExecutor-0_12:37484][task_id:xjLib.log][log.py-><listcomp>:128][DEBUG][d:/1/君保发〔2019〕175号关于下发《君康人寿保险股份有限公司个人业务投保通则（2019版）》的通知 创建成功]
[2020-02-04 16:36:09,329][ThreadPoolExecutor-0_11:35648][task_id:xjLib.log][log.py-><listcomp>:128][DEBUG][d:/1/君保发〔2019〕176号关于2019年终财务决算安排的通知 创建成功]
[2020-02-04 16:36:09,334][ThreadPoolExecutor-0_17:31064][task_id:urllib3.connectionpool][connectionpool.py->_make_request:393][DEBUG][http://oa.jklife.com:80 "GET /seeyon/fileDownload.do?method=download&fileId=8525075241270331659&v=c9d863b332c5fb20b93f1cc80b5506d8&createDate=2019-12-31&filename=%E5%BC%80%E9%97%A8%E7%BA%A2%E5%90%AF%E5%8A%A8%E7%9B%9B%E5%85%B8%E8%91%A3%E4%BA%8B%E9%95%BF%E8%AE%B2%E8%AF%9D.pdf HTTP/1.1" 302 0]
[2020-02-04 16:36:09,341][ThreadPoolExecutor-0_7:30424][task_id:urllib3.connectionpool][connectionpool.py->_make_request:393][DEBUG][http://oa.jklife.com:80 "GET /seeyon/fileDownload.do?method=doDownload&filename=%E9%99%84%E4%BB%B6%EF%BC%9A%E5%90%9B%E5%BA%B7%E4%BA%BA%E5%AF%BF%E4%BF%9D%E9%99%A9%E8%82%A1%E4%BB%BD%E6%9C%89%E9%99%90%E5%85%AC%E5%8F%B8%E4%BF%9D%E9%99%A9%E7%BB%9F%E8%AE%A1%E7%AE%A1%E7%90%86%E5%8A%9E%E6%B3%95.pdf&v=c2c5b7d46332183a363fc9ce1f84bba4&fileId=-7557205332434073752&createDate=2020-01-10& HTTP/1.1" 200 None]
[2020-02-04 16:36:09,354][ThreadPoolExecutor-0_17:31064][task_id:xjLib.log][log.py-><listcomp>:128][DEBUG][/seeyon/fileDownload.do?method=doDownload&filename=%E5%BC%80%E9%97%A8%E7%BA%A2%E5%90%AF%E5%8A%A8%E7%9B%9B%E5%85%B8%E8%91%A3%E4%BA%8B%E9%95%BF%E8%AE%B2%E8%AF%9D.pdf&v=c9d863b332c5fb20b93f1cc80b5506d8&fileId=8525075241270331659&createDate=2019-12-31&]
[2020-02-04 16:36:09,363][ThreadPoolExecutor-0_16:38824][task_id:urllib3.connectionpool][connectionpool.py->_make_request:393][DEBUG][http://oa.jklife.com:80 "GET /seeyon/fileDownload.do?method=download&fileId=2588074146343764516&v=5cd3308d6464dd2a0b3d6b26d4a00d15&createDate=2019-12-31&filename=%E9%99%84%E4%BB%B61-5.rar HTTP/1.1" 302 0]
[2020-02-04 16:36:09,364][ThreadPoolExecutor-0_3:34624][task_id:urllib3.connectionpool][connectionpool.py->_make_request:393][DEBUG][http://oa.jklife.com:80 "GET /seeyon/fileDownload.do?method=doDownload&filename=%E9%99%84%E4%BB%B62%EF%BC%9A%E5%90%9B%E5%BA%B7%E4%BA%BA%E5%AF%BF2020%E5%B9%B4%E5%BA%A6%E5%8F%8D%E6%B4%97%E9%92%B1%E5%AE%A3%E4%BC%A0%E8%AE%A1%E5%88%92.xlsx&v=4cf33b8476685a1cb5a02277464d35c6&fileId=7326670099755584956&createDate=2020-01-21& HTTP/1.1" 200 None]
[2020-02-04 16:36:09,372][ThreadPoolExecutor-0_21:16356][task_id:urllib3.connectionpool][connectionpool.py->_make_request:393][DEBUG][http://oa.jklife.com:80 "GET /seeyon/bulData.do?method=bulView&bulId=-5606174636432211287 HTTP/1.1" 200 None]
[2020-02-04 16:36:09,373][ThreadPoolExecutor-0_1:41364][task_id:xjLib.log][log.py-><listcomp>:128][DEBUG][d:/1/君保发〔2019〕174号关于王丹丹职务聘任的通知 创建成功]
[2020-02-04 16:36:09,374][ThreadPoolExecutor-0_12:37484][task_id:urllib3.connectionpool][connectionpool.py->_make_request:393][DEBUG][http://oa.jklife.com:80 "GET /seeyon/bulData.do?method=bulView&bulId=-3130314079404078171 HTTP/1.1" 200 None]
[2020-02-04 16:36:09,374][ThreadPoolExecutor-0_24:38808][task_id:urllib3.connectionpool][connectionpool.py->_make_request:393][DEBUG][http://oa.jklife.com:80 "GET /seeyon/fileDownload.do?method=download&fileId=-987340471168316853&v=4c2e7c8d6c35fcfda06f983bd7c94a44&createDate=2019-12-10&filename=%E9%99%84%E4%BB%B6%EF%BC%9A%E5%90%9B%E5%BA%B7%E4%BA%BA%E5%AF%BF%E4%BF%9D%E9%99%A9%E8%82%A1%E4%BB%BD%E6%9C%89%E9%99%90%E5%85%AC%E5%8F%B8%E5%8F%8D%E6%B4%97%E9%92%B1%E5%B7%A5%E4%BD%9C%E7%AE%A1%E7%90%86%E8%A7%84%E8%8C%83.pdf HTTP/1.1" 302 0]
[2020-02-04 16:36:09,375][ThreadPoolExecutor-0_16:38824][task_id:xjLib.log][log.py-><listcomp>:128][DEBUG][/seeyon/fileDownload.do?method=doDownload&filename=%E9%99%84%E4%BB%B61-5.rar&v=5cd3308d6464dd2a0b3d6b26d4a00d15&fileId=2588074146343764516&createDate=2019-12-31&]
[2020-02-04 16:36:09,386][ThreadPoolExecutor-0_11:35648][task_id:urllib3.connectionpool][connectionpool.py->_make_request:393][DEBUG][http://oa.jklife.com:80 "GET /seeyon/bulData.do?method=bulView&bulId=1636616812562956739 HTTP/1.1" 200 None]
[2020-02-04 16:36:09,386][ThreadPoolExecutor-0_6:40316][task_id:urllib3.connectionpool][connectionpool.py->_make_request:393][DEBUG][http://oa.jklife.com:80 "GET /seeyon/fileDownload.do?method=download&fileId=6339466396224669894&v=fd5fa72d1285497a4df26841d0d10cf6&createDate=2020-01-15&filename=%E9%99%84%E4%BB%B6%EF%BC%9A%E5%90%9B%E5%BA%B7%E4%BA%BA%E5%AF%BF%E4%BF%9D%E9%99%A9%E8%82%A1%E4%BB%BD%E6%9C%89%E9%99%90%E5%85%AC%E5%8F%B8%E4%BF%A1%E6%81%AF%E5%8C%96%E9%A1%B9%E7%9B%AE%E7%AE%A1%E7%90%86%E5%8A%9E%E6%B3%95.pdf HTTP/1.1" 302 0]
[2020-02-04 16:36:09,388][ThreadPoolExecutor-0_17:31064][task_id:urllib3.connectionpool][connectionpool.py->_make_request:393][DEBUG][http://oa.jklife.com:80 "GET /seeyon/fileDownload.do?method=doDownload&filename=%E5%BC%80%E9%97%A8%E7%BA%A2%E5%90%AF%E5%8A%A8%E7%9B%9B%E5%85%B8%E8%91%A3%E4%BA%8B%E9%95%BF%E8%AE%B2%E8%AF%9D.pdf&v=c9d863b332c5fb20b93f1cc80b5506d8&fileId=8525075241270331659&createDate=2019-12-31& HTTP/1.1" 200 None]
[2020-02-04 16:36:09,401][ThreadPoolExecutor-0_24:38808][task_id:xjLib.log][log.py-><listcomp>:128][DEBUG][/seeyon/fileDownload.do?method=doDownload&filename=%E9%99%84%E4%BB%B6%EF%BC%9A%E5%90%9B%E5%BA%B7%E4%BA%BA%E5%AF%BF%E4%BF%9D%E9%99%A9%E8%82%A1%E4%BB%BD%E6%9C%89%E9%99%90%E5%85%AC%E5%8F%B8%E5%8F%8D%E6%B4%97%E9%92%B1%E5%B7%A5%E4%BD%9C%E7%AE%A1%E7%90%86%E8%A7%84%E8%8C%83.pdf&v=4c2e7c8d6c35fcfda06f983bd7c94a44&fileId=-987340471168316853&createDate=2019-12-10&]
[2020-02-04 16:36:09,412][ThreadPoolExecutor-0_3:34624][task_id:xjLib.log][log.py-><listcomp>:128][DEBUG][d:/1/君保发〔2019〕173号关于下发《君康人寿保险股份有限公司信息系统用户验收测试管理办法》的通知 创建成功]
[2020-02-04 16:36:09,413][ThreadPoolExecutor-0_22:34792][task_id:urllib3.connectionpool][connectionpool.py->_make_request:393][DEBUG][http://oa.jklife.com:80 "GET /seeyon/fileDownload.do?method=download&fileId=1122334917004642144&v=1de46d62facc175b15a46c89b3024348&createDate=2019-12-16&filename=%E9%99%84%E4%BB%B61%EF%BC%9A%E5%90%9B%E5%BA%B7%E5%90%9B%E8%B5%A2%E4%B8%80%E7%94%9F%EF%BC%88%E9%93%82%E9%87%91%E7%89%88%EF%BC%89%E5%B9%B4%E9%87%91%E4%BF%9D%E9%99%A9%E4%B8%8A%E5%B8%82%E5%8F%91%E6%96%87%E7%9B%B8%E5%85%B3%E6%9D%90%E6%96%99.zip HTTP/1.1" 302 0]
[2020-02-04 16:36:09,413][ThreadPoolExecutor-0_13:32120][task_id:urllib3.connectionpool][connectionpool.py->_make_request:393][DEBUG][http://oa.jklife.com:80 "GET /seeyon/fileDownload.do?method=download&fileId=6084994744311171669&v=da200aec21c8c4b8a78d12fac3f167f6&createDate=2020-01-06&filename=%E9%99%84%E4%BB%B6%EF%BC%9A%E5%90%9B%E5%BA%B7%E4%BA%BA%E5%AF%BF%E4%BF%9D%E9%99%A9%E8%82%A1%E4%BB%BD%E6%9C%89%E9%99%90%E5%85%AC%E5%8F%B8%E5%85%B3%E8%81%94%E4%BA%A4%E6%98%93%E7%AE%A1%E7%90%86%E5%8A%9E%E6%B3%95%EF%BC%882019%E4%BF%AE%E8%AE%A2%E7%89%88%EF%BC%89.pdf HTTP/1.1" 302 0]
[2020-02-04 16:36:09,421][ThreadPoolExecutor-0_4:39384][task_id:xjLib.log][log.py-><listcomp>:128][DEBUG][d:/1/君保发〔2019〕172号关于下发《君康人寿保险股份有限公司防病毒管理规范》的通知 创建成功]
[2020-02-04 16:36:09,422][ThreadPoolExecutor-0_16:38824][task_id:urllib3.connectionpool][connectionpool.py->_make_request:393][DEBUG][http://oa.jklife.com:80 "GET /seeyon/fileDownload.do?method=doDownload&filename=%E9%99%84%E4%BB%B61-5.rar&v=5cd3308d6464dd2a0b3d6b26d4a00d15&fileId=2588074146343764516&createDate=2019-12-31& HTTP/1.1" 200 None]
[2020-02-04 16:36:09,423][ThreadPoolExecutor-0_6:40316][task_id:xjLib.log][log.py-><listcomp>:128][DEBUG][/seeyon/fileDownload.do?method=doDownload&filename=%E9%99%84%E4%BB%B6%EF%BC%9A%E5%90%9B%E5%BA%B7%E4%BA%BA%E5%AF%BF%E4%BF%9D%E9%99%A9%E8%82%A1%E4%BB%BD%E6%9C%89%E9%99%90%E5%85%AC%E5%8F%B8%E4%BF%A1%E6%81%AF%E5%8C%96%E9%A1%B9%E7%9B%AE%E7%AE%A1%E7%90%86%E5%8A%9E%E6%B3%95.pdf&v=fd5fa72d1285497a4df26841d0d10cf6&fileId=6339466396224669894&createDate=2020-01-15&]
[2020-02-04 16:36:09,426][ThreadPoolExecutor-0_22:34792][task_id:xjLib.log][log.py-><listcomp>:128][DEBUG][/seeyon/fileDownload.do?method=doDownload&filename=%E9%99%84%E4%BB%B61%EF%BC%9A%E5%90%9B%E5%BA%B7%E5%90%9B%E8%B5%A2%E4%B8%80%E7%94%9F%EF%BC%88%E9%93%82%E9%87%91%E7%89%88%EF%BC%89%E5%B9%B4%E9%87%91%E4%BF%9D%E9%99%A9%E4%B8%8A%E5%B8%82%E5%8F%91%E6%96%87%E7%9B%B8%E5%85%B3%E6%9D%90%E6%96%99.zip&v=1de46d62facc175b15a46c89b3024348&fileId=1122334917004642144&createDate=2019-12-16&]
[2020-02-04 16:36:09,427][ThreadPoolExecutor-0_1:41364][task_id:urllib3.connectionpool][connectionpool.py->_make_request:393][DEBUG][http://oa.jklife.com:80 "GET /seeyon/bulData.do?method=bulView&bulId=8301330506827910757 HTTP/1.1" 200 None]
[2020-02-04 16:36:09,434][ThreadPoolExecutor-0_7:30424][task_id:xjLib.log][log.py-><listcomp>:128][DEBUG][d:/1/君保发〔2019〕171号关于下发《君康人寿保险股份有限公司信息安全策略管理办法》的通知 创建成功]
[2020-02-04 16:36:09,435][ThreadPoolExecutor-0_13:32120][task_id:xjLib.log][log.py-><listcomp>:128][DEBUG][/seeyon/fileDownload.do?method=doDownload&filename=%E9%99%84%E4%BB%B6%EF%BC%9A%E5%90%9B%E5%BA%B7%E4%BA%BA%E5%AF%BF%E4%BF%9D%E9%99%A9%E8%82%A1%E4%BB%BD%E6%9C%89%E9%99%90%E5%85%AC%E5%8F%B8%E5%85%B3%E8%81%94%E4%BA%A4%E6%98%93%E7%AE%A1%E7%90%86%E5%8A%9E%E6%B3%95%EF%BC%882019%E4%BF%AE%E8%AE%A2%E7%89%88%EF%BC%89.pdf&v=da200aec21c8c4b8a78d12fac3f167f6&fileId=6084994744311171669&createDate=2020-01-06&]
[2020-02-04 16:36:09,448][ThreadPoolExecutor-0_24:38808][task_id:urllib3.connectionpool][connectionpool.py->_make_request:393][DEBUG][http://oa.jklife.com:80 "GET /seeyon/fileDownload.do?method=doDownload&filename=%E9%99%84%E4%BB%B6%EF%BC%9A%E5%90%9B%E5%BA%B7%E4%BA%BA%E5%AF%BF%E4%BF%9D%E9%99%A9%E8%82%A1%E4%BB%BD%E6%9C%89%E9%99%90%E5%85%AC%E5%8F%B8%E5%8F%8D%E6%B4%97%E9%92%B1%E5%B7%A5%E4%BD%9C%E7%AE%A1%E7%90%86%E8%A7%84%E8%8C%83.pdf&v=4c2e7c8d6c35fcfda06f983bd7c94a44&fileId=-987340471168316853&createDate=2019-12-10& HTTP/1.1" 200 None]
[2020-02-04 16:36:09,452][ThreadPoolExecutor-0_7:30424][task_id:urllib3.connectionpool][connectionpool.py->_new_conn:205][DEBUG][Starting new HTTP connection (26): oa.jklife.com:80]
[2020-02-04 16:36:09,455][ThreadPoolExecutor-0_8:37348][task_id:xjLib.log][log.py-><listcomp>:128][DEBUG][d:/1/君保发〔2019〕170号关于下发《君康人寿保险股份有限公司核保、核赔人员管理办法（2019版）》的通知 创建成功]
[2020-02-04 16:36:09,461][ThreadPoolExecutor-0_8:37348][task_id:urllib3.connectionpool][connectionpool.py->_new_conn:205][DEBUG][Starting new HTTP connection (27): oa.jklife.com:80]
[2020-02-04 16:36:09,466][ThreadPoolExecutor-0_18:40032][task_id:urllib3.connectionpool][connectionpool.py->_make_request:393][DEBUG][http://oa.jklife.com:80 "GET /seeyon/fileDownload.do?method=download&fileId=-6737617276981850228&v=13bdc25da51576be62c087723c72d63c&createDate=2019-12-31&filename=%E9%99%84%E4%BB%B61%EF%BC%9A%E5%90%9B%E5%BA%B7%E4%B9%90%E9%A2%90%E5%85%BB%E8%80%81%E5%B9%B4%E9%87%91%E4%BF%9D%E9%99%A9%E4%B8%8A%E5%B8%82%E5%8F%91%E6%96%87%E6%9D%90%E6%96%99.zip HTTP/1.1" 302 0]
[2020-02-04 16:36:09,470][ThreadPoolExecutor-0_3:34624][task_id:urllib3.connectionpool][connectionpool.py->_make_request:393][DEBUG][http://oa.jklife.com:80 "GET /seeyon/bulData.do?method=bulView&bulId=2562994990157285413 HTTP/1.1" 200 None]
[2020-02-04 16:36:09,472][ThreadPoolExecutor-0_17:31064][task_id:xjLib.log][log.py-><listcomp>:128][DEBUG][d:/1/君保发〔2019〕168号关于李鸿飞免职的通知 创建成功]
[2020-02-04 16:36:09,474][ThreadPoolExecutor-0_18:40032][task_id:xjLib.log][log.py-><listcomp>:128][DEBUG][/seeyon/fileDownload.do?method=doDownload&filename=%E9%99%84%E4%BB%B61%EF%BC%9A%E5%90%9B%E5%BA%B7%E4%B9%90%E9%A2%90%E5%85%BB%E8%80%81%E5%B9%B4%E9%87%91%E4%BF%9D%E9%99%A9%E4%B8%8A%E5%B8%82%E5%8F%91%E6%96%87%E6%9D%90%E6%96%99.zip&v=13bdc25da51576be62c087723c72d63c&fileId=-6737617276981850228&createDate=2019-12-31&]
[2020-02-04 16:36:09,475][ThreadPoolExecutor-0_6:40316][task_id:urllib3.connectionpool][connectionpool.py->_make_request:393][DEBUG][http://oa.jklife.com:80 "GET /seeyon/fileDownload.do?method=doDownload&filename=%E9%99%84%E4%BB%B6%EF%BC%9A%E5%90%9B%E5%BA%B7%E4%BA%BA%E5%AF%BF%E4%BF%9D%E9%99%A9%E8%82%A1%E4%BB%BD%E6%9C%89%E9%99%90%E5%85%AC%E5%8F%B8%E4%BF%A1%E6%81%AF%E5%8C%96%E9%A1%B9%E7%9B%AE%E7%AE%A1%E7%90%86%E5%8A%9E%E6%B3%95.pdf&v=fd5fa72d1285497a4df26841d0d10cf6&fileId=6339466396224669894&createDate=2020-01-15& HTTP/1.1" 200 None]
[2020-02-04 16:36:09,476][ThreadPoolExecutor-0_19:17932][task_id:urllib3.connectionpool][connectionpool.py->_make_request:393][DEBUG][http://oa.jklife.com:80 "GET /seeyon/fileDownload.do?method=download&fileId=4784447441113402514&v=5cc78a0ed5ef73bdfbde8d77bbb4d2c4&createDate=2019-12-25&filename=%E9%99%84%E4%BB%B6%EF%BC%9A%E5%90%9B%E5%BA%B7%E4%BA%BA%E5%AF%BF%E4%BF%9D%E9%99%A9%E8%82%A1%E4%BB%BD%E6%9C%89%E9%99%90%E5%85%AC%E5%8F%B8%E7%81%BE%E9%9A%BE%E6%81%A2%E5%A4%8D%E7%AE%A1%E7%90%86%E5%8A%9E%E6%B3%95.docx HTTP/1.1" 302 0]
[2020-02-04 16:36:09,476][ThreadPoolExecutor-0_22:34792][task_id:urllib3.connectionpool][connectionpool.py->_make_request:393][DEBUG][http://oa.jklife.com:80 "GET /seeyon/fileDownload.do?method=download&fileId=5977285194266132494&v=240953290fdf5e6b98e23fb0d2286fdc&createDate=2019-12-16&filename=%E9%99%84%E4%BB%B62%EF%BC%9A%E5%90%9B%E5%BA%B7%E5%90%9B%E6%82%A6%E4%B8%80%E7%94%9F%E5%85%BB%E8%80%81%E5%B9%B4%E9%87%91%E4%BF%9D%E9%99%A9%E4%B8%8A%E5%B8%82%E5%8F%91%E6%96%87%E7%9B%B8%E5%85%B3%E6%9D%90%E6%96%99.zip HTTP/1.1" 302 0]
[2020-02-04 16:36:09,483][ThreadPoolExecutor-0_17:31064][task_id:urllib3.connectionpool][connectionpool.py->_new_conn:205][DEBUG][Starting new HTTP connection (28): oa.jklife.com:80]
[2020-02-04 16:36:09,485][ThreadPoolExecutor-0_18:40032][task_id:urllib3.connectionpool][connectionpool.py->_new_conn:205][DEBUG][Starting new HTTP connection (29): oa.jklife.com:80]
[2020-02-04 16:36:09,486][ThreadPoolExecutor-0_4:39384][task_id:urllib3.connectionpool][connectionpool.py->_make_request:393][DEBUG][http://oa.jklife.com:80 "GET /seeyon/bulData.do?method=bulView&bulId=5204627977150812076 HTTP/1.1" 200 None]
[2020-02-04 16:36:09,487][ThreadPoolExecutor-0_13:32120][task_id:urllib3.connectionpool][connectionpool.py->_make_request:393][DEBUG][http://oa.jklife.com:80 "GET /seeyon/fileDownload.do?method=download&fileId=-5573570377092283280&v=947a420846c2cf806fc81b40e6789773&createDate=2020-01-06&filename=%E9%99%84%E5%BD%951-5.rar HTTP/1.1" 302 0]
[2020-02-04 16:36:09,497][ThreadPoolExecutor-0_19:17932][task_id:xjLib.log][log.py-><listcomp>:128][DEBUG][/seeyon/fileDownload.do?method=doDownload&filename=%E9%99%84%E4%BB%B6%EF%BC%9A%E5%90%9B%E5%BA%B7%E4%BA%BA%E5%AF%BF%E4%BF%9D%E9%99%A9%E8%82%A1%E4%BB%BD%E6%9C%89%E9%99%90%E5%85%AC%E5%8F%B8%E7%81%BE%E9%9A%BE%E6%81%A2%E5%A4%8D%E7%AE%A1%E7%90%86%E5%8A%9E%E6%B3%95.docx&v=5cc78a0ed5ef73bdfbde8d77bbb4d2c4&fileId=4784447441113402514&createDate=2019-12-25&]
[2020-02-04 16:36:09,499][ThreadPoolExecutor-0_22:34792][task_id:xjLib.log][log.py-><listcomp>:128][DEBUG][/seeyon/fileDownload.do?method=doDownload&filename=%E9%99%84%E4%BB%B62%EF%BC%9A%E5%90%9B%E5%BA%B7%E5%90%9B%E6%82%A6%E4%B8%80%E7%94%9F%E5%85%BB%E8%80%81%E5%B9%B4%E9%87%91%E4%BF%9D%E9%99%A9%E4%B8%8A%E5%B8%82%E5%8F%91%E6%96%87%E7%9B%B8%E5%85%B3%E6%9D%90%E6%96%99.zip&v=240953290fdf5e6b98e23fb0d2286fdc&fileId=5977285194266132494&createDate=2019-12-16&]
[2020-02-04 16:36:09,499][ThreadPoolExecutor-0_15:39860][task_id:urllib3.connectionpool][connectionpool.py->_make_request:393][DEBUG][http://oa.jklife.com:80 "GET /seeyon/fileDownload.do?method=download&fileId=-1063835219231748679&v=bfeb9d1429d922ed6689e9b563499304&createDate=2020-01-02&filename=%E9%99%84%E4%BB%B6%EF%BC%9A%E5%90%9B%E5%BA%B7%E4%BA%BA%E5%AF%BF%E4%BF%9D%E9%99%A9%E8%82%A1%E4%BB%BD%E6%9C%89%E9%99%90%E5%85%AC%E5%8F%B8%E4%BF%A1%E6%81%AF%E7%B3%BB%E7%BB%9F%E8%B4%A6%E6%88%B7%E7%AE%A1%E7%90%86%E5%8A%9E%E6%B3%95.pdf HTTP/1.1" 302 0]
[2020-02-04 16:36:09,510][ThreadPoolExecutor-0_13:32120][task_id:xjLib.log][log.py-><listcomp>:128][DEBUG][/seeyon/fileDownload.do?method=doDownload&filename=%E9%99%84%E5%BD%951-5.rar&v=947a420846c2cf806fc81b40e6789773&fileId=-5573570377092283280&createDate=2020-01-06&]
[2020-02-04 16:36:09,511][ThreadPoolExecutor-0_23:40608][task_id:urllib3.connectionpool][connectionpool.py->_make_request:393][DEBUG][http://oa.jklife.com:80 "GET /seeyon/fileDownload.do?method=download&fileId=-3074334996901181409&v=aed6567925942c6fde6aab863594f07e&createDate=2019-12-13&filename=%E9%99%84%E4%BB%B61%EF%BC%9A2020%E5%B9%B4%E8%AE%A1%E5%88%92%E4%BC%9A%E6%9A%A8%E5%90%AF%E5%8A%A8%E4%BC%9A%E5%8F%82%E4%BC%9A%E5%9B%9E%E6%89%A7%EF%BC%88XX%E6%9C%BA%E6%9E%84%E6%88%96%E9%83%A8%E9%97%A8%EF%BC%89.xlsx HTTP/1.1" 302 0]
[2020-02-04 16:36:09,518][ThreadPoolExecutor-0_15:39860][task_id:xjLib.log][log.py-><listcomp>:128][DEBUG][/seeyon/fileDownload.do?method=doDownload&filename=%E9%99%84%E4%BB%B6%EF%BC%9A%E5%90%9B%E5%BA%B7%E4%BA%BA%E5%AF%BF%E4%BF%9D%E9%99%A9%E8%82%A1%E4%BB%BD%E6%9C%89%E9%99%90%E5%85%AC%E5%8F%B8%E4%BF%A1%E6%81%AF%E7%B3%BB%E7%BB%9F%E8%B4%A6%E6%88%B7%E7%AE%A1%E7%90%86%E5%8A%9E%E6%B3%95.pdf&v=bfeb9d1429d922ed6689e9b563499304&fileId=-1063835219231748679&createDate=2020-01-02&]
[2020-02-04 16:36:09,519][ThreadPoolExecutor-0_24:38808][task_id:xjLib.log][log.py-><listcomp>:128][DEBUG][d:/1/君保发〔2019〕167号关于君康多倍宝（无忧版）重大疾病保险等两款产品上市的通知 创建成功]
[2020-02-04 16:36:09,525][ThreadPoolExecutor-0_7:30424][task_id:urllib3.connectionpool][connectionpool.py->_make_request:393][DEBUG][http://oa.jklife.com:80 "GET /seeyon/bulData.do?method=bulView&bulId=15873872161032536 HTTP/1.1" 200 None]
[2020-02-04 16:36:09,529][ThreadPoolExecutor-0_23:40608][task_id:xjLib.log][log.py-><listcomp>:128][DEBUG][/seeyon/fileDownload.do?method=doDownload&filename=%E9%99%84%E4%BB%B61%EF%BC%9A2020%E5%B9%B4%E8%AE%A1%E5%88%92%E4%BC%9A%E6%9A%A8%E5%90%AF%E5%8A%A8%E4%BC%9A%E5%8F%82%E4%BC%9A%E5%9B%9E%E6%89%A7%EF%BC%88XX%E6%9C%BA%E6%9E%84%E6%88%96%E9%83%A8%E9%97%A8%EF%BC%89.xlsx&v=aed6567925942c6fde6aab863594f07e&fileId=-3074334996901181409&createDate=2019-12-13&]
[2020-02-04 16:36:09,535][ThreadPoolExecutor-0_8:37348][task_id:urllib3.connectionpool][connectionpool.py->_make_request:393][DEBUG][http://oa.jklife.com:80 "GET /seeyon/bulData.do?method=bulView&bulId=3584923355993165447 HTTP/1.1" 200 None]
[2020-02-04 16:36:09,543][ThreadPoolExecutor-0_19:17932][task_id:urllib3.connectionpool][connectionpool.py->_make_request:393][DEBUG][http://oa.jklife.com:80 "GET /seeyon/fileDownload.do?method=doDownload&filename=%E9%99%84%E4%BB%B6%EF%BC%9A%E5%90%9B%E5%BA%B7%E4%BA%BA%E5%AF%BF%E4%BF%9D%E9%99%A9%E8%82%A1%E4%BB%BD%E6%9C%89%E9%99%90%E5%85%AC%E5%8F%B8%E7%81%BE%E9%9A%BE%E6%81%A2%E5%A4%8D%E7%AE%A1%E7%90%86%E5%8A%9E%E6%B3%95.docx&v=5cc78a0ed5ef73bdfbde8d77bbb4d2c4&fileId=4784447441113402514&createDate=2019-12-25& HTTP/1.1" 200 None]
[2020-02-04 16:36:09,544][ThreadPoolExecutor-0_22:34792][task_id:urllib3.connectionpool][connectionpool.py->_make_request:393][DEBUG][http://oa.jklife.com:80 "GET /seeyon/fileDownload.do?method=download&fileId=-205654041200344056&v=3f1559d3396cc1aa7a8e07aa7f85e7b1&createDate=2019-12-16&filename=%E9%99%84%E4%BB%B63%EF%BC%9A%E5%90%9B%E5%BA%B7%E5%90%9B%E8%80%80%E6%9C%AA%E6%9D%A5%E7%BB%88%E8%BA%AB%E5%AF%BF%E9%99%A9%E4%B8%8A%E5%B8%82%E5%8F%91%E6%96%87%E7%9B%B8%E5%85%B3%E6%9D%90%E6%96%99.zip HTTP/1.1" 302 0]
[2020-02-04 16:36:09,545][ThreadPoolExecutor-0_18:40032][task_id:urllib3.connectionpool][connectionpool.py->_make_request:393][DEBUG][http://oa.jklife.com:80 "GET /seeyon/fileDownload.do?method=download&fileId=6720030141404301034&v=5763552da1eade6b84880786873f6ac9&createDate=2019-12-31&filename=%E9%99%84%E4%BB%B62%EF%BC%9A%E5%90%9B%E5%BA%B7%E5%90%9B%E6%98%9F2%E5%8F%B7%E4%B8%A4%E5%85%A8%E4%BF%9D%E9%99%A9%EF%BC%88%E5%88%86%E7%BA%A2%E5%9E%8B%EF%BC%89%E4%B8%8A%E5%B8%82%E5%8F%91%E6%96%87%E6%9D%90%E6%96%99.zip HTTP/1.1" 302 0]
[2020-02-04 16:36:09,552][ThreadPoolExecutor-0_17:31064][task_id:urllib3.connectionpool][connectionpool.py->_make_request:393][DEBUG][http://oa.jklife.com:80 "GET /seeyon/bulData.do?method=bulView&bulId=-7670696491733398927 HTTP/1.1" 200 None]
[2020-02-04 16:36:09,553][ThreadPoolExecutor-0_13:32120][task_id:urllib3.connectionpool][connectionpool.py->_make_request:393][DEBUG][http://oa.jklife.com:80 "GET /seeyon/fileDownload.do?method=doDownload&filename=%E9%99%84%E4%BB%B6%EF%BC%9A%E5%90%9B%E5%BA%B7%E4%BA%BA%E5%AF%BF%E4%BF%9D%E9%99%A9%E8%82%A1%E4%BB%BD%E6%9C%89%E9%99%90%E5%85%AC%E5%8F%B8%E5%85%B3%E8%81%94%E4%BA%A4%E6%98%93%E7%AE%A1%E7%90%86%E5%8A%9E%E6%B3%95%EF%BC%882019%E4%BF%AE%E8%AE%A2%E7%89%88%EF%BC%89.pdf&v=da200aec21c8c4b8a78d12fac3f167f6&fileId=6084994744311171669&createDate=2020-01-06& HTTP/1.1" 200 None]
[2020-02-04 16:36:09,559][ThreadPoolExecutor-0_22:34792][task_id:xjLib.log][log.py-><listcomp>:128][DEBUG][/seeyon/fileDownload.do?method=doDownload&filename=%E9%99%84%E4%BB%B63%EF%BC%9A%E5%90%9B%E5%BA%B7%E5%90%9B%E8%80%80%E6%9C%AA%E6%9D%A5%E7%BB%88%E8%BA%AB%E5%AF%BF%E9%99%A9%E4%B8%8A%E5%B8%82%E5%8F%91%E6%96%87%E7%9B%B8%E5%85%B3%E6%9D%90%E6%96%99.zip&v=3f1559d3396cc1aa7a8e07aa7f85e7b1&fileId=-205654041200344056&createDate=2019-12-16&]
[2020-02-04 16:36:09,562][ThreadPoolExecutor-0_15:39860][task_id:urllib3.connectionpool][connectionpool.py->_make_request:393][DEBUG][http://oa.jklife.com:80 "GET /seeyon/fileDownload.do?method=doDownload&filename=%E9%99%84%E4%BB%B6%EF%BC%9A%E5%90%9B%E5%BA%B7%E4%BA%BA%E5%AF%BF%E4%BF%9D%E9%99%A9%E8%82%A1%E4%BB%BD%E6%9C%89%E9%99%90%E5%85%AC%E5%8F%B8%E4%BF%A1%E6%81%AF%E7%B3%BB%E7%BB%9F%E8%B4%A6%E6%88%B7%E7%AE%A1%E7%90%86%E5%8A%9E%E6%B3%95.pdf&v=bfeb9d1429d922ed6689e9b563499304&fileId=-1063835219231748679&createDate=2020-01-02& HTTP/1.1" 200 None]
[2020-02-04 16:36:09,562][ThreadPoolExecutor-0_18:40032][task_id:xjLib.log][log.py-><listcomp>:128][DEBUG][/seeyon/fileDownload.do?method=doDownload&filename=%E9%99%84%E4%BB%B62%EF%BC%9A%E5%90%9B%E5%BA%B7%E5%90%9B%E6%98%9F2%E5%8F%B7%E4%B8%A4%E5%85%A8%E4%BF%9D%E9%99%A9%EF%BC%88%E5%88%86%E7%BA%A2%E5%9E%8B%EF%BC%89%E4%B8%8A%E5%B8%82%E5%8F%91%E6%96%87%E6%9D%90%E6%96%99.zip&v=5763552da1eade6b84880786873f6ac9&fileId=6720030141404301034&createDate=2019-12-31&]
[2020-02-04 16:36:09,566][ThreadPoolExecutor-0_16:38824][task_id:xjLib.log][log.py-><listcomp>:128][DEBUG][d:/1/君保发〔2019〕166号关于沈曾鸣等同志职务聘任的通知 创建成功]
[2020-02-04 16:36:09,571][ThreadPoolExecutor-0_23:40608][task_id:urllib3.connectionpool][connectionpool.py->_make_request:393][DEBUG][http://oa.jklife.com:80 "GET /seeyon/fileDownload.do?method=download&fileId=7260179756620532227&v=56f7470f7448b75f90e3784a724a0ff9&createDate=2019-12-13&filename=%E9%99%84%E4%BB%B62%EF%BC%9A%E5%85%B3%E4%BA%8E%E6%97%B6%E5%B0%9A%E2%80%9C%E5%9B%BD%E6%BD%AE%E9%A3%8E%E2%80%9C%E7%9A%84%E8%AF%B4%E6%98%8E.pdf HTTP/1.1" 302 0]
[2020-02-04 16:36:09,575][ThreadPoolExecutor-0_19:17932][task_id:xjLib.log][log.py-><listcomp>:128][DEBUG][d:/1/君保发〔2019〕165号关于王世斌等职务任免的通知 创建成功]
[2020-02-04 16:36:09,576][ThreadPoolExecutor-0_24:38808][task_id:urllib3.connectionpool][connectionpool.py->_make_request:393][DEBUG][http://oa.jklife.com:80 "GET /seeyon/bulData.do?method=bulView&bulId=8792003290291326462 HTTP/1.1" 200 None]
[2020-02-04 16:36:09,597][ThreadPoolExecutor-0_22:34792][task_id:urllib3.connectionpool][connectionpool.py->_make_request:393][DEBUG][http://oa.jklife.com:80 "GET /seeyon/fileDownload.do?method=download&fileId=-3463206537480158782&v=da5191ca70b3ca3a1daf15e2f5bd04f4&createDate=2019-12-16&filename=%E9%99%84%E4%BB%B64%EF%BC%9A%E5%90%9B%E5%BA%B7%E5%90%9B%E6%82%A61%E5%8F%B7%E5%B9%B4%E9%87%91%E4%BF%9D%E9%99%A9%EF%BC%88%E5%88%86%E7%BA%A2%E5%9E%8B%EF%BC%89%E4%B8%8A%E5%B8%82%E5%8F%91%E6%96%87%E7%9B%B8%E5%85%B3%E6%9D%90%E6%96%99.zip HTTP/1.1" 302 0]
[2020-02-04 16:36:09,598][ThreadPoolExecutor-0_18:40032][task_id:urllib3.connectionpool][connectionpool.py->_make_request:393][DEBUG][http://oa.jklife.com:80 "GET /seeyon/fileDownload.do?method=doDownload&filename=%E9%99%84%E4%BB%B61%EF%BC%9A%E5%90%9B%E5%BA%B7%E4%B9%90%E9%A2%90%E5%85%BB%E8%80%81%E5%B9%B4%E9%87%91%E4%BF%9D%E9%99%A9%E4%B8%8A%E5%B8%82%E5%8F%91%E6%96%87%E6%9D%90%E6%96%99.zip&v=13bdc25da51576be62c087723c72d63c&fileId=-6737617276981850228&createDate=2019-12-31& HTTP/1.1" 200 None]
[2020-02-04 16:36:09,598][ThreadPoolExecutor-0_6:40316][task_id:xjLib.log][log.py-><listcomp>:128][DEBUG][d:/1/君保发〔2019〕164号关于周月娟同志免职的通知 创建成功]
[2020-02-04 16:36:09,607][ThreadPoolExecutor-0_23:40608][task_id:xjLib.log][log.py-><listcomp>:128][DEBUG][/seeyon/fileDownload.do?method=doDownload&filename=%E9%99%84%E4%BB%B62%EF%BC%9A%E5%85%B3%E4%BA%8E%E6%97%B6%E5%B0%9A%E2%80%9C%E5%9B%BD%E6%BD%AE%E9%A3%8E%E2%80%9C%E7%9A%84%E8%AF%B4%E6%98%8E.pdf&v=56f7470f7448b75f90e3784a724a0ff9&fileId=7260179756620532227&createDate=2019-12-13&]
[2020-02-04 16:36:09,612][ThreadPoolExecutor-0_16:38824][task_id:urllib3.connectionpool][connectionpool.py->_make_request:393][DEBUG][http://oa.jklife.com:80 "GET /seeyon/bulData.do?method=bulView&bulId=-3450405915317351756 HTTP/1.1" 200 None]
[2020-02-04 16:36:09,613][ThreadPoolExecutor-0_22:34792][task_id:xjLib.log][log.py-><listcomp>:128][DEBUG][/seeyon/fileDownload.do?method=doDownload&filename=%E9%99%84%E4%BB%B64%EF%BC%9A%E5%90%9B%E5%BA%B7%E5%90%9B%E6%82%A61%E5%8F%B7%E5%B9%B4%E9%87%91%E4%BF%9D%E9%99%A9%EF%BC%88%E5%88%86%E7%BA%A2%E5%9E%8B%EF%BC%89%E4%B8%8A%E5%B8%82%E5%8F%91%E6%96%87%E7%9B%B8%E5%85%B3%E6%9D%90%E6%96%99.zip&v=da5191ca70b3ca3a1daf15e2f5bd04f4&fileId=-3463206537480158782&createDate=2019-12-16&]
[2020-02-04 16:36:09,630][ThreadPoolExecutor-0_15:39860][task_id:xjLib.log][log.py-><listcomp>:128][DEBUG][d:/1/君保发〔2019〕163号关于盖金超同志职务任免的通知 创建成功]
[2020-02-04 16:36:09,637][ThreadPoolExecutor-0_19:17932][task_id:urllib3.connectionpool][connectionpool.py->_make_request:393][DEBUG][http://oa.jklife.com:80 "GET /seeyon/bulData.do?method=bulView&bulId=-7763740656806444296 HTTP/1.1" 200 None]
[2020-02-04 16:36:09,643][ThreadPoolExecutor-0_6:40316][task_id:urllib3.connectionpool][connectionpool.py->_make_request:393][DEBUG][http://oa.jklife.com:80 "GET /seeyon/bulData.do?method=bulView&bulId=-6617564184764726422 HTTP/1.1" 200 None]
[2020-02-04 16:36:09,646][ThreadPoolExecutor-0_23:40608][task_id:urllib3.connectionpool][connectionpool.py->_make_request:393][DEBUG][http://oa.jklife.com:80 "GET /seeyon/fileDownload.do?method=doDownload&filename=%E9%99%84%E4%BB%B61%EF%BC%9A2020%E5%B9%B4%E8%AE%A1%E5%88%92%E4%BC%9A%E6%9A%A8%E5%90%AF%E5%8A%A8%E4%BC%9A%E5%8F%82%E4%BC%9A%E5%9B%9E%E6%89%A7%EF%BC%88XX%E6%9C%BA%E6%9E%84%E6%88%96%E9%83%A8%E9%97%A8%EF%BC%89.xlsx&v=aed6567925942c6fde6aab863594f07e&fileId=-3074334996901181409&createDate=2019-12-13& HTTP/1.1" 200 None]
[2020-02-04 16:36:09,665][ThreadPoolExecutor-0_22:34792][task_id:urllib3.connectionpool][connectionpool.py->_make_request:393][DEBUG][http://oa.jklife.com:80 "GET /seeyon/fileDownload.do?method=doDownload&filename=%E9%99%84%E4%BB%B61%EF%BC%9A%E5%90%9B%E5%BA%B7%E5%90%9B%E8%B5%A2%E4%B8%80%E7%94%9F%EF%BC%88%E9%93%82%E9%87%91%E7%89%88%EF%BC%89%E5%B9%B4%E9%87%91%E4%BF%9D%E9%99%A9%E4%B8%8A%E5%B8%82%E5%8F%91%E6%96%87%E7%9B%B8%E5%85%B3%E6%9D%90%E6%96%99.zip&v=1de46d62facc175b15a46c89b3024348&fileId=1122334917004642144&createDate=2019-12-16& HTTP/1.1" 200 None]
[2020-02-04 16:36:09,678][ThreadPoolExecutor-0_13:32120][task_id:urllib3.connectionpool][connectionpool.py->_make_request:393][DEBUG][http://oa.jklife.com:80 "GET /seeyon/fileDownload.do?method=doDownload&filename=%E9%99%84%E5%BD%951-5.rar&v=947a420846c2cf806fc81b40e6789773&fileId=-5573570377092283280&createDate=2020-01-06& HTTP/1.1" 200 None]
[2020-02-04 16:36:09,689][ThreadPoolExecutor-0_15:39860][task_id:urllib3.connectionpool][connectionpool.py->_make_request:393][DEBUG][http://oa.jklife.com:80 "GET /seeyon/bulData.do?method=bulView&bulId=-5223536097214248680 HTTP/1.1" 200 None]
[2020-02-04 16:36:09,694][ThreadPoolExecutor-0_2:32312][task_id:urllib3.connectionpool][connectionpool.py->_make_request:393][DEBUG][http://oa.jklife.com:80 "GET /seeyon/fileDownload.do?method=download&fileId=-4157154759739817212&v=25525bff3cb021db9a14df7f338fdbdf&createDate=2019-12-10&filename=%E9%99%84%E4%BB%B6%EF%BC%9A%E5%90%9B%E5%BA%B7%E4%BA%BA%E5%AF%BF%E4%BF%9D%E9%99%A9%E8%82%A1%E4%BB%BD%E6%9C%89%E9%99%90%E5%85%AC%E5%8F%B8%E5%8F%8D%E6%B4%97%E9%92%B1%E5%9F%BA%E6%9C%AC%E7%AE%A1%E7%90%86%E5%88%B6%E5%BA%A6.pdf HTTP/1.1" 302 0]
[2020-02-04 16:36:09,710][ThreadPoolExecutor-0_2:32312][task_id:xjLib.log][log.py-><listcomp>:128][DEBUG][/seeyon/fileDownload.do?method=doDownload&filename=%E9%99%84%E4%BB%B6%EF%BC%9A%E5%90%9B%E5%BA%B7%E4%BA%BA%E5%AF%BF%E4%BF%9D%E9%99%A9%E8%82%A1%E4%BB%BD%E6%9C%89%E9%99%90%E5%85%AC%E5%8F%B8%E5%8F%8D%E6%B4%97%E9%92%B1%E5%9F%BA%E6%9C%AC%E7%AE%A1%E7%90%86%E5%88%B6%E5%BA%A6.pdf&v=25525bff3cb021db9a14df7f338fdbdf&fileId=-4157154759739817212&createDate=2019-12-10&]
[2020-02-04 16:36:09,715][ThreadPoolExecutor-0_9:41320][task_id:urllib3.connectionpool][connectionpool.py->_make_request:393][DEBUG][http://oa.jklife.com:80 "GET /seeyon/fileDownload.do?method=download&fileId=-569148942593341287&v=5134fc07df61a2fd8fa87b41bebdd264&createDate=2019-12-10&filename=%E9%99%84%E4%BB%B6%EF%BC%9A%E5%90%9B%E5%BA%B7%E4%BA%BA%E5%AF%BF%E4%BF%9D%E9%99%A9%E8%82%A1%E4%BB%BD%E6%9C%89%E9%99%90%E5%85%AC%E5%8F%B8%E4%BF%A1%E6%81%AF%E7%B3%BB%E7%BB%9F%E4%B8%8A%E7%BA%BF%E7%AE%A1%E7%90%86%E5%8A%9E%E6%B3%95.pdf HTTP/1.1" 302 0]
[2020-02-04 16:36:09,717][ThreadPoolExecutor-0_23:40608][task_id:urllib3.connectionpool][connectionpool.py->_make_request:393][DEBUG][http://oa.jklife.com:80 "GET /seeyon/fileDownload.do?method=doDownload&filename=%E9%99%84%E4%BB%B62%EF%BC%9A%E5%85%B3%E4%BA%8E%E6%97%B6%E5%B0%9A%E2%80%9C%E5%9B%BD%E6%BD%AE%E9%A3%8E%E2%80%9C%E7%9A%84%E8%AF%B4%E6%98%8E.pdf&v=56f7470f7448b75f90e3784a724a0ff9&fileId=7260179756620532227&createDate=2019-12-13& HTTP/1.1" 200 None]
[2020-02-04 16:36:09,717][ThreadPoolExecutor-0_13:32120][task_id:xjLib.log][log.py-><listcomp>:128][DEBUG][d:/1/君保发〔2019〕162号关于做好2019年国庆节期间保险服务工作的通知 创建成功]
[2020-02-04 16:36:09,731][ThreadPoolExecutor-0_9:41320][task_id:xjLib.log][log.py-><listcomp>:128][DEBUG][/seeyon/fileDownload.do?method=doDownload&filename=%E9%99%84%E4%BB%B6%EF%BC%9A%E5%90%9B%E5%BA%B7%E4%BA%BA%E5%AF%BF%E4%BF%9D%E9%99%A9%E8%82%A1%E4%BB%BD%E6%9C%89%E9%99%90%E5%85%AC%E5%8F%B8%E4%BF%A1%E6%81%AF%E7%B3%BB%E7%BB%9F%E4%B8%8A%E7%BA%BF%E7%AE%A1%E7%90%86%E5%8A%9E%E6%B3%95.pdf&v=5134fc07df61a2fd8fa87b41bebdd264&fileId=-569148942593341287&createDate=2019-12-10&]
[2020-02-04 16:36:09,745][ThreadPoolExecutor-0_5:37300][task_id:urllib3.connectionpool][connectionpool.py->_make_request:393][DEBUG][http://oa.jklife.com:80 "GET /seeyon/fileDownload.do?method=download&fileId=772171520630866973&v=850cada4a572300e2cd57561c66e95f9&createDate=2019-12-10&filename=%E9%99%84%E4%BB%B6%EF%BC%9A%E5%90%9B%E5%BA%B7%E4%BA%BA%E5%AF%BF%E4%BF%9D%E9%99%A9%E8%82%A1%E4%BB%BD%E6%9C%89%E9%99%90%E5%85%AC%E5%8F%B8%E4%BF%A1%E6%81%AF%E7%B3%BB%E7%BB%9F%E9%87%8D%E5%A4%A7%E7%AA%81%E5%8F%91%E4%BA%8B%E4%BB%B6%E5%BA%94%E6%80%A5%E9%A2%84%E6%A1%88.pdf HTTP/1.1" 302 0]
[2020-02-04 16:36:09,750][ThreadPoolExecutor-0_5:37300][task_id:xjLib.log][log.py-><listcomp>:128][DEBUG][/seeyon/fileDownload.do?method=doDownload&filename=%E9%99%84%E4%BB%B6%EF%BC%9A%E5%90%9B%E5%BA%B7%E4%BA%BA%E5%AF%BF%E4%BF%9D%E9%99%A9%E8%82%A1%E4%BB%BD%E6%9C%89%E9%99%90%E5%85%AC%E5%8F%B8%E4%BF%A1%E6%81%AF%E7%B3%BB%E7%BB%9F%E9%87%8D%E5%A4%A7%E7%AA%81%E5%8F%91%E4%BA%8B%E4%BB%B6%E5%BA%94%E6%80%A5%E9%A2%84%E6%A1%88.pdf&v=850cada4a572300e2cd57561c66e95f9&fileId=772171520630866973&createDate=2019-12-10&]
[2020-02-04 16:36:09,754][ThreadPoolExecutor-0_10:21728][task_id:urllib3.connectionpool][connectionpool.py->_make_request:393][DEBUG][http://oa.jklife.com:80 "GET /seeyon/fileDownload.do?method=download&fileId=-1785245434957771778&v=9c77c566cf5793f3d3aad007eb915e02&createDate=2019-12-10&filename=%E9%99%84%E4%BB%B6%EF%BC%9A%E5%90%9B%E5%BA%B7%E4%BA%BA%E5%AF%BF%E4%BF%9D%E9%99%A9%E8%82%A1%E4%BB%BD%E6%9C%89%E9%99%90%E5%85%AC%E5%8F%B8%E5%90%88%E5%90%8C%E7%AE%A1%E7%90%86%E5%8A%9E%E6%B3%95%EF%BC%882019%E5%B9%B4%E4%BF%AE%E8%AE%A2%E7%89%88%EF%BC%89.pdf HTTP/1.1" 302 0]
[2020-02-04 16:36:09,755][ThreadPoolExecutor-0_2:32312][task_id:urllib3.connectionpool][connectionpool.py->_make_request:393][DEBUG][http://oa.jklife.com:80 "GET /seeyon/fileDownload.do?method=doDownload&filename=%E9%99%84%E4%BB%B6%EF%BC%9A%E5%90%9B%E5%BA%B7%E4%BA%BA%E5%AF%BF%E4%BF%9D%E9%99%A9%E8%82%A1%E4%BB%BD%E6%9C%89%E9%99%90%E5%85%AC%E5%8F%B8%E5%8F%8D%E6%B4%97%E9%92%B1%E5%9F%BA%E6%9C%AC%E7%AE%A1%E7%90%86%E5%88%B6%E5%BA%A6.pdf&v=25525bff3cb021db9a14df7f338fdbdf&fileId=-4157154759739817212&createDate=2019-12-10& HTTP/1.1" 200 None]
[2020-02-04 16:36:09,765][ThreadPoolExecutor-0_10:21728][task_id:xjLib.log][log.py-><listcomp>:128][DEBUG][/seeyon/fileDownload.do?method=doDownload&filename=%E9%99%84%E4%BB%B6%EF%BC%9A%E5%90%9B%E5%BA%B7%E4%BA%BA%E5%AF%BF%E4%BF%9D%E9%99%A9%E8%82%A1%E4%BB%BD%E6%9C%89%E9%99%90%E5%85%AC%E5%8F%B8%E5%90%88%E5%90%8C%E7%AE%A1%E7%90%86%E5%8A%9E%E6%B3%95%EF%BC%882019%E5%B9%B4%E4%BF%AE%E8%AE%A2%E7%89%88%EF%BC%89.pdf&v=9c77c566cf5793f3d3aad007eb915e02&fileId=-1785245434957771778&createDate=2019-12-10&]
[2020-02-04 16:36:09,792][ThreadPoolExecutor-0_9:41320][task_id:urllib3.connectionpool][connectionpool.py->_make_request:393][DEBUG][http://oa.jklife.com:80 "GET /seeyon/fileDownload.do?method=doDownload&filename=%E9%99%84%E4%BB%B6%EF%BC%9A%E5%90%9B%E5%BA%B7%E4%BA%BA%E5%AF%BF%E4%BF%9D%E9%99%A9%E8%82%A1%E4%BB%BD%E6%9C%89%E9%99%90%E5%85%AC%E5%8F%B8%E4%BF%A1%E6%81%AF%E7%B3%BB%E7%BB%9F%E4%B8%8A%E7%BA%BF%E7%AE%A1%E7%90%86%E5%8A%9E%E6%B3%95.pdf&v=5134fc07df61a2fd8fa87b41bebdd264&fileId=-569148942593341287&createDate=2019-12-10& HTTP/1.1" 200 None]
[2020-02-04 16:36:09,795][ThreadPoolExecutor-0_13:32120][task_id:urllib3.connectionpool][connectionpool.py->_make_request:393][DEBUG][http://oa.jklife.com:80 "GET /seeyon/bulData.do?method=bulView&bulId=-8286147621547784235 HTTP/1.1" 200 None]
[2020-02-04 16:36:09,799][ThreadPoolExecutor-0_5:37300][task_id:urllib3.connectionpool][connectionpool.py->_make_request:393][DEBUG][http://oa.jklife.com:80 "GET /seeyon/fileDownload.do?method=doDownload&filename=%E9%99%84%E4%BB%B6%EF%BC%9A%E5%90%9B%E5%BA%B7%E4%BA%BA%E5%AF%BF%E4%BF%9D%E9%99%A9%E8%82%A1%E4%BB%BD%E6%9C%89%E9%99%90%E5%85%AC%E5%8F%B8%E4%BF%A1%E6%81%AF%E7%B3%BB%E7%BB%9F%E9%87%8D%E5%A4%A7%E7%AA%81%E5%8F%91%E4%BA%8B%E4%BB%B6%E5%BA%94%E6%80%A5%E9%A2%84%E6%A1%88.pdf&v=850cada4a572300e2cd57561c66e95f9&fileId=772171520630866973&createDate=2019-12-10& HTTP/1.1" 200 None]
[2020-02-04 16:36:09,803][ThreadPoolExecutor-0_20:41264][task_id:xjLib.log][log.py-><listcomp>:128][DEBUG][d:/1/君保发〔2019〕161号关于2019年国庆期间网络及信息安全保障工作的通知 创建成功]
[2020-02-04 16:36:09,816][ThreadPoolExecutor-0_10:21728][task_id:urllib3.connectionpool][connectionpool.py->_make_request:393][DEBUG][http://oa.jklife.com:80 "GET /seeyon/fileDownload.do?method=doDownload&filename=%E9%99%84%E4%BB%B6%EF%BC%9A%E5%90%9B%E5%BA%B7%E4%BA%BA%E5%AF%BF%E4%BF%9D%E9%99%A9%E8%82%A1%E4%BB%BD%E6%9C%89%E9%99%90%E5%85%AC%E5%8F%B8%E5%90%88%E5%90%8C%E7%AE%A1%E7%90%86%E5%8A%9E%E6%B3%95%EF%BC%882019%E5%B9%B4%E4%BF%AE%E8%AE%A2%E7%89%88%EF%BC%89.pdf&v=9c77c566cf5793f3d3aad007eb915e02&fileId=-1785245434957771778&createDate=2019-12-10& HTTP/1.1" 200 None]
[2020-02-04 16:36:09,819][ThreadPoolExecutor-0_0:38144][task_id:xjLib.log][log.py-><listcomp>:128][DEBUG][d:/1/君保发〔2019〕159号关于2019年国庆节放假的通知 创建成功]
[2020-02-04 16:36:09,838][ThreadPoolExecutor-0_14:41736][task_id:urllib3.connectionpool][connectionpool.py->_make_request:393][DEBUG][http://oa.jklife.com:80 "GET /seeyon/fileDownload.do?method=download&fileId=5585565297667688036&v=82d24b270d7f8445230db440fa47753e&createDate=2019-12-10&filename=%E9%99%84%E4%BB%B6%EF%BC%9A%E5%90%9B%E5%BA%B7%E4%BA%BA%E5%AF%BF%E4%BF%9D%E9%99%A9%E8%82%A1%E4%BB%BD%E6%9C%89%E9%99%90%E5%85%AC%E5%8F%B8%E9%93%B6%E8%A1%8C%E4%BF%9D%E9%99%A9%E4%B8%9A%E5%8A%A1%E6%96%B0%E5%A5%91%E7%BA%A6%E4%BD%9C%E4%B8%9A%E8%A7%84%E8%8C%83.pdf HTTP/1.1" 302 0]
[2020-02-04 16:36:09,849][ThreadPoolExecutor-0_18:40032][task_id:urllib3.connectionpool][connectionpool.py->_make_request:393][DEBUG][http://oa.jklife.com:80 "GET /seeyon/fileDownload.do?method=doDownload&filename=%E9%99%84%E4%BB%B62%EF%BC%9A%E5%90%9B%E5%BA%B7%E5%90%9B%E6%98%9F2%E5%8F%B7%E4%B8%A4%E5%85%A8%E4%BF%9D%E9%99%A9%EF%BC%88%E5%88%86%E7%BA%A2%E5%9E%8B%EF%BC%89%E4%B8%8A%E5%B8%82%E5%8F%91%E6%96%87%E6%9D%90%E6%96%99.zip&v=5763552da1eade6b84880786873f6ac9&fileId=6720030141404301034&createDate=2019-12-31& HTTP/1.1" 200 None]
[2020-02-04 16:36:09,851][ThreadPoolExecutor-0_14:41736][task_id:xjLib.log][log.py-><listcomp>:128][DEBUG][/seeyon/fileDownload.do?method=doDownload&filename=%E9%99%84%E4%BB%B6%EF%BC%9A%E5%90%9B%E5%BA%B7%E4%BA%BA%E5%AF%BF%E4%BF%9D%E9%99%A9%E8%82%A1%E4%BB%BD%E6%9C%89%E9%99%90%E5%85%AC%E5%8F%B8%E9%93%B6%E8%A1%8C%E4%BF%9D%E9%99%A9%E4%B8%9A%E5%8A%A1%E6%96%B0%E5%A5%91%E7%BA%A6%E4%BD%9C%E4%B8%9A%E8%A7%84%E8%8C%83.pdf&v=82d24b270d7f8445230db440fa47753e&fileId=5585565297667688036&createDate=2019-12-10&]
[2020-02-04 16:36:09,864][ThreadPoolExecutor-0_22:34792][task_id:urllib3.connectionpool][connectionpool.py->_make_request:393][DEBUG][http://oa.jklife.com:80 "GET /seeyon/fileDownload.do?method=doDownload&filename=%E9%99%84%E4%BB%B62%EF%BC%9A%E5%90%9B%E5%BA%B7%E5%90%9B%E6%82%A6%E4%B8%80%E7%94%9F%E5%85%BB%E8%80%81%E5%B9%B4%E9%87%91%E4%BF%9D%E9%99%A9%E4%B8%8A%E5%B8%82%E5%8F%91%E6%96%87%E7%9B%B8%E5%85%B3%E6%9D%90%E6%96%99.zip&v=240953290fdf5e6b98e23fb0d2286fdc&fileId=5977285194266132494&createDate=2019-12-16& HTTP/1.1" 200 None]
[2020-02-04 16:36:09,867][ThreadPoolExecutor-0_2:32312][task_id:xjLib.log][log.py-><listcomp>:128][DEBUG][d:/1/君保发〔2019〕158号关于下发《君康人寿保险股份有限公司中介续期业务管理办法（2019版）》的通知 创建成功]
[2020-02-04 16:36:09,883][ThreadPoolExecutor-0_20:41264][task_id:urllib3.connectionpool][connectionpool.py->_make_request:393][DEBUG][http://oa.jklife.com:80 "GET /seeyon/bulData.do?method=bulView&bulId=-9001570246015497180 HTTP/1.1" 200 None]
[2020-02-04 16:36:09,889][ThreadPoolExecutor-0_21:16356][task_id:urllib3.connectionpool][connectionpool.py->_make_request:393][DEBUG][http://oa.jklife.com:80 "GET /seeyon/fileDownload.do?method=download&fileId=-6274547083460325780&v=78d0d5df1a131108892c9d676f099d0f&createDate=2019-12-06&filename=%E9%99%84%E4%BB%B6%EF%BC%9A%E5%90%9B%E5%BA%B7%E4%BA%BA%E5%AF%BF%E4%BF%9D%E9%99%A9%E8%82%A1%E4%BB%BD%E6%9C%89%E9%99%90%E5%85%AC%E5%8F%B8%E5%95%86%E6%A0%87%E7%AE%A1%E7%90%86%E8%A7%84%E5%AE%9A.pdf HTTP/1.1" 302 0]
[2020-02-04 16:36:09,890][ThreadPoolExecutor-0_0:38144][task_id:urllib3.connectionpool][connectionpool.py->_make_request:393][DEBUG][http://oa.jklife.com:80 "GET /seeyon/bulData.do?method=bulView&bulId=-7050431213062370239 HTTP/1.1" 200 None]
[2020-02-04 16:36:09,897][ThreadPoolExecutor-0_21:16356][task_id:xjLib.log][log.py-><listcomp>:128][DEBUG][/seeyon/fileDownload.do?method=doDownload&filename=%E9%99%84%E4%BB%B6%EF%BC%9A%E5%90%9B%E5%BA%B7%E4%BA%BA%E5%AF%BF%E4%BF%9D%E9%99%A9%E8%82%A1%E4%BB%BD%E6%9C%89%E9%99%90%E5%85%AC%E5%8F%B8%E5%95%86%E6%A0%87%E7%AE%A1%E7%90%86%E8%A7%84%E5%AE%9A.pdf&v=78d0d5df1a131108892c9d676f099d0f&fileId=-6274547083460325780&createDate=2019-12-06&]
[2020-02-04 16:36:09,915][ThreadPoolExecutor-0_14:41736][task_id:urllib3.connectionpool][connectionpool.py->_make_request:393][DEBUG][http://oa.jklife.com:80 "GET /seeyon/fileDownload.do?method=doDownload&filename=%E9%99%84%E4%BB%B6%EF%BC%9A%E5%90%9B%E5%BA%B7%E4%BA%BA%E5%AF%BF%E4%BF%9D%E9%99%A9%E8%82%A1%E4%BB%BD%E6%9C%89%E9%99%90%E5%85%AC%E5%8F%B8%E9%93%B6%E8%A1%8C%E4%BF%9D%E9%99%A9%E4%B8%9A%E5%8A%A1%E6%96%B0%E5%A5%91%E7%BA%A6%E4%BD%9C%E4%B8%9A%E8%A7%84%E8%8C%83.pdf&v=82d24b270d7f8445230db440fa47753e&fileId=5585565297667688036&createDate=2019-12-10& HTTP/1.1" 200 None]
[2020-02-04 16:36:09,922][ThreadPoolExecutor-0_12:37484][task_id:urllib3.connectionpool][connectionpool.py->_make_request:393][DEBUG][http://oa.jklife.com:80 "GET /seeyon/fileDownload.do?method=download&fileId=-2457123389399153354&v=6f912dbeecc37f39e28b478ba376948a&createDate=2019-12-04&filename=%E9%99%84%E4%BB%B6%EF%BC%9A%E5%90%9B%E5%BA%B7%E4%BA%BA%E5%AF%BF%E4%BF%9D%E9%99%A9%E8%82%A1%E4%BB%BD%E6%9C%89%E9%99%90%E5%85%AC%E5%8F%B8%E4%B8%AA%E4%BA%BA%E4%B8%9A%E5%8A%A1%E6%8A%95%E4%BF%9D%E9%80%9A%E5%88%99%EF%BC%882019%E7%89%88%EF%BC%89.pdf HTTP/1.1" 302 0]
[2020-02-04 16:36:09,933][ThreadPoolExecutor-0_12:37484][task_id:xjLib.log][log.py-><listcomp>:128][DEBUG][/seeyon/fileDownload.do?method=doDownload&filename=%E9%99%84%E4%BB%B6%EF%BC%9A%E5%90%9B%E5%BA%B7%E4%BA%BA%E5%AF%BF%E4%BF%9D%E9%99%A9%E8%82%A1%E4%BB%BD%E6%9C%89%E9%99%90%E5%85%AC%E5%8F%B8%E4%B8%AA%E4%BA%BA%E4%B8%9A%E5%8A%A1%E6%8A%95%E4%BF%9D%E9%80%9A%E5%88%99%EF%BC%882019%E7%89%88%EF%BC%89.pdf&v=6f912dbeecc37f39e28b478ba376948a&fileId=-2457123389399153354&createDate=2019-12-04&]
[2020-02-04 16:36:09,947][ThreadPoolExecutor-0_11:35648][task_id:urllib3.connectionpool][connectionpool.py->_make_request:393][DEBUG][http://oa.jklife.com:80 "GET /seeyon/fileDownload.do?method=download&fileId=-707486300199237619&v=b7485954790c113095eb3faa16c37b62&createDate=2019-12-06&filename=%E9%99%84%E4%BB%B61-5.rar HTTP/1.1" 302 0]
[2020-02-04 16:36:09,950][ThreadPoolExecutor-0_2:32312][task_id:urllib3.connectionpool][connectionpool.py->_make_request:393][DEBUG][http://oa.jklife.com:80 "GET /seeyon/bulData.do?method=bulView&bulId=-8530747973193480022 HTTP/1.1" 200 None]
[2020-02-04 16:36:09,966][ThreadPoolExecutor-0_11:35648][task_id:xjLib.log][log.py-><listcomp>:128][DEBUG][/seeyon/fileDownload.do?method=doDownload&filename=%E9%99%84%E4%BB%B61-5.rar&v=b7485954790c113095eb3faa16c37b62&fileId=-707486300199237619&createDate=2019-12-06&]
[2020-02-04 16:36:09,968][ThreadPoolExecutor-0_21:16356][task_id:urllib3.connectionpool][connectionpool.py->_make_request:393][DEBUG][http://oa.jklife.com:80 "GET /seeyon/fileDownload.do?method=doDownload&filename=%E9%99%84%E4%BB%B6%EF%BC%9A%E5%90%9B%E5%BA%B7%E4%BA%BA%E5%AF%BF%E4%BF%9D%E9%99%A9%E8%82%A1%E4%BB%BD%E6%9C%89%E9%99%90%E5%85%AC%E5%8F%B8%E5%95%86%E6%A0%87%E7%AE%A1%E7%90%86%E8%A7%84%E5%AE%9A.pdf&v=78d0d5df1a131108892c9d676f099d0f&fileId=-6274547083460325780&createDate=2019-12-06& HTTP/1.1" 200 None]
[2020-02-04 16:36:09,978][ThreadPoolExecutor-0_3:34624][task_id:urllib3.connectionpool][connectionpool.py->_make_request:393][DEBUG][http://oa.jklife.com:80 "GET /seeyon/fileDownload.do?method=download&fileId=-4497343289590135840&v=78bc976ea27d855566b4eec438572b5b&createDate=2019-12-02&filename=%E9%99%84%E4%BB%B6%EF%BC%9A%E5%90%9B%E5%BA%B7%E4%BA%BA%E5%AF%BF%E4%BF%9D%E9%99%A9%E8%82%A1%E4%BB%BD%E6%9C%89%E9%99%90%E5%85%AC%E5%8F%B8%E4%BF%A1%E6%81%AF%E7%B3%BB%E7%BB%9F%E7%94%A8%E6%88%B7%E9%AA%8C%E6%94%B6%E6%B5%8B%E8%AF%95%E7%AE%A1%E7%90%86%E5%8A%9E%E6%B3%95.pdf HTTP/1.1" 302 0]
[2020-02-04 16:36:09,987][ThreadPoolExecutor-0_3:34624][task_id:xjLib.log][log.py-><listcomp>:128][DEBUG][/seeyon/fileDownload.do?method=doDownload&filename=%E9%99%84%E4%BB%B6%EF%BC%9A%E5%90%9B%E5%BA%B7%E4%BA%BA%E5%AF%BF%E4%BF%9D%E9%99%A9%E8%82%A1%E4%BB%BD%E6%9C%89%E9%99%90%E5%85%AC%E5%8F%B8%E4%BF%A1%E6%81%AF%E7%B3%BB%E7%BB%9F%E7%94%A8%E6%88%B7%E9%AA%8C%E6%94%B6%E6%B5%8B%E8%AF%95%E7%AE%A1%E7%90%86%E5%8A%9E%E6%B3%95.pdf&v=78bc976ea27d855566b4eec438572b5b&fileId=-4497343289590135840&createDate=2019-12-02&]
[2020-02-04 16:36:09,989][ThreadPoolExecutor-0_4:39384][task_id:urllib3.connectionpool][connectionpool.py->_make_request:393][DEBUG][http://oa.jklife.com:80 "GET /seeyon/fileDownload.do?method=download&fileId=4232360799562057828&v=f122be833073dd290f0a1b0cde5bf33d&createDate=2019-12-02&filename=%E9%99%84%E4%BB%B6%EF%BC%9A%E5%90%9B%E5%BA%B7%E4%BA%BA%E5%AF%BF%E4%BF%9D%E9%99%A9%E8%82%A1%E4%BB%BD%E6%9C%89%E9%99%90%E5%85%AC%E5%8F%B8%E9%98%B2%E7%97%85%E6%AF%92%E7%AE%A1%E7%90%86%E8%A7%84%E8%8C%83.pdf HTTP/1.1" 302 0]
[2020-02-04 16:36:10,002][ThreadPoolExecutor-0_12:37484][task_id:urllib3.connectionpool][connectionpool.py->_make_request:393][DEBUG][http://oa.jklife.com:80 "GET /seeyon/fileDownload.do?method=doDownload&filename=%E9%99%84%E4%BB%B6%EF%BC%9A%E5%90%9B%E5%BA%B7%E4%BA%BA%E5%AF%BF%E4%BF%9D%E9%99%A9%E8%82%A1%E4%BB%BD%E6%9C%89%E9%99%90%E5%85%AC%E5%8F%B8%E4%B8%AA%E4%BA%BA%E4%B8%9A%E5%8A%A1%E6%8A%95%E4%BF%9D%E9%80%9A%E5%88%99%EF%BC%882019%E7%89%88%EF%BC%89.pdf&v=6f912dbeecc37f39e28b478ba376948a&fileId=-2457123389399153354&createDate=2019-12-04& HTTP/1.1" 200 None]
[2020-02-04 16:36:10,003][ThreadPoolExecutor-0_4:39384][task_id:xjLib.log][log.py-><listcomp>:128][DEBUG][/seeyon/fileDownload.do?method=doDownload&filename=%E9%99%84%E4%BB%B6%EF%BC%9A%E5%90%9B%E5%BA%B7%E4%BA%BA%E5%AF%BF%E4%BF%9D%E9%99%A9%E8%82%A1%E4%BB%BD%E6%9C%89%E9%99%90%E5%85%AC%E5%8F%B8%E9%98%B2%E7%97%85%E6%AF%92%E7%AE%A1%E7%90%86%E8%A7%84%E8%8C%83.pdf&v=f122be833073dd290f0a1b0cde5bf33d&fileId=4232360799562057828&createDate=2019-12-02&]
[2020-02-04 16:36:10,029][ThreadPoolExecutor-0_8:37348][task_id:urllib3.connectionpool][connectionpool.py->_make_request:393][DEBUG][http://oa.jklife.com:80 "GET /seeyon/fileDownload.do?method=download&fileId=2122030574605190857&v=9931934e775522ed73f08cf98cce7f72&createDate=2019-11-27&filename=%E9%99%84%E4%BB%B6%EF%BC%9A%E5%90%9B%E5%BA%B7%E4%BA%BA%E5%AF%BF%E4%BF%9D%E9%99%A9%E8%82%A1%E4%BB%BD%E6%9C%89%E9%99%90%E5%85%AC%E5%8F%B8%E6%A0%B8%E4%BF%9D%E3%80%81%E6%A0%B8%E8%B5%94%E4%BA%BA%E5%91%98%E7%AE%A1%E7%90%86%E5%8A%9E%E6%B3%95%EF%BC%882019%E7%89%88%EF%BC%89.pdf HTTP/1.1" 302 0]
[2020-02-04 16:36:10,035][ThreadPoolExecutor-0_8:37348][task_id:xjLib.log][log.py-><listcomp>:128][DEBUG][/seeyon/fileDownload.do?method=doDownload&filename=%E9%99%84%E4%BB%B6%EF%BC%9A%E5%90%9B%E5%BA%B7%E4%BA%BA%E5%AF%BF%E4%BF%9D%E9%99%A9%E8%82%A1%E4%BB%BD%E6%9C%89%E9%99%90%E5%85%AC%E5%8F%B8%E6%A0%B8%E4%BF%9D%E3%80%81%E6%A0%B8%E8%B5%94%E4%BA%BA%E5%91%98%E7%AE%A1%E7%90%86%E5%8A%9E%E6%B3%95%EF%BC%882019%E7%89%88%EF%BC%89.pdf&v=9931934e775522ed73f08cf98cce7f72&fileId=2122030574605190857&createDate=2019-11-27&]
[2020-02-04 16:36:10,046][ThreadPoolExecutor-0_11:35648][task_id:urllib3.connectionpool][connectionpool.py->_make_request:393][DEBUG][http://oa.jklife.com:80 "GET /seeyon/fileDownload.do?method=doDownload&filename=%E9%99%84%E4%BB%B61-5.rar&v=b7485954790c113095eb3faa16c37b62&fileId=-707486300199237619&createDate=2019-12-06& HTTP/1.1" 200 None]
[2020-02-04 16:36:10,064][ThreadPoolExecutor-0_7:30424][task_id:urllib3.connectionpool][connectionpool.py->_make_request:393][DEBUG][http://oa.jklife.com:80 "GET /seeyon/fileDownload.do?method=download&fileId=2023367123277268296&v=4cf0345c7188b6a8695eb42a4b00ca9f&createDate=2019-11-27&filename=%E9%99%84%E4%BB%B6%EF%BC%9A%E5%90%9B%E5%BA%B7%E4%BA%BA%E5%AF%BF%E4%BF%9D%E9%99%A9%E8%82%A1%E4%BB%BD%E6%9C%89%E9%99%90%E5%85%AC%E5%8F%B8%E4%BF%A1%E6%81%AF%E5%AE%89%E5%85%A8%E7%AD%96%E7%95%A5%E7%AE%A1%E7%90%86%E5%8A%9E%E6%B3%95.pdf HTTP/1.1" 302 0]
[2020-02-04 16:36:10,070][ThreadPoolExecutor-0_7:30424][task_id:xjLib.log][log.py-><listcomp>:128][DEBUG][/seeyon/fileDownload.do?method=doDownload&filename=%E9%99%84%E4%BB%B6%EF%BC%9A%E5%90%9B%E5%BA%B7%E4%BA%BA%E5%AF%BF%E4%BF%9D%E9%99%A9%E8%82%A1%E4%BB%BD%E6%9C%89%E9%99%90%E5%85%AC%E5%8F%B8%E4%BF%A1%E6%81%AF%E5%AE%89%E5%85%A8%E7%AD%96%E7%95%A5%E7%AE%A1%E7%90%86%E5%8A%9E%E6%B3%95.pdf&v=4cf0345c7188b6a8695eb42a4b00ca9f&fileId=2023367123277268296&createDate=2019-11-27&]
[2020-02-04 16:36:10,081][ThreadPoolExecutor-0_3:34624][task_id:urllib3.connectionpool][connectionpool.py->_make_request:393][DEBUG][http://oa.jklife.com:80 "GET /seeyon/fileDownload.do?method=doDownload&filename=%E9%99%84%E4%BB%B6%EF%BC%9A%E5%90%9B%E5%BA%B7%E4%BA%BA%E5%AF%BF%E4%BF%9D%E9%99%A9%E8%82%A1%E4%BB%BD%E6%9C%89%E9%99%90%E5%85%AC%E5%8F%B8%E4%BF%A1%E6%81%AF%E7%B3%BB%E7%BB%9F%E7%94%A8%E6%88%B7%E9%AA%8C%E6%94%B6%E6%B5%8B%E8%AF%95%E7%AE%A1%E7%90%86%E5%8A%9E%E6%B3%95.pdf&v=78bc976ea27d855566b4eec438572b5b&fileId=-4497343289590135840&createDate=2019-12-02& HTTP/1.1" 200 None]
[2020-02-04 16:36:10,094][ThreadPoolExecutor-0_4:39384][task_id:urllib3.connectionpool][connectionpool.py->_make_request:393][DEBUG][http://oa.jklife.com:80 "GET /seeyon/fileDownload.do?method=doDownload&filename=%E9%99%84%E4%BB%B6%EF%BC%9A%E5%90%9B%E5%BA%B7%E4%BA%BA%E5%AF%BF%E4%BF%9D%E9%99%A9%E8%82%A1%E4%BB%BD%E6%9C%89%E9%99%90%E5%85%AC%E5%8F%B8%E9%98%B2%E7%97%85%E6%AF%92%E7%AE%A1%E7%90%86%E8%A7%84%E8%8C%83.pdf&v=f122be833073dd290f0a1b0cde5bf33d&fileId=4232360799562057828&createDate=2019-12-02& HTTP/1.1" 200 None]
[2020-02-04 16:36:10,095][ThreadPoolExecutor-0_24:38808][task_id:urllib3.connectionpool][connectionpool.py->_make_request:393][DEBUG][http://oa.jklife.com:80 "GET /seeyon/fileDownload.do?method=download&fileId=8354129524466139265&v=8fb7b55c58a73b725828a0b05a27cc32&createDate=2019-11-01&filename=%E9%99%84%E4%BB%B61-9.rar HTTP/1.1" 302 0]
[2020-02-04 16:36:10,101][ThreadPoolExecutor-0_24:38808][task_id:xjLib.log][log.py-><listcomp>:128][DEBUG][/seeyon/fileDownload.do?method=doDownload&filename=%E9%99%84%E4%BB%B61-9.rar&v=8fb7b55c58a73b725828a0b05a27cc32&fileId=8354129524466139265&createDate=2019-11-01&]
[2020-02-04 16:36:10,114][ThreadPoolExecutor-0_8:37348][task_id:urllib3.connectionpool][connectionpool.py->_make_request:393][DEBUG][http://oa.jklife.com:80 "GET /seeyon/fileDownload.do?method=doDownload&filename=%E9%99%84%E4%BB%B6%EF%BC%9A%E5%90%9B%E5%BA%B7%E4%BA%BA%E5%AF%BF%E4%BF%9D%E9%99%A9%E8%82%A1%E4%BB%BD%E6%9C%89%E9%99%90%E5%85%AC%E5%8F%B8%E6%A0%B8%E4%BF%9D%E3%80%81%E6%A0%B8%E8%B5%94%E4%BA%BA%E5%91%98%E7%AE%A1%E7%90%86%E5%8A%9E%E6%B3%95%EF%BC%882019%E7%89%88%EF%BC%89.pdf&v=9931934e775522ed73f08cf98cce7f72&fileId=2122030574605190857&createDate=2019-11-27& HTTP/1.1" 200 None]
[2020-02-04 16:36:10,138][ThreadPoolExecutor-0_7:30424][task_id:urllib3.connectionpool][connectionpool.py->_make_request:393][DEBUG][http://oa.jklife.com:80 "GET /seeyon/fileDownload.do?method=doDownload&filename=%E9%99%84%E4%BB%B6%EF%BC%9A%E5%90%9B%E5%BA%B7%E4%BA%BA%E5%AF%BF%E4%BF%9D%E9%99%A9%E8%82%A1%E4%BB%BD%E6%9C%89%E9%99%90%E5%85%AC%E5%8F%B8%E4%BF%A1%E6%81%AF%E5%AE%89%E5%85%A8%E7%AD%96%E7%95%A5%E7%AE%A1%E7%90%86%E5%8A%9E%E6%B3%95.pdf&v=4cf0345c7188b6a8695eb42a4b00ca9f&fileId=2023367123277268296&createDate=2019-11-27& HTTP/1.1" 200 None]
[2020-02-04 16:36:10,147][ThreadPoolExecutor-0_20:41264][task_id:urllib3.connectionpool][connectionpool.py->_make_request:393][DEBUG][http://oa.jklife.com:80 "GET /seeyon/fileDownload.do?method=download&fileId=5073762134349204635&v=dc61f81f56fc732a8f4ed7a03eba42a1&createDate=2019-09-26&filename=%E9%99%84%E4%BB%B6%EF%BC%9A%E7%BD%91%E7%BB%9C%E5%AE%89%E5%85%A8%E5%80%BC%E7%8F%AD%E5%B0%8F%E7%BB%84%E6%88%90%E5%91%98%E5%8F%8A%E8%81%94%E7%B3%BB%E6%96%B9%E5%BC%8F.pdf HTTP/1.1" 302 0]
[2020-02-04 16:36:10,150][ThreadPoolExecutor-0_20:41264][task_id:xjLib.log][log.py-><listcomp>:128][DEBUG][/seeyon/fileDownload.do?method=doDownload&filename=%E9%99%84%E4%BB%B6%EF%BC%9A%E7%BD%91%E7%BB%9C%E5%AE%89%E5%85%A8%E5%80%BC%E7%8F%AD%E5%B0%8F%E7%BB%84%E6%88%90%E5%91%98%E5%8F%8A%E8%81%94%E7%B3%BB%E6%96%B9%E5%BC%8F.pdf&v=dc61f81f56fc732a8f4ed7a03eba42a1&fileId=5073762134349204635&createDate=2019-09-26&]
[2020-02-04 16:36:10,178][ThreadPoolExecutor-0_2:32312][task_id:urllib3.connectionpool][connectionpool.py->_make_request:393][DEBUG][http://oa.jklife.com:80 "GET /seeyon/fileDownload.do?method=download&fileId=-2308940723241335152&v=eb16824cf3f6a8d5c6cda796c74282cc&createDate=2019-09-19&filename=%E9%99%84%E4%BB%B6%EF%BC%9A%E5%90%9B%E5%BA%B7%E4%BA%BA%E5%AF%BF%E4%BF%9D%E9%99%A9%E8%82%A1%E4%BB%BD%E6%9C%89%E9%99%90%E5%85%AC%E5%8F%B8%E4%B8%AD%E4%BB%8B%E7%BB%AD%E6%9C%9F%E4%B8%9A%E5%8A%A1%E7%AE%A1%E7%90%86%E5%8A%9E%E6%B3%95%EF%BC%882019%E7%89%88%EF%BC%89.pdf HTTP/1.1" 302 0]
[2020-02-04 16:36:10,182][ThreadPoolExecutor-0_2:32312][task_id:xjLib.log][log.py-><listcomp>:128][DEBUG][/seeyon/fileDownload.do?method=doDownload&filename=%E9%99%84%E4%BB%B6%EF%BC%9A%E5%90%9B%E5%BA%B7%E4%BA%BA%E5%AF%BF%E4%BF%9D%E9%99%A9%E8%82%A1%E4%BB%BD%E6%9C%89%E9%99%90%E5%85%AC%E5%8F%B8%E4%B8%AD%E4%BB%8B%E7%BB%AD%E6%9C%9F%E4%B8%9A%E5%8A%A1%E7%AE%A1%E7%90%86%E5%8A%9E%E6%B3%95%EF%BC%882019%E7%89%88%EF%BC%89.pdf&v=eb16824cf3f6a8d5c6cda796c74282cc&fileId=-2308940723241335152&createDate=2019-09-19&]
[2020-02-04 16:36:10,187][ThreadPoolExecutor-0_24:38808][task_id:urllib3.connectionpool][connectionpool.py->_make_request:393][DEBUG][http://oa.jklife.com:80 "GET /seeyon/fileDownload.do?method=doDownload&filename=%E9%99%84%E4%BB%B61-9.rar&v=8fb7b55c58a73b725828a0b05a27cc32&fileId=8354129524466139265&createDate=2019-11-01& HTTP/1.1" 200 None]
[2020-02-04 16:36:10,230][ThreadPoolExecutor-0_22:34792][task_id:urllib3.connectionpool][connectionpool.py->_make_request:393][DEBUG][http://oa.jklife.com:80 "GET /seeyon/fileDownload.do?method=doDownload&filename=%E9%99%84%E4%BB%B63%EF%BC%9A%E5%90%9B%E5%BA%B7%E5%90%9B%E8%80%80%E6%9C%AA%E6%9D%A5%E7%BB%88%E8%BA%AB%E5%AF%BF%E9%99%A9%E4%B8%8A%E5%B8%82%E5%8F%91%E6%96%87%E7%9B%B8%E5%85%B3%E6%9D%90%E6%96%99.zip&v=3f1559d3396cc1aa7a8e07aa7f85e7b1&fileId=-205654041200344056&createDate=2019-12-16& HTTP/1.1" 200 None]
[2020-02-04 16:36:10,244][ThreadPoolExecutor-0_20:41264][task_id:urllib3.connectionpool][connectionpool.py->_make_request:393][DEBUG][http://oa.jklife.com:80 "GET /seeyon/fileDownload.do?method=doDownload&filename=%E9%99%84%E4%BB%B6%EF%BC%9A%E7%BD%91%E7%BB%9C%E5%AE%89%E5%85%A8%E5%80%BC%E7%8F%AD%E5%B0%8F%E7%BB%84%E6%88%90%E5%91%98%E5%8F%8A%E8%81%94%E7%B3%BB%E6%96%B9%E5%BC%8F.pdf&v=dc61f81f56fc732a8f4ed7a03eba42a1&fileId=5073762134349204635&createDate=2019-09-26& HTTP/1.1" 200 None]
[2020-02-04 16:36:10,266][ThreadPoolExecutor-0_2:32312][task_id:urllib3.connectionpool][connectionpool.py->_make_request:393][DEBUG][http://oa.jklife.com:80 "GET /seeyon/fileDownload.do?method=doDownload&filename=%E9%99%84%E4%BB%B6%EF%BC%9A%E5%90%9B%E5%BA%B7%E4%BA%BA%E5%AF%BF%E4%BF%9D%E9%99%A9%E8%82%A1%E4%BB%BD%E6%9C%89%E9%99%90%E5%85%AC%E5%8F%B8%E4%B8%AD%E4%BB%8B%E7%BB%AD%E6%9C%9F%E4%B8%9A%E5%8A%A1%E7%AE%A1%E7%90%86%E5%8A%9E%E6%B3%95%EF%BC%882019%E7%89%88%EF%BC%89.pdf&v=eb16824cf3f6a8d5c6cda796c74282cc&fileId=-2308940723241335152&createDate=2019-09-19& HTTP/1.1" 200 None]
[2020-02-04 16:36:10,513][ThreadPoolExecutor-0_22:34792][task_id:urllib3.connectionpool][connectionpool.py->_make_request:393][DEBUG][http://oa.jklife.com:80 "GET /seeyon/fileDownload.do?method=doDownload&filename=%E9%99%84%E4%BB%B64%EF%BC%9A%E5%90%9B%E5%BA%B7%E5%90%9B%E6%82%A61%E5%8F%B7%E5%B9%B4%E9%87%91%E4%BF%9D%E9%99%A9%EF%BC%88%E5%88%86%E7%BA%A2%E5%9E%8B%EF%BC%89%E4%B8%8A%E5%B8%82%E5%8F%91%E6%96%87%E7%9B%B8%E5%85%B3%E6%9D%90%E6%96%99.zip&v=da5191ca70b3ca3a1daf15e2f5bd04f4&fileId=-3463206537480158782&createDate=2019-12-16& HTTP/1.1" 200 None]
[2020-02-04 16:36:10,736][ThreadPoolExecutor-0_3:34624][task_id:urllib3.connectionpool][connectionpool.py->_put_conn:274][WARNING][Connection pool is full, discarding connection: oa.jklife.com]
[2020-02-04 16:36:10,751][ThreadPoolExecutor-0_2:32312][task_id:urllib3.connectionpool][connectionpool.py->_put_conn:274][WARNING][Connection pool is full, discarding connection: oa.jklife.com]
[2020-02-04 16:36:10,832][ThreadPoolExecutor-0_12:37484][task_id:urllib3.connectionpool][connectionpool.py->_put_conn:274][WARNING][Connection pool is full, discarding connection: oa.jklife.com]
[2020-02-04 16:36:10,856][ThreadPoolExecutor-0_22:34792][task_id:urllib3.connectionpool][connectionpool.py->_put_conn:274][WARNING][Connection pool is full, discarding connection: oa.jklife.com]
[2020-02-04 16:36:10,865][MainThread:24108][task_id:xjLib.log][log.py-><listcomp>:128][DEBUG][公告正文及附件下载完成，请检查。]
