[2021-10-21 11:42:24,014][MainThread:3164][urllib3.connectionpool][connectionpool.py->_new_conn:226]	[DEBUG]	[Starting new HTTP connection (1): oa.jklife.com:80]
[2021-10-21 11:42:24,037][MainThread:3164][urllib3.connectionpool][connectionpool.py->_make_request:433]	[DEBUG]	[http://oa.jklife.com:80 "POST /seeyon/main.do?method=login HTTP/1.1" 307 0]
[2021-10-21 11:42:24,043][MainThread:3164][urllib3.connectionpool][connectionpool.py->_new_conn:937]	[DEBUG]	[Starting new HTTPS connection (1): oa.jklife.com:443]
[2021-10-21 11:42:24,148][MainThread:3164][urllib3.connectionpool][connectionpool.py->_make_request:433]	[DEBUG]	[https://oa.jklife.com:443 "POST /seeyon/main.do?method=login HTTP/1.1" 302 0]
[2021-10-21 11:42:24,172][MainThread:3164][urllib3.connectionpool][connectionpool.py->_make_request:433]	[DEBUG]	[https://oa.jklife.com:443 "GET /seeyon/main.do;jsessionid=15CCD706D44137C2A9AAB6A990315C08 HTTP/1.1" 200 None]
[2021-10-21 11:42:44,496][MainThread:5228][urllib3.connectionpool][connectionpool.py->_new_conn:226]	[DEBUG]	[Starting new HTTP connection (1): oa.jklife.com:80]
[2021-10-21 11:42:44,550][MainThread:5228][urllib3.connectionpool][connectionpool.py->_make_request:433]	[DEBUG]	[http://oa.jklife.com:80 "POST /seeyon/main.do?method=login HTTP/1.1" 307 0]
[2021-10-21 11:42:44,553][MainThread:5228][urllib3.connectionpool][connectionpool.py->_new_conn:937]	[DEBUG]	[Starting new HTTPS connection (1): oa.jklife.com:443]
[2021-10-21 11:42:44,621][MainThread:5228][urllib3.connectionpool][connectionpool.py->_make_request:433]	[DEBUG]	[https://oa.jklife.com:443 "POST /seeyon/main.do?method=login HTTP/1.1" 302 0]
[2021-10-21 11:42:44,635][MainThread:5228][urllib3.connectionpool][connectionpool.py->_make_request:433]	[DEBUG]	[https://oa.jklife.com:443 "GET /seeyon/indexOpenWindow.jsp HTTP/1.1" 200 None]
[2021-10-21 11:42:44,640][MainThread:5228][urllib3.connectionpool][connectionpool.py->_get_conn:271]	[DEBUG]	[Resetting dropped connection: oa.jklife.com]
[2021-10-21 11:42:44,659][MainThread:5228][urllib3.connectionpool][connectionpool.py->_make_request:433]	[DEBUG]	[http://oa.jklife.com:80 "POST /seeyon/ajax.do HTTP/1.1" 307 0]
[2021-10-21 11:42:45,122][MainThread:5228][urllib3.connectionpool][connectionpool.py->_make_request:433]	[DEBUG]	[https://oa.jklife.com:443 "POST /seeyon/ajax.do HTTP/1.1" 200 None]
[2021-10-21 11:42:46,180][Thread-30:20524][urllib3.connectionpool][connectionpool.py->_get_conn:271]	[DEBUG]	[Resetting dropped connection: oa.jklife.com]
[2021-10-21 11:42:46,185][Thread-13:21080][urllib3.connectionpool][connectionpool.py->_new_conn:226]	[DEBUG]	[Starting new HTTP connection (2): oa.jklife.com:80]
[2021-10-21 11:42:46,191][Thread-38:30200][urllib3.connectionpool][connectionpool.py->_new_conn:226]	[DEBUG]	[Starting new HTTP connection (3): oa.jklife.com:80]
[2021-10-21 11:42:46,192][Thread-26:11728][urllib3.connectionpool][connectionpool.py->_new_conn:226]	[DEBUG]	[Starting new HTTP connection (4): oa.jklife.com:80]
[2021-10-21 11:42:46,193][Thread-22:33008][urllib3.connectionpool][connectionpool.py->_new_conn:226]	[DEBUG]	[Starting new HTTP connection (5): oa.jklife.com:80]
[2021-10-21 11:42:46,193][Thread-24:38372][urllib3.connectionpool][connectionpool.py->_new_conn:226]	[DEBUG]	[Starting new HTTP connection (6): oa.jklife.com:80]
[2021-10-21 11:42:46,194][Thread-40:3340][urllib3.connectionpool][connectionpool.py->_new_conn:226]	[DEBUG]	[Starting new HTTP connection (7): oa.jklife.com:80]
[2021-10-21 11:42:46,196][Thread-23:38480][urllib3.connectionpool][connectionpool.py->_new_conn:226]	[DEBUG]	[Starting new HTTP connection (8): oa.jklife.com:80]
[2021-10-21 11:42:46,196][Thread-44:36104][urllib3.connectionpool][connectionpool.py->_new_conn:226]	[DEBUG]	[Starting new HTTP connection (9): oa.jklife.com:80]
[2021-10-21 11:42:46,198][Thread-32:24548][urllib3.connectionpool][connectionpool.py->_new_conn:226]	[DEBUG]	[Starting new HTTP connection (10): oa.jklife.com:80]
[2021-10-21 11:42:46,199][Thread-2:8116][urllib3.connectionpool][connectionpool.py->_new_conn:226]	[DEBUG]	[Starting new HTTP connection (11): oa.jklife.com:80]
[2021-10-21 11:42:46,200][Thread-3:12816][urllib3.connectionpool][connectionpool.py->_new_conn:226]	[DEBUG]	[Starting new HTTP connection (12): oa.jklife.com:80]
[2021-10-21 11:42:46,233][Thread-30:20524][urllib3.connectionpool][connectionpool.py->_make_request:433]	[DEBUG]	[http://oa.jklife.com:80 "GET /seeyon/bulData.do?method=bulView&bulId=-703850293802810223 HTTP/1.1" 307 0]
[2021-10-21 11:42:46,234][Thread-44:36104][urllib3.connectionpool][connectionpool.py->_make_request:433]	[DEBUG]	[http://oa.jklife.com:80 "GET /seeyon/bulData.do?method=bulView&bulId=-8329342667770609180 HTTP/1.1" 307 0]
[2021-10-21 11:42:46,234][Thread-38:30200][urllib3.connectionpool][connectionpool.py->_make_request:433]	[DEBUG]	[http://oa.jklife.com:80 "GET /seeyon/bulData.do?method=bulView&bulId=-6856788068417125170 HTTP/1.1" 307 0]
[2021-10-21 11:42:46,235][Thread-13:21080][urllib3.connectionpool][connectionpool.py->_make_request:433]	[DEBUG]	[http://oa.jklife.com:80 "GET /seeyon/bulData.do?method=bulView&bulId=-7821170655879738627 HTTP/1.1" 307 0]
[2021-10-21 11:42:46,238][Thread-26:11728][urllib3.connectionpool][connectionpool.py->_make_request:433]	[DEBUG]	[http://oa.jklife.com:80 "GET /seeyon/bulData.do?method=bulView&bulId=-2609902612917039151 HTTP/1.1" 307 0]
[2021-10-21 11:42:46,239][Thread-2:8116][urllib3.connectionpool][connectionpool.py->_make_request:433]	[DEBUG]	[http://oa.jklife.com:80 "GET /seeyon/bulData.do?method=bulView&bulId=3138918240621773034 HTTP/1.1" 307 0]
[2021-10-21 11:42:46,240][Thread-32:24548][urllib3.connectionpool][connectionpool.py->_make_request:433]	[DEBUG]	[http://oa.jklife.com:80 "GET /seeyon/bulData.do?method=bulView&bulId=2850632505616780246 HTTP/1.1" 307 0]
[2021-10-21 11:42:46,240][Thread-3:12816][urllib3.connectionpool][connectionpool.py->_make_request:433]	[DEBUG]	[http://oa.jklife.com:80 "GET /seeyon/bulData.do?method=bulView&bulId=-1812666969894859210 HTTP/1.1" 307 0]
[2021-10-21 11:42:46,241][Thread-40:3340][urllib3.connectionpool][connectionpool.py->_make_request:433]	[DEBUG]	[http://oa.jklife.com:80 "GET /seeyon/bulData.do?method=bulView&bulId=1060296763617722805 HTTP/1.1" 307 0]
[2021-10-21 11:42:46,242][Thread-24:38372][urllib3.connectionpool][connectionpool.py->_make_request:433]	[DEBUG]	[http://oa.jklife.com:80 "GET /seeyon/bulData.do?method=bulView&bulId=4829040084933954990 HTTP/1.1" 307 0]
[2021-10-21 11:42:46,242][Thread-23:38480][urllib3.connectionpool][connectionpool.py->_make_request:433]	[DEBUG]	[http://oa.jklife.com:80 "GET /seeyon/bulData.do?method=bulView&bulId=7988067678381165173 HTTP/1.1" 307 0]
[2021-10-21 11:42:46,255][Thread-22:33008][urllib3.connectionpool][connectionpool.py->_make_request:433]	[DEBUG]	[http://oa.jklife.com:80 "GET /seeyon/bulData.do?method=bulView&bulId=8437574321966892771 HTTP/1.1" 307 0]
[2021-10-21 11:42:46,263][Thread-44:36104][urllib3.connectionpool][connectionpool.py->_new_conn:937]	[DEBUG]	[Starting new HTTPS connection (2): oa.jklife.com:443]
[2021-10-21 11:42:46,269][Thread-38:30200][urllib3.connectionpool][connectionpool.py->_new_conn:937]	[DEBUG]	[Starting new HTTPS connection (3): oa.jklife.com:443]
[2021-10-21 11:42:46,271][Thread-13:21080][urllib3.connectionpool][connectionpool.py->_new_conn:937]	[DEBUG]	[Starting new HTTPS connection (4): oa.jklife.com:443]
[2021-10-21 11:42:46,278][Thread-26:11728][urllib3.connectionpool][connectionpool.py->_new_conn:937]	[DEBUG]	[Starting new HTTPS connection (5): oa.jklife.com:443]
[2021-10-21 11:42:46,280][Thread-2:8116][urllib3.connectionpool][connectionpool.py->_new_conn:937]	[DEBUG]	[Starting new HTTPS connection (6): oa.jklife.com:443]
[2021-10-21 11:42:46,284][Thread-30:20524][urllib3.connectionpool][connectionpool.py->_make_request:433]	[DEBUG]	[https://oa.jklife.com:443 "GET /seeyon/bulData.do?method=bulView&bulId=-703850293802810223 HTTP/1.1" 200 None]
[2021-10-21 11:42:46,290][Thread-23:38480][urllib3.connectionpool][connectionpool.py->_put_conn:303]	[WARNING]	[Connection pool is full, discarding connection: oa.jklife.com]
[2021-10-21 11:42:46,290][Thread-32:24548][urllib3.connectionpool][connectionpool.py->_new_conn:937]	[DEBUG]	[Starting new HTTPS connection (7): oa.jklife.com:443]
[2021-10-21 11:42:46,291][Thread-3:12816][urllib3.connectionpool][connectionpool.py->_new_conn:937]	[DEBUG]	[Starting new HTTPS connection (8): oa.jklife.com:443]
[2021-10-21 11:42:46,293][Thread-22:33008][urllib3.connectionpool][connectionpool.py->_put_conn:303]	[WARNING]	[Connection pool is full, discarding connection: oa.jklife.com]
[2021-10-21 11:42:46,295][Thread-40:3340][urllib3.connectionpool][connectionpool.py->_new_conn:937]	[DEBUG]	[Starting new HTTPS connection (9): oa.jklife.com:443]
[2021-10-21 11:42:46,296][Thread-24:38372][urllib3.connectionpool][connectionpool.py->_new_conn:937]	[DEBUG]	[Starting new HTTPS connection (10): oa.jklife.com:443]
[2021-10-21 11:42:46,331][Thread-22:33008][urllib3.connectionpool][connectionpool.py->_new_conn:937]	[DEBUG]	[Starting new HTTPS connection (11): oa.jklife.com:443]
[2021-10-21 11:42:46,342][Thread-23:38480][urllib3.connectionpool][connectionpool.py->_make_request:433]	[DEBUG]	[https://oa.jklife.com:443 "GET /seeyon/bulData.do?method=bulView&bulId=7988067678381165173 HTTP/1.1" 200 None]
[2021-10-21 11:42:46,397][Thread-44:36104][urllib3.connectionpool][connectionpool.py->_make_request:433]	[DEBUG]	[https://oa.jklife.com:443 "GET /seeyon/bulData.do?method=bulView&bulId=-8329342667770609180 HTTP/1.1" 200 None]
[2021-10-21 11:42:46,417][Thread-26:11728][urllib3.connectionpool][connectionpool.py->_make_request:433]	[DEBUG]	[https://oa.jklife.com:443 "GET /seeyon/bulData.do?method=bulView&bulId=-2609902612917039151 HTTP/1.1" 200 None]
[2021-10-21 11:42:46,429][Thread-38:30200][urllib3.connectionpool][connectionpool.py->_make_request:433]	[DEBUG]	[https://oa.jklife.com:443 "GET /seeyon/bulData.do?method=bulView&bulId=-6856788068417125170 HTTP/1.1" 200 None]
[2021-10-21 11:42:46,436][Thread-32:24548][urllib3.connectionpool][connectionpool.py->_make_request:433]	[DEBUG]	[https://oa.jklife.com:443 "GET /seeyon/bulData.do?method=bulView&bulId=2850632505616780246 HTTP/1.1" 200 None]
[2021-10-21 11:42:46,439][Thread-24:38372][urllib3.connectionpool][connectionpool.py->_make_request:433]	[DEBUG]	[https://oa.jklife.com:443 "GET /seeyon/bulData.do?method=bulView&bulId=4829040084933954990 HTTP/1.1" 200 None]
[2021-10-21 11:42:46,441][Thread-3:12816][urllib3.connectionpool][connectionpool.py->_make_request:433]	[DEBUG]	[https://oa.jklife.com:443 "GET /seeyon/bulData.do?method=bulView&bulId=-1812666969894859210 HTTP/1.1" 200 None]
[2021-10-21 11:42:46,444][Thread-2:8116][urllib3.connectionpool][connectionpool.py->_make_request:433]	[DEBUG]	[https://oa.jklife.com:443 "GET /seeyon/bulData.do?method=bulView&bulId=3138918240621773034 HTTP/1.1" 200 None]
[2021-10-21 11:42:46,448][Thread-40:3340][urllib3.connectionpool][connectionpool.py->_make_request:433]	[DEBUG]	[https://oa.jklife.com:443 "GET /seeyon/bulData.do?method=bulView&bulId=1060296763617722805 HTTP/1.1" 200 None]
[2021-10-21 11:42:46,459][Thread-13:21080][urllib3.connectionpool][connectionpool.py->_make_request:433]	[DEBUG]	[https://oa.jklife.com:443 "GET /seeyon/bulData.do?method=bulView&bulId=-7821170655879738627 HTTP/1.1" 200 None]
[2021-10-21 11:42:46,475][Thread-22:33008][urllib3.connectionpool][connectionpool.py->_make_request:433]	[DEBUG]	[https://oa.jklife.com:443 "GET /seeyon/bulData.do?method=bulView&bulId=8437574321966892771 HTTP/1.1" 200 None]
[2021-10-21 11:42:46,479][Thread-22:33008][urllib3.connectionpool][connectionpool.py->_put_conn:303]	[WARNING]	[Connection pool is full, discarding connection: oa.jklife.com]
[2021-10-21 11:42:46,955][Thread-38:30200][urllib3.connectionpool][connectionpool.py->_get_conn:271]	[DEBUG]	[Resetting dropped connection: oa.jklife.com]
[2021-10-21 11:42:47,000][Thread-38:30200][urllib3.connectionpool][connectionpool.py->_make_request:433]	[DEBUG]	[http://oa.jklife.com:80 "GET /seeyon/fileDownload.do?method=download&fileId=-3001164278614308971&v=39b00bc0c9e55b171b5d78ed86f86331&createDate=2021-08-19&filename=%E9%99%84%E4%BB%B61%EF%BC%9A%E5%90%9B%E5%BA%B7%E5%B2%81%E5%B2%81%E4%BD%B3%E5%85%BB%E8%80%81%E5%B9%B4%E9%87%91%E4%BF%9D%E9%99%A9%E6%9D%A1%E6%AC%BE.pdf HTTP/1.1" 307 0]
[2021-10-21 11:42:47,016][Thread-38:30200][urllib3.connectionpool][connectionpool.py->_make_request:433]	[DEBUG]	[https://oa.jklife.com:443 "GET /seeyon/fileDownload.do?method=download&fileId=-3001164278614308971&v=39b00bc0c9e55b171b5d78ed86f86331&createDate=2021-08-19&filename=%E9%99%84%E4%BB%B61%EF%BC%9A%E5%90%9B%E5%BA%B7%E5%B2%81%E5%B2%81%E4%BD%B3%E5%85%BB%E8%80%81%E5%B9%B4%E9%87%91%E4%BF%9D%E9%99%A9%E6%9D%A1%E6%AC%BE.pdf HTTP/1.1" 302 0]
[2021-10-21 11:42:47,034][Thread-38:30200][urllib3.connectionpool][connectionpool.py->_make_request:433]	[DEBUG]	[https://oa.jklife.com:443 "GET /seeyon/fileDownload.do?method=doDownload&filename=%E9%99%84%E4%BB%B61%EF%BC%9A%E5%90%9B%E5%BA%B7%E5%B2%81%E5%B2%81%E4%BD%B3%E5%85%BB%E8%80%81%E5%B9%B4%E9%87%91%E4%BF%9D%E9%99%A9%E6%9D%A1%E6%AC%BE.pdf&v=39b00bc0c9e55b171b5d78ed86f86331&fileId=-3001164278614308971&createDate=2021-08-19& HTTP/1.1" 200 None]
[2021-10-21 11:42:47,045][Thread-24:38372][urllib3.connectionpool][connectionpool.py->_get_conn:271]	[DEBUG]	[Resetting dropped connection: oa.jklife.com]
[2021-10-21 11:42:47,057][Thread-2:8116][urllib3.connectionpool][connectionpool.py->_get_conn:271]	[DEBUG]	[Resetting dropped connection: oa.jklife.com]
[2021-10-21 11:42:47,075][Thread-24:38372][urllib3.connectionpool][connectionpool.py->_make_request:433]	[DEBUG]	[http://oa.jklife.com:80 "GET /seeyon/fileDownload.do?method=download&fileId=2241169823850513371&v=22dbdb6de040c0b94fd33aa5f400f7a3&createDate=2021-09-27&filename=%E9%99%84%E4%BB%B6%EF%BC%9A%E5%90%9B%E5%BA%B7%E4%BA%BA%E5%AF%BF%E4%BF%9D%E9%99%A9%E8%82%A1%E4%BB%BD%E6%9C%89%E9%99%90%E5%85%AC%E5%8F%B8%E4%BF%A1%E6%81%AF%E7%B3%BB%E7%BB%9F%E6%97%A5%E5%BF%97%E7%AE%A1%E7%90%86%E8%A7%84%E8%8C%83.pdf HTTP/1.1" 307 0]
[2021-10-21 11:42:47,087][Thread-3:12816][urllib3.connectionpool][connectionpool.py->_get_conn:271]	[DEBUG]	[Resetting dropped connection: oa.jklife.com]
[2021-10-21 11:42:47,094][Thread-13:21080][urllib3.connectionpool][connectionpool.py->_get_conn:271]	[DEBUG]	[Resetting dropped connection: oa.jklife.com]
[2021-10-21 11:42:47,096][Thread-2:8116][urllib3.connectionpool][connectionpool.py->_make_request:433]	[DEBUG]	[http://oa.jklife.com:80 "GET /seeyon/fileDownload.do?method=download&fileId=5976476098973222430&v=98bcc30a04b1b47930c5c16038e2019a&createDate=2021-08-25&filename=%E9%99%84%E4%BB%B6%EF%BC%9A%E5%90%9B%E5%BA%B7%E4%BA%BA%E5%AF%BF%E4%BF%9D%E9%99%A9%E8%82%A1%E4%BB%BD%E6%9C%89%E9%99%90%E5%85%AC%E5%8F%B8%E6%95%B0%E5%AD%97%E4%BA%BA%E6%B0%91%E5%B8%81%E8%B4%A6%E6%88%B7%E7%AE%A1%E7%90%86%E5%8A%9E%E6%B3%95%EF%BC%88%E8%AF%95%E8%A1%8C%EF%BC%89.pdf HTTP/1.1" 307 0]
[2021-10-21 11:42:47,097][Thread-24:38372][urllib3.connectionpool][connectionpool.py->_make_request:433]	[DEBUG]	[https://oa.jklife.com:443 "GET /seeyon/fileDownload.do?method=download&fileId=2241169823850513371&v=22dbdb6de040c0b94fd33aa5f400f7a3&createDate=2021-09-27&filename=%E9%99%84%E4%BB%B6%EF%BC%9A%E5%90%9B%E5%BA%B7%E4%BA%BA%E5%AF%BF%E4%BF%9D%E9%99%A9%E8%82%A1%E4%BB%BD%E6%9C%89%E9%99%90%E5%85%AC%E5%8F%B8%E4%BF%A1%E6%81%AF%E7%B3%BB%E7%BB%9F%E6%97%A5%E5%BF%97%E7%AE%A1%E7%90%86%E8%A7%84%E8%8C%83.pdf HTTP/1.1" 302 0]
[2021-10-21 11:42:47,116][Thread-3:12816][urllib3.connectionpool][connectionpool.py->_make_request:433]	[DEBUG]	[http://oa.jklife.com:80 "GET /seeyon/fileDownload.do?method=download&fileId=829250442205939996&v=0b773f32de0a0a818e9b944c9efd708c&createDate=2021-08-17&filename=%E9%99%84%E4%BB%B6%EF%BC%9A%E5%8F%8D%E6%B4%97%E9%92%B1%E5%AE%A3%E4%BC%A0%E6%B4%BB%E5%8A%A8%E6%95%B0%E6%8D%AE%E7%BB%9F%E8%AE%A1%E8%A1%A8.xlsx HTTP/1.1" 307 0]
[2021-10-21 11:42:47,120][Thread-2:8116][urllib3.connectionpool][connectionpool.py->_make_request:433]	[DEBUG]	[https://oa.jklife.com:443 "GET /seeyon/fileDownload.do?method=download&fileId=5976476098973222430&v=98bcc30a04b1b47930c5c16038e2019a&createDate=2021-08-25&filename=%E9%99%84%E4%BB%B6%EF%BC%9A%E5%90%9B%E5%BA%B7%E4%BA%BA%E5%AF%BF%E4%BF%9D%E9%99%A9%E8%82%A1%E4%BB%BD%E6%9C%89%E9%99%90%E5%85%AC%E5%8F%B8%E6%95%B0%E5%AD%97%E4%BA%BA%E6%B0%91%E5%B8%81%E8%B4%A6%E6%88%B7%E7%AE%A1%E7%90%86%E5%8A%9E%E6%B3%95%EF%BC%88%E8%AF%95%E8%A1%8C%EF%BC%89.pdf HTTP/1.1" 302 0]
[2021-10-21 11:42:47,121][Thread-13:21080][urllib3.connectionpool][connectionpool.py->_make_request:433]	[DEBUG]	[http://oa.jklife.com:80 "GET /seeyon/fileDownload.do?method=download&fileId=-6820865373576740104&v=3b8a18475fa724715539da110c34659e&createDate=2021-09-03&filename=%E9%99%84%E4%BB%B6%EF%BC%9A2021%E5%B9%B4%E9%87%91%E8%9E%8D%E8%81%94%E5%90%88%E5%AE%A3%E6%95%99%E6%B4%BB%E5%8A%A8%E6%95%B0%E6%8D%AE%E7%BB%9F%E8%AE%A1%E8%A1%A8.xls HTTP/1.1" 307 0]
[2021-10-21 11:42:47,128][Thread-24:38372][urllib3.connectionpool][connectionpool.py->_make_request:433]	[DEBUG]	[https://oa.jklife.com:443 "GET /seeyon/fileDownload.do?method=doDownload&filename=%E9%99%84%E4%BB%B6%EF%BC%9A%E5%90%9B%E5%BA%B7%E4%BA%BA%E5%AF%BF%E4%BF%9D%E9%99%A9%E8%82%A1%E4%BB%BD%E6%9C%89%E9%99%90%E5%85%AC%E5%8F%B8%E4%BF%A1%E6%81%AF%E7%B3%BB%E7%BB%9F%E6%97%A5%E5%BF%97%E7%AE%A1%E7%90%86%E8%A7%84%E8%8C%83.pdf&v=22dbdb6de040c0b94fd33aa5f400f7a3&fileId=2241169823850513371&createDate=2021-09-27& HTTP/1.1" 200 None]
[2021-10-21 11:42:47,133][Thread-3:12816][urllib3.connectionpool][connectionpool.py->_make_request:433]	[DEBUG]	[https://oa.jklife.com:443 "GET /seeyon/fileDownload.do?method=download&fileId=829250442205939996&v=0b773f32de0a0a818e9b944c9efd708c&createDate=2021-08-17&filename=%E9%99%84%E4%BB%B6%EF%BC%9A%E5%8F%8D%E6%B4%97%E9%92%B1%E5%AE%A3%E4%BC%A0%E6%B4%BB%E5%8A%A8%E6%95%B0%E6%8D%AE%E7%BB%9F%E8%AE%A1%E8%A1%A8.xlsx HTTP/1.1" 302 0]
[2021-10-21 11:42:47,149][Thread-13:21080][urllib3.connectionpool][connectionpool.py->_make_request:433]	[DEBUG]	[https://oa.jklife.com:443 "GET /seeyon/fileDownload.do?method=download&fileId=-6820865373576740104&v=3b8a18475fa724715539da110c34659e&createDate=2021-09-03&filename=%E9%99%84%E4%BB%B6%EF%BC%9A2021%E5%B9%B4%E9%87%91%E8%9E%8D%E8%81%94%E5%90%88%E5%AE%A3%E6%95%99%E6%B4%BB%E5%8A%A8%E6%95%B0%E6%8D%AE%E7%BB%9F%E8%AE%A1%E8%A1%A8.xls HTTP/1.1" 302 0]
[2021-10-21 11:42:47,157][Thread-38:30200][urllib3.connectionpool][connectionpool.py->_get_conn:271]	[DEBUG]	[Resetting dropped connection: oa.jklife.com]
[2021-10-21 11:42:47,159][Thread-2:8116][urllib3.connectionpool][connectionpool.py->_make_request:433]	[DEBUG]	[https://oa.jklife.com:443 "GET /seeyon/fileDownload.do?method=doDownload&filename=%E9%99%84%E4%BB%B6%EF%BC%9A%E5%90%9B%E5%BA%B7%E4%BA%BA%E5%AF%BF%E4%BF%9D%E9%99%A9%E8%82%A1%E4%BB%BD%E6%9C%89%E9%99%90%E5%85%AC%E5%8F%B8%E6%95%B0%E5%AD%97%E4%BA%BA%E6%B0%91%E5%B8%81%E8%B4%A6%E6%88%B7%E7%AE%A1%E7%90%86%E5%8A%9E%E6%B3%95%EF%BC%88%E8%AF%95%E8%A1%8C%EF%BC%89.pdf&v=98bcc30a04b1b47930c5c16038e2019a&fileId=5976476098973222430&createDate=2021-08-25& HTTP/1.1" 200 None]
[2021-10-21 11:42:47,179][Thread-3:12816][urllib3.connectionpool][connectionpool.py->_make_request:433]	[DEBUG]	[https://oa.jklife.com:443 "GET /seeyon/fileDownload.do?method=doDownload&filename=%E9%99%84%E4%BB%B6%EF%BC%9A%E5%8F%8D%E6%B4%97%E9%92%B1%E5%AE%A3%E4%BC%A0%E6%B4%BB%E5%8A%A8%E6%95%B0%E6%8D%AE%E7%BB%9F%E8%AE%A1%E8%A1%A8.xlsx&v=0b773f32de0a0a818e9b944c9efd708c&fileId=829250442205939996&createDate=2021-08-17& HTTP/1.1" 200 None]
[2021-10-21 11:42:47,189][Thread-13:21080][urllib3.connectionpool][connectionpool.py->_make_request:433]	[DEBUG]	[https://oa.jklife.com:443 "GET /seeyon/fileDownload.do?method=doDownload&filename=%E9%99%84%E4%BB%B6%EF%BC%9A2021%E5%B9%B4%E9%87%91%E8%9E%8D%E8%81%94%E5%90%88%E5%AE%A3%E6%95%99%E6%B4%BB%E5%8A%A8%E6%95%B0%E6%8D%AE%E7%BB%9F%E8%AE%A1%E8%A1%A8.xls&v=3b8a18475fa724715539da110c34659e&fileId=-6820865373576740104&createDate=2021-09-03& HTTP/1.1" 200 None]
[2021-10-21 11:42:47,209][Thread-38:30200][urllib3.connectionpool][connectionpool.py->_make_request:433]	[DEBUG]	[http://oa.jklife.com:80 "GET /seeyon/fileDownload.do?method=download&fileId=1249539452398552204&v=2a780bfeb3e48b66ba4e621e350e6ef1&createDate=2021-08-19&filename=%E9%99%84%E4%BB%B62%EF%BC%9A%E5%90%9B%E5%BA%B7%E5%B2%81%E5%B2%81%E4%BD%B3%E5%85%BB%E8%80%81%E5%B9%B4%E9%87%91%E4%BF%9D%E9%99%A9%E5%9F%BA%E6%9C%AC%E4%BF%9D%E9%99%A9%E9%87%91%E9%A2%9D%E8%A1%A8.pdf HTTP/1.1" 307 0]
[2021-10-21 11:42:47,238][Thread-38:30200][urllib3.connectionpool][connectionpool.py->_make_request:433]	[DEBUG]	[https://oa.jklife.com:443 "GET /seeyon/fileDownload.do?method=download&fileId=1249539452398552204&v=2a780bfeb3e48b66ba4e621e350e6ef1&createDate=2021-08-19&filename=%E9%99%84%E4%BB%B62%EF%BC%9A%E5%90%9B%E5%BA%B7%E5%B2%81%E5%B2%81%E4%BD%B3%E5%85%BB%E8%80%81%E5%B9%B4%E9%87%91%E4%BF%9D%E9%99%A9%E5%9F%BA%E6%9C%AC%E4%BF%9D%E9%99%A9%E9%87%91%E9%A2%9D%E8%A1%A8.pdf HTTP/1.1" 302 0]
[2021-10-21 11:42:47,281][Thread-38:30200][urllib3.connectionpool][connectionpool.py->_make_request:433]	[DEBUG]	[https://oa.jklife.com:443 "GET /seeyon/fileDownload.do?method=doDownload&filename=%E9%99%84%E4%BB%B62%EF%BC%9A%E5%90%9B%E5%BA%B7%E5%B2%81%E5%B2%81%E4%BD%B3%E5%85%BB%E8%80%81%E5%B9%B4%E9%87%91%E4%BF%9D%E9%99%A9%E5%9F%BA%E6%9C%AC%E4%BF%9D%E9%99%A9%E9%87%91%E9%A2%9D%E8%A1%A8.pdf&v=2a780bfeb3e48b66ba4e621e350e6ef1&fileId=1249539452398552204&createDate=2021-08-19& HTTP/1.1" 200 None]
[2021-10-21 11:42:47,318][Thread-38:30200][urllib3.connectionpool][connectionpool.py->_get_conn:271]	[DEBUG]	[Resetting dropped connection: oa.jklife.com]
[2021-10-21 11:42:47,358][Thread-38:30200][urllib3.connectionpool][connectionpool.py->_make_request:433]	[DEBUG]	[http://oa.jklife.com:80 "GET /seeyon/fileDownload.do?method=download&fileId=1785464190925557000&v=e52d0875e1b47fcb4ebd2b78e7300cdc&createDate=2021-08-19&filename=%E9%99%84%E4%BB%B63%EF%BC%9A%E5%90%9B%E5%BA%B7%E5%B2%81%E5%B2%81%E4%BD%B3%E5%85%BB%E8%80%81%E5%B9%B4%E9%87%91%E4%BF%9D%E9%99%A9%E6%8A%95%E6%A0%B8%E4%BF%9D%E8%A7%84%E5%88%99.pdf HTTP/1.1" 307 0]
[2021-10-21 11:42:47,370][Thread-38:30200][urllib3.connectionpool][connectionpool.py->_make_request:433]	[DEBUG]	[https://oa.jklife.com:443 "GET /seeyon/fileDownload.do?method=download&fileId=1785464190925557000&v=e52d0875e1b47fcb4ebd2b78e7300cdc&createDate=2021-08-19&filename=%E9%99%84%E4%BB%B63%EF%BC%9A%E5%90%9B%E5%BA%B7%E5%B2%81%E5%B2%81%E4%BD%B3%E5%85%BB%E8%80%81%E5%B9%B4%E9%87%91%E4%BF%9D%E9%99%A9%E6%8A%95%E6%A0%B8%E4%BF%9D%E8%A7%84%E5%88%99.pdf HTTP/1.1" 302 0]
[2021-10-21 11:42:47,392][Thread-38:30200][urllib3.connectionpool][connectionpool.py->_make_request:433]	[DEBUG]	[https://oa.jklife.com:443 "GET /seeyon/fileDownload.do?method=doDownload&filename=%E9%99%84%E4%BB%B63%EF%BC%9A%E5%90%9B%E5%BA%B7%E5%B2%81%E5%B2%81%E4%BD%B3%E5%85%BB%E8%80%81%E5%B9%B4%E9%87%91%E4%BF%9D%E9%99%A9%E6%8A%95%E6%A0%B8%E4%BF%9D%E8%A7%84%E5%88%99.pdf&v=e52d0875e1b47fcb4ebd2b78e7300cdc&fileId=1785464190925557000&createDate=2021-08-19& HTTP/1.1" 200 None]
[2021-10-21 11:42:47,459][Thread-38:30200][urllib3.connectionpool][connectionpool.py->_get_conn:271]	[DEBUG]	[Resetting dropped connection: oa.jklife.com]
[2021-10-21 11:42:47,483][Thread-38:30200][urllib3.connectionpool][connectionpool.py->_make_request:433]	[DEBUG]	[http://oa.jklife.com:80 "GET /seeyon/fileDownload.do?method=download&fileId=2141066356608618474&v=c8dc6f4676b09332e42c318096315330&createDate=2021-08-19&filename=%E9%99%84%E4%BB%B64%EF%BC%9A%E5%90%9B%E5%BA%B7%E5%B2%81%E5%B2%81%E4%BD%B3%E5%85%BB%E8%80%81%E5%B9%B4%E9%87%91%E4%BF%9D%E9%99%A9%E5%8F%8C%E5%BD%95%E8%AF%9D%E6%9C%AF.xlsx HTTP/1.1" 307 0]
[2021-10-21 11:42:47,498][Thread-38:30200][urllib3.connectionpool][connectionpool.py->_make_request:433]	[DEBUG]	[https://oa.jklife.com:443 "GET /seeyon/fileDownload.do?method=download&fileId=2141066356608618474&v=c8dc6f4676b09332e42c318096315330&createDate=2021-08-19&filename=%E9%99%84%E4%BB%B64%EF%BC%9A%E5%90%9B%E5%BA%B7%E5%B2%81%E5%B2%81%E4%BD%B3%E5%85%BB%E8%80%81%E5%B9%B4%E9%87%91%E4%BF%9D%E9%99%A9%E5%8F%8C%E5%BD%95%E8%AF%9D%E6%9C%AF.xlsx HTTP/1.1" 302 0]
[2021-10-21 11:42:47,516][Thread-38:30200][urllib3.connectionpool][connectionpool.py->_make_request:433]	[DEBUG]	[https://oa.jklife.com:443 "GET /seeyon/fileDownload.do?method=doDownload&filename=%E9%99%84%E4%BB%B64%EF%BC%9A%E5%90%9B%E5%BA%B7%E5%B2%81%E5%B2%81%E4%BD%B3%E5%85%BB%E8%80%81%E5%B9%B4%E9%87%91%E4%BF%9D%E9%99%A9%E5%8F%8C%E5%BD%95%E8%AF%9D%E6%9C%AF.xlsx&v=c8dc6f4676b09332e42c318096315330&fileId=2141066356608618474&createDate=2021-08-19& HTTP/1.1" 200 None]
