2022-04-13 16:07:23,040 alispeech-DEBUG  create_token:57 规范化的请求字符串: AccessKeyId=LTAI4G5TRjsGy8BNKPtctjXQ&Action=CreateToken&Format=JSON&RegionId=cn-shanghai&SignatureMethod=HMAC-SHA1&SignatureNonce=bf9730f0-bb00-11ec-936c-34cff6913155&SignatureVersion=1.0&Timestamp=2022-04-13T08%3A07%3A23Z&Version=2019-02-28
2022-04-13 16:07:23,041 alispeech-DEBUG  create_token:60 待签名的字符串: GET&%2F&AccessKeyId%3DLTAI4G5TRjsGy8BNKPtctjXQ%26Action%3DCreateToken%26Format%3DJSON%26RegionId%3Dcn-shanghai%26SignatureMethod%3DHMAC-SHA1%26SignatureNonce%3Dbf9730f0-bb00-11ec-936c-34cff6913155%26SignatureVersion%3D1.0%26Timestamp%3D2022-04-13T08%253A07%253A23Z%26Version%3D2019-02-28
2022-04-13 16:07:23,041 alispeech-DEBUG  create_token:66 签名: b'oeKIQBSRE7Z55DBoBADc+8Iqc8c='
2022-04-13 16:07:23,041 alispeech-DEBUG  create_token:69 URL编码后的签名: oeKIQBSRE7Z55DBoBADc%2B8Iqc8c%3D
2022-04-13 16:07:23,041 alispeech-DEBUG  create_token:72 url: http://nls-meta.cn-shanghai.aliyuncs.com/?Signature=oeKIQBSRE7Z55DBoBADc%2B8Iqc8c%3D&AccessKeyId=LTAI4G5TRjsGy8BNKPtctjXQ&Action=CreateToken&Format=JSON&RegionId=cn-shanghai&SignatureMethod=HMAC-SHA1&SignatureNonce=bf9730f0-bb00-11ec-936c-34cff6913155&SignatureVersion=1.0&Timestamp=2022-04-13T08%3A07%3A23Z&Version=2019-02-28
2022-04-13 16:18:09,235 alispeech-DEBUG  create_token:57 规范化的请求字符串: AccessKeyId=LTAI4G5TRjsGy8BNKPtctjXQ&Action=CreateToken&Format=JSON&RegionId=cn-shanghai&SignatureMethod=HMAC-SHA1&SignatureNonce=40c0c3db-bb02-11ec-a7f6-34cff6913155&SignatureVersion=1.0&Timestamp=2022-04-13T08%3A18%3A09Z&Version=2019-02-28
2022-04-13 16:18:09,235 alispeech-DEBUG  create_token:60 待签名的字符串: GET&%2F&AccessKeyId%3DLTAI4G5TRjsGy8BNKPtctjXQ%26Action%3DCreateToken%26Format%3DJSON%26RegionId%3Dcn-shanghai%26SignatureMethod%3DHMAC-SHA1%26SignatureNonce%3D40c0c3db-bb02-11ec-a7f6-34cff6913155%26SignatureVersion%3D1.0%26Timestamp%3D2022-04-13T08%253A18%253A09Z%26Version%3D2019-02-28
2022-04-13 16:18:09,235 alispeech-DEBUG  create_token:66 签名: b'qdLs8kFFbGZHfh1SH23rdWcf1LM='
2022-04-13 16:18:09,236 alispeech-DEBUG  create_token:69 URL编码后的签名: qdLs8kFFbGZHfh1SH23rdWcf1LM%3D
2022-04-13 16:18:09,236 alispeech-DEBUG  create_token:72 url: http://nls-meta.cn-shanghai.aliyuncs.com/?Signature=qdLs8kFFbGZHfh1SH23rdWcf1LM%3D&AccessKeyId=LTAI4G5TRjsGy8BNKPtctjXQ&Action=CreateToken&Format=JSON&RegionId=cn-shanghai&SignatureMethod=HMAC-SHA1&SignatureNonce=40c0c3db-bb02-11ec-a7f6-34cff6913155&SignatureVersion=1.0&Timestamp=2022-04-13T08%3A18%3A09Z&Version=2019-02-28
2022-04-13 16:31:19,881 alispeech-DEBUG  create_token:57 规范化的请求字符串: AccessKeyId=LTAI4G5TRjsGy8BNKPtctjXQ&Action=CreateToken&Format=JSON&RegionId=cn-shanghai&SignatureMethod=HMAC-SHA1&SignatureNonce=1803f048-bb04-11ec-aead-34cff6913155&SignatureVersion=1.0&Timestamp=2022-04-13T08%3A31%3A19Z&Version=2019-02-28
2022-04-13 16:31:19,882 alispeech-DEBUG  create_token:60 待签名的字符串: GET&%2F&AccessKeyId%3DLTAI4G5TRjsGy8BNKPtctjXQ%26Action%3DCreateToken%26Format%3DJSON%26RegionId%3Dcn-shanghai%26SignatureMethod%3DHMAC-SHA1%26SignatureNonce%3D1803f048-bb04-11ec-aead-34cff6913155%26SignatureVersion%3D1.0%26Timestamp%3D2022-04-13T08%253A31%253A19Z%26Version%3D2019-02-28
2022-04-13 16:31:19,882 alispeech-DEBUG  create_token:66 签名: b'pxzUf6ehDXVuHag39XNTgYtBvxg='
2022-04-13 16:31:19,882 alispeech-DEBUG  create_token:69 URL编码后的签名: pxzUf6ehDXVuHag39XNTgYtBvxg%3D
2022-04-13 16:31:19,882 alispeech-DEBUG  create_token:72 url: http://nls-meta.cn-shanghai.aliyuncs.com/?Signature=pxzUf6ehDXVuHag39XNTgYtBvxg%3D&AccessKeyId=LTAI4G5TRjsGy8BNKPtctjXQ&Action=CreateToken&Format=JSON&RegionId=cn-shanghai&SignatureMethod=HMAC-SHA1&SignatureNonce=1803f048-bb04-11ec-aead-34cff6913155&SignatureVersion=1.0&Timestamp=2022-04-13T08%3A31%3A19Z&Version=2019-02-28
2022-04-13 16:32:09,758 alispeech-DEBUG  create_token:57 规范化的请求字符串: AccessKeyId=LTAI4G5TRjsGy8BNKPtctjXQ&Action=CreateToken&Format=JSON&RegionId=cn-shanghai&SignatureMethod=HMAC-SHA1&SignatureNonce=35be4ef5-bb04-11ec-9b00-34cff6913155&SignatureVersion=1.0&Timestamp=2022-04-13T08%3A32%3A09Z&Version=2019-02-28
2022-04-13 16:32:09,758 alispeech-DEBUG  create_token:60 待签名的字符串: GET&%2F&AccessKeyId%3DLTAI4G5TRjsGy8BNKPtctjXQ%26Action%3DCreateToken%26Format%3DJSON%26RegionId%3Dcn-shanghai%26SignatureMethod%3DHMAC-SHA1%26SignatureNonce%3D35be4ef5-bb04-11ec-9b00-34cff6913155%26SignatureVersion%3D1.0%26Timestamp%3D2022-04-13T08%253A32%253A09Z%26Version%3D2019-02-28
2022-04-13 16:32:09,758 alispeech-DEBUG  create_token:66 签名: b'bIkJgPgpcJD/Vrt1Tl3IzNCbBrs='
2022-04-13 16:32:09,758 alispeech-DEBUG  create_token:69 URL编码后的签名: bIkJgPgpcJD%2FVrt1Tl3IzNCbBrs%3D
2022-04-13 16:32:09,759 alispeech-DEBUG  create_token:72 url: http://nls-meta.cn-shanghai.aliyuncs.com/?Signature=bIkJgPgpcJD%2FVrt1Tl3IzNCbBrs%3D&AccessKeyId=LTAI4G5TRjsGy8BNKPtctjXQ&Action=CreateToken&Format=JSON&RegionId=cn-shanghai&SignatureMethod=HMAC-SHA1&SignatureNonce=35be4ef5-bb04-11ec-9b00-34cff6913155&SignatureVersion=1.0&Timestamp=2022-04-13T08%3A32%3A09Z&Version=2019-02-28
2022-04-13 16:52:48,016 alispeech-DEBUG  create_token:57 规范化的请求字符串: AccessKeyId=LTAI4G5TRjsGy8BNKPtctjXQ&Action=CreateToken&Format=JSON&RegionId=cn-shanghai&SignatureMethod=HMAC-SHA1&SignatureNonce=17cd87de-bb07-11ec-a255-34cff6913155&SignatureVersion=1.0&Timestamp=2022-04-13T08%3A52%3A48Z&Version=2019-02-28
2022-04-13 16:52:48,016 alispeech-DEBUG  create_token:60 待签名的字符串: GET&%2F&AccessKeyId%3DLTAI4G5TRjsGy8BNKPtctjXQ%26Action%3DCreateToken%26Format%3DJSON%26RegionId%3Dcn-shanghai%26SignatureMethod%3DHMAC-SHA1%26SignatureNonce%3D17cd87de-bb07-11ec-a255-34cff6913155%26SignatureVersion%3D1.0%26Timestamp%3D2022-04-13T08%253A52%253A48Z%26Version%3D2019-02-28
2022-04-13 16:52:48,016 alispeech-DEBUG  create_token:66 签名: b'3oSEE3PB/8P1vgnHRewc7nB7o2w='
2022-04-13 16:52:48,016 alispeech-DEBUG  create_token:69 URL编码后的签名: 3oSEE3PB%2F8P1vgnHRewc7nB7o2w%3D
2022-04-13 16:52:48,016 alispeech-DEBUG  create_token:72 url: http://nls-meta.cn-shanghai.aliyuncs.com/?Signature=3oSEE3PB%2F8P1vgnHRewc7nB7o2w%3D&AccessKeyId=LTAI4G5TRjsGy8BNKPtctjXQ&Action=CreateToken&Format=JSON&RegionId=cn-shanghai&SignatureMethod=HMAC-SHA1&SignatureNonce=17cd87de-bb07-11ec-a255-34cff6913155&SignatureVersion=1.0&Timestamp=2022-04-13T08%3A52%3A48Z&Version=2019-02-28
2022-04-13 16:54:45,002 alispeech-DEBUG  create_token:57 规范化的请求字符串: AccessKeyId=LTAI4G5TRjsGy8BNKPtctjXQ&Action=CreateToken&Format=JSON&RegionId=cn-shanghai&SignatureMethod=HMAC-SHA1&SignatureNonce=5d882af7-bb07-11ec-880b-34cff6913155&SignatureVersion=1.0&Timestamp=2022-04-13T08%3A54%3A45Z&Version=2019-02-28
2022-04-13 16:54:45,002 alispeech-DEBUG  create_token:60 待签名的字符串: GET&%2F&AccessKeyId%3DLTAI4G5TRjsGy8BNKPtctjXQ%26Action%3DCreateToken%26Format%3DJSON%26RegionId%3Dcn-shanghai%26SignatureMethod%3DHMAC-SHA1%26SignatureNonce%3D5d882af7-bb07-11ec-880b-34cff6913155%26SignatureVersion%3D1.0%26Timestamp%3D2022-04-13T08%253A54%253A45Z%26Version%3D2019-02-28
2022-04-13 16:54:45,002 alispeech-DEBUG  create_token:66 签名: b'O+ay/YM0YuvmSVGutG3Y5rslhjU='
2022-04-13 16:54:45,003 alispeech-DEBUG  create_token:69 URL编码后的签名: O%2Bay%2FYM0YuvmSVGutG3Y5rslhjU%3D
2022-04-13 16:54:45,003 alispeech-DEBUG  create_token:72 url: http://nls-meta.cn-shanghai.aliyuncs.com/?Signature=O%2Bay%2FYM0YuvmSVGutG3Y5rslhjU%3D&AccessKeyId=LTAI4G5TRjsGy8BNKPtctjXQ&Action=CreateToken&Format=JSON&RegionId=cn-shanghai&SignatureMethod=HMAC-SHA1&SignatureNonce=5d882af7-bb07-11ec-880b-34cff6913155&SignatureVersion=1.0&Timestamp=2022-04-13T08%3A54%3A45Z&Version=2019-02-28
2022-04-13 17:04:58,943 alispeech-DEBUG  create_token:57 规范化的请求字符串: AccessKeyId=LTAI4G5TRjsGy8BNKPtctjXQ&Action=CreateToken&Format=JSON&RegionId=cn-shanghai&SignatureMethod=HMAC-SHA1&SignatureNonce=cb781f23-bb08-11ec-8725-34cff6913155&SignatureVersion=1.0&Timestamp=2022-04-13T09%3A04%3A58Z&Version=2019-02-28
2022-04-13 17:04:58,943 alispeech-DEBUG  create_token:60 待签名的字符串: GET&%2F&AccessKeyId%3DLTAI4G5TRjsGy8BNKPtctjXQ%26Action%3DCreateToken%26Format%3DJSON%26RegionId%3Dcn-shanghai%26SignatureMethod%3DHMAC-SHA1%26SignatureNonce%3Dcb781f23-bb08-11ec-8725-34cff6913155%26SignatureVersion%3D1.0%26Timestamp%3D2022-04-13T09%253A04%253A58Z%26Version%3D2019-02-28
2022-04-13 17:04:58,943 alispeech-DEBUG  create_token:66 签名: b'FnnNMf0uDdF1l0spuw7QY35Odxo='
2022-04-13 17:04:58,943 alispeech-DEBUG  create_token:69 URL编码后的签名: FnnNMf0uDdF1l0spuw7QY35Odxo%3D
2022-04-13 17:04:58,944 alispeech-DEBUG  create_token:72 url: http://nls-meta.cn-shanghai.aliyuncs.com/?Signature=FnnNMf0uDdF1l0spuw7QY35Odxo%3D&AccessKeyId=LTAI4G5TRjsGy8BNKPtctjXQ&Action=CreateToken&Format=JSON&RegionId=cn-shanghai&SignatureMethod=HMAC-SHA1&SignatureNonce=cb781f23-bb08-11ec-8725-34cff6913155&SignatureVersion=1.0&Timestamp=2022-04-13T09%3A04%3A58Z&Version=2019-02-28
2022-04-13 17:09:01,901 alispeech-DEBUG  create_token:57 规范化的请求字符串: AccessKeyId=LTAI4G5TRjsGy8BNKPtctjXQ&Action=CreateToken&Format=JSON&RegionId=cn-shanghai&SignatureMethod=HMAC-SHA1&SignatureNonce=5c48ad6f-bb09-11ec-b85b-34cff6913155&SignatureVersion=1.0&Timestamp=2022-04-13T09%3A09%3A01Z&Version=2019-02-28
2022-04-13 17:09:01,901 alispeech-DEBUG  create_token:60 待签名的字符串: GET&%2F&AccessKeyId%3DLTAI4G5TRjsGy8BNKPtctjXQ%26Action%3DCreateToken%26Format%3DJSON%26RegionId%3Dcn-shanghai%26SignatureMethod%3DHMAC-SHA1%26SignatureNonce%3D5c48ad6f-bb09-11ec-b85b-34cff6913155%26SignatureVersion%3D1.0%26Timestamp%3D2022-04-13T09%253A09%253A01Z%26Version%3D2019-02-28
2022-04-13 17:09:01,902 alispeech-DEBUG  create_token:66 签名: b'C7fdA87/NvT4896vqxpotrchRxc='
2022-04-13 17:09:01,902 alispeech-DEBUG  create_token:69 URL编码后的签名: C7fdA87%2FNvT4896vqxpotrchRxc%3D
2022-04-13 17:09:01,902 alispeech-DEBUG  create_token:72 url: http://nls-meta.cn-shanghai.aliyuncs.com/?Signature=C7fdA87%2FNvT4896vqxpotrchRxc%3D&AccessKeyId=LTAI4G5TRjsGy8BNKPtctjXQ&Action=CreateToken&Format=JSON&RegionId=cn-shanghai&SignatureMethod=HMAC-SHA1&SignatureNonce=5c48ad6f-bb09-11ec-b85b-34cff6913155&SignatureVersion=1.0&Timestamp=2022-04-13T09%3A09%3A01Z&Version=2019-02-28
2022-04-13 17:19:29,778 alispeech-DEBUG  create_token:57 规范化的请求字符串: AccessKeyId=LTAI4G5TRjsGy8BNKPtctjXQ&Action=CreateToken&Format=JSON&RegionId=cn-shanghai&SignatureMethod=HMAC-SHA1&SignatureNonce=d2872e7a-bb0a-11ec-abb4-34cff6913155&SignatureVersion=1.0&Timestamp=2022-04-13T09%3A19%3A29Z&Version=2019-02-28
2022-04-13 17:19:29,779 alispeech-DEBUG  create_token:60 待签名的字符串: GET&%2F&AccessKeyId%3DLTAI4G5TRjsGy8BNKPtctjXQ%26Action%3DCreateToken%26Format%3DJSON%26RegionId%3Dcn-shanghai%26SignatureMethod%3DHMAC-SHA1%26SignatureNonce%3Dd2872e7a-bb0a-11ec-abb4-34cff6913155%26SignatureVersion%3D1.0%26Timestamp%3D2022-04-13T09%253A19%253A29Z%26Version%3D2019-02-28
2022-04-13 17:19:29,779 alispeech-DEBUG  create_token:66 签名: b'QCzAySOChli7ZpJH7f3vAJLxEB0='
2022-04-13 17:19:29,779 alispeech-DEBUG  create_token:69 URL编码后的签名: QCzAySOChli7ZpJH7f3vAJLxEB0%3D
2022-04-13 17:19:29,779 alispeech-DEBUG  create_token:72 url: http://nls-meta.cn-shanghai.aliyuncs.com/?Signature=QCzAySOChli7ZpJH7f3vAJLxEB0%3D&AccessKeyId=LTAI4G5TRjsGy8BNKPtctjXQ&Action=CreateToken&Format=JSON&RegionId=cn-shanghai&SignatureMethod=HMAC-SHA1&SignatureNonce=d2872e7a-bb0a-11ec-abb4-34cff6913155&SignatureVersion=1.0&Timestamp=2022-04-13T09%3A19%3A29Z&Version=2019-02-28
2022-04-13 17:20:36,405 alispeech-DEBUG  create_token:57 规范化的请求字符串: AccessKeyId=LTAI4G5TRjsGy8BNKPtctjXQ&Action=CreateToken&Format=JSON&RegionId=cn-shanghai&SignatureMethod=HMAC-SHA1&SignatureNonce=fa3d7b9c-bb0a-11ec-a19d-34cff6913155&SignatureVersion=1.0&Timestamp=2022-04-13T09%3A20%3A36Z&Version=2019-02-28
2022-04-13 17:20:36,405 alispeech-DEBUG  create_token:60 待签名的字符串: GET&%2F&AccessKeyId%3DLTAI4G5TRjsGy8BNKPtctjXQ%26Action%3DCreateToken%26Format%3DJSON%26RegionId%3Dcn-shanghai%26SignatureMethod%3DHMAC-SHA1%26SignatureNonce%3Dfa3d7b9c-bb0a-11ec-a19d-34cff6913155%26SignatureVersion%3D1.0%26Timestamp%3D2022-04-13T09%253A20%253A36Z%26Version%3D2019-02-28
2022-04-13 17:20:36,405 alispeech-DEBUG  create_token:66 签名: b'EHcBFg/qMPBWk3ZLSbjTrYLGn9E='
2022-04-13 17:20:36,406 alispeech-DEBUG  create_token:69 URL编码后的签名: EHcBFg%2FqMPBWk3ZLSbjTrYLGn9E%3D
2022-04-13 17:20:36,406 alispeech-DEBUG  create_token:72 url: http://nls-meta.cn-shanghai.aliyuncs.com/?Signature=EHcBFg%2FqMPBWk3ZLSbjTrYLGn9E%3D&AccessKeyId=LTAI4G5TRjsGy8BNKPtctjXQ&Action=CreateToken&Format=JSON&RegionId=cn-shanghai&SignatureMethod=HMAC-SHA1&SignatureNonce=fa3d7b9c-bb0a-11ec-a19d-34cff6913155&SignatureVersion=1.0&Timestamp=2022-04-13T09%3A20%3A36Z&Version=2019-02-28
2022-04-13 17:21:18,709 alispeech-DEBUG  create_token:57 规范化的请求字符串: AccessKeyId=LTAI4G5TRjsGy8BNKPtctjXQ&Action=CreateToken&Format=JSON&RegionId=cn-shanghai&SignatureMethod=HMAC-SHA1&SignatureNonce=13748d0b-bb0b-11ec-b83f-34cff6913155&SignatureVersion=1.0&Timestamp=2022-04-13T09%3A21%3A18Z&Version=2019-02-28
2022-04-13 17:21:18,710 alispeech-DEBUG  create_token:60 待签名的字符串: GET&%2F&AccessKeyId%3DLTAI4G5TRjsGy8BNKPtctjXQ%26Action%3DCreateToken%26Format%3DJSON%26RegionId%3Dcn-shanghai%26SignatureMethod%3DHMAC-SHA1%26SignatureNonce%3D13748d0b-bb0b-11ec-b83f-34cff6913155%26SignatureVersion%3D1.0%26Timestamp%3D2022-04-13T09%253A21%253A18Z%26Version%3D2019-02-28
2022-04-13 17:21:18,710 alispeech-DEBUG  create_token:66 签名: b'HrfeJPyDc/FwHiUWkgn8LLJmH8U='
2022-04-13 17:21:18,710 alispeech-DEBUG  create_token:69 URL编码后的签名: HrfeJPyDc%2FFwHiUWkgn8LLJmH8U%3D
2022-04-13 17:21:18,710 alispeech-DEBUG  create_token:72 url: http://nls-meta.cn-shanghai.aliyuncs.com/?Signature=HrfeJPyDc%2FFwHiUWkgn8LLJmH8U%3D&AccessKeyId=LTAI4G5TRjsGy8BNKPtctjXQ&Action=CreateToken&Format=JSON&RegionId=cn-shanghai&SignatureMethod=HMAC-SHA1&SignatureNonce=13748d0b-bb0b-11ec-b83f-34cff6913155&SignatureVersion=1.0&Timestamp=2022-04-13T09%3A21%3A18Z&Version=2019-02-28
2022-04-13 17:22:48,677 alispeech-DEBUG  create_token:57 规范化的请求字符串: AccessKeyId=LTAI4G5TRjsGy8BNKPtctjXQ&Action=CreateToken&Format=JSON&RegionId=cn-shanghai&SignatureMethod=HMAC-SHA1&SignatureNonce=491492ef-bb0b-11ec-9f31-34cff6913155&SignatureVersion=1.0&Timestamp=2022-04-13T09%3A22%3A48Z&Version=2019-02-28
2022-04-13 17:22:48,677 alispeech-DEBUG  create_token:60 待签名的字符串: GET&%2F&AccessKeyId%3DLTAI4G5TRjsGy8BNKPtctjXQ%26Action%3DCreateToken%26Format%3DJSON%26RegionId%3Dcn-shanghai%26SignatureMethod%3DHMAC-SHA1%26SignatureNonce%3D491492ef-bb0b-11ec-9f31-34cff6913155%26SignatureVersion%3D1.0%26Timestamp%3D2022-04-13T09%253A22%253A48Z%26Version%3D2019-02-28
2022-04-13 17:22:48,678 alispeech-DEBUG  create_token:66 签名: b'VQW8hla8ZWJBfElVi1U/plwqgEY='
2022-04-13 17:22:48,678 alispeech-DEBUG  create_token:69 URL编码后的签名: VQW8hla8ZWJBfElVi1U%2FplwqgEY%3D
2022-04-13 17:22:48,678 alispeech-DEBUG  create_token:72 url: http://nls-meta.cn-shanghai.aliyuncs.com/?Signature=VQW8hla8ZWJBfElVi1U%2FplwqgEY%3D&AccessKeyId=LTAI4G5TRjsGy8BNKPtctjXQ&Action=CreateToken&Format=JSON&RegionId=cn-shanghai&SignatureMethod=HMAC-SHA1&SignatureNonce=491492ef-bb0b-11ec-9f31-34cff6913155&SignatureVersion=1.0&Timestamp=2022-04-13T09%3A22%3A48Z&Version=2019-02-28
2022-04-13 17:24:08,995 alispeech-DEBUG  create_token:57 规范化的请求字符串: AccessKeyId=LTAI4G5TRjsGy8BNKPtctjXQ&Action=CreateToken&Format=JSON&RegionId=cn-shanghai&SignatureMethod=HMAC-SHA1&SignatureNonce=78f4304a-bb0b-11ec-8ff5-34cff6913155&SignatureVersion=1.0&Timestamp=2022-04-13T09%3A24%3A08Z&Version=2019-02-28
2022-04-13 17:24:08,995 alispeech-DEBUG  create_token:60 待签名的字符串: GET&%2F&AccessKeyId%3DLTAI4G5TRjsGy8BNKPtctjXQ%26Action%3DCreateToken%26Format%3DJSON%26RegionId%3Dcn-shanghai%26SignatureMethod%3DHMAC-SHA1%26SignatureNonce%3D78f4304a-bb0b-11ec-8ff5-34cff6913155%26SignatureVersion%3D1.0%26Timestamp%3D2022-04-13T09%253A24%253A08Z%26Version%3D2019-02-28
2022-04-13 17:24:08,996 alispeech-DEBUG  create_token:66 签名: b'clhHzlrqiSqLYoijxuzaRTdR+SI='
2022-04-13 17:24:08,996 alispeech-DEBUG  create_token:69 URL编码后的签名: clhHzlrqiSqLYoijxuzaRTdR%2BSI%3D
2022-04-13 17:24:08,996 alispeech-DEBUG  create_token:72 url: http://nls-meta.cn-shanghai.aliyuncs.com/?Signature=clhHzlrqiSqLYoijxuzaRTdR%2BSI%3D&AccessKeyId=LTAI4G5TRjsGy8BNKPtctjXQ&Action=CreateToken&Format=JSON&RegionId=cn-shanghai&SignatureMethod=HMAC-SHA1&SignatureNonce=78f4304a-bb0b-11ec-8ff5-34cff6913155&SignatureVersion=1.0&Timestamp=2022-04-13T09%3A24%3A08Z&Version=2019-02-28
2022-04-13 17:27:13,694 alispeech-DEBUG  create_token:57 规范化的请求字符串: AccessKeyId=LTAI4G5TRjsGy8BNKPtctjXQ&Action=CreateToken&Format=JSON&RegionId=cn-shanghai&SignatureMethod=HMAC-SHA1&SignatureNonce=e70af221-bb0b-11ec-9b0c-34cff6913155&SignatureVersion=1.0&Timestamp=2022-04-13T09%3A27%3A13Z&Version=2019-02-28
2022-04-13 17:27:13,694 alispeech-DEBUG  create_token:60 待签名的字符串: GET&%2F&AccessKeyId%3DLTAI4G5TRjsGy8BNKPtctjXQ%26Action%3DCreateToken%26Format%3DJSON%26RegionId%3Dcn-shanghai%26SignatureMethod%3DHMAC-SHA1%26SignatureNonce%3De70af221-bb0b-11ec-9b0c-34cff6913155%26SignatureVersion%3D1.0%26Timestamp%3D2022-04-13T09%253A27%253A13Z%26Version%3D2019-02-28
2022-04-13 17:27:13,694 alispeech-DEBUG  create_token:66 签名: b'1CCi31gIEMYShkde0zks8kC97cU='
2022-04-13 17:27:13,695 alispeech-DEBUG  create_token:69 URL编码后的签名: 1CCi31gIEMYShkde0zks8kC97cU%3D
2022-04-13 17:27:13,695 alispeech-DEBUG  create_token:72 url: http://nls-meta.cn-shanghai.aliyuncs.com/?Signature=1CCi31gIEMYShkde0zks8kC97cU%3D&AccessKeyId=LTAI4G5TRjsGy8BNKPtctjXQ&Action=CreateToken&Format=JSON&RegionId=cn-shanghai&SignatureMethod=HMAC-SHA1&SignatureNonce=e70af221-bb0b-11ec-9b0c-34cff6913155&SignatureVersion=1.0&Timestamp=2022-04-13T09%3A27%3A13Z&Version=2019-02-28
2022-04-13 18:24:00,979 alispeech-DEBUG  create_token:57 规范化的请求字符串: AccessKeyId=LTAI4G5TRjsGy8BNKPtctjXQ&Action=CreateToken&Format=JSON&RegionId=cn-shanghai&SignatureMethod=HMAC-SHA1&SignatureNonce=d5f18059-bb13-11ec-8984-34cff6913155&SignatureVersion=1.0&Timestamp=2022-04-13T10%3A24%3A00Z&Version=2019-02-28
2022-04-13 18:24:00,979 alispeech-DEBUG  create_token:60 待签名的字符串: GET&%2F&AccessKeyId%3DLTAI4G5TRjsGy8BNKPtctjXQ%26Action%3DCreateToken%26Format%3DJSON%26RegionId%3Dcn-shanghai%26SignatureMethod%3DHMAC-SHA1%26SignatureNonce%3Dd5f18059-bb13-11ec-8984-34cff6913155%26SignatureVersion%3D1.0%26Timestamp%3D2022-04-13T10%253A24%253A00Z%26Version%3D2019-02-28
2022-04-13 18:24:00,979 alispeech-DEBUG  create_token:66 签名: b'FfbTjHH2gbuMVfEIFR47DYUFaoY='
2022-04-13 18:24:00,979 alispeech-DEBUG  create_token:69 URL编码后的签名: FfbTjHH2gbuMVfEIFR47DYUFaoY%3D
2022-04-13 18:24:00,980 alispeech-DEBUG  create_token:72 url: http://nls-meta.cn-shanghai.aliyuncs.com/?Signature=FfbTjHH2gbuMVfEIFR47DYUFaoY%3D&AccessKeyId=LTAI4G5TRjsGy8BNKPtctjXQ&Action=CreateToken&Format=JSON&RegionId=cn-shanghai&SignatureMethod=HMAC-SHA1&SignatureNonce=d5f18059-bb13-11ec-8984-34cff6913155&SignatureVersion=1.0&Timestamp=2022-04-13T10%3A24%3A00Z&Version=2019-02-28
2022-04-13 18:25:55,180 alispeech-DEBUG  create_token:57 规范化的请求字符串: AccessKeyId=LTAI4G5TRjsGy8BNKPtctjXQ&Action=CreateToken&Format=JSON&RegionId=cn-shanghai&SignatureMethod=HMAC-SHA1&SignatureNonce=1a033050-bb14-11ec-97fd-34cff6913155&SignatureVersion=1.0&Timestamp=2022-04-13T10%3A25%3A55Z&Version=2019-02-28
2022-04-13 18:25:55,180 alispeech-DEBUG  create_token:60 待签名的字符串: GET&%2F&AccessKeyId%3DLTAI4G5TRjsGy8BNKPtctjXQ%26Action%3DCreateToken%26Format%3DJSON%26RegionId%3Dcn-shanghai%26SignatureMethod%3DHMAC-SHA1%26SignatureNonce%3D1a033050-bb14-11ec-97fd-34cff6913155%26SignatureVersion%3D1.0%26Timestamp%3D2022-04-13T10%253A25%253A55Z%26Version%3D2019-02-28
2022-04-13 18:25:55,181 alispeech-DEBUG  create_token:66 签名: b'JRQRwzKA6zY2ZmRCLfexXXIUdac='
2022-04-13 18:25:55,181 alispeech-DEBUG  create_token:69 URL编码后的签名: JRQRwzKA6zY2ZmRCLfexXXIUdac%3D
2022-04-13 18:25:55,182 alispeech-DEBUG  create_token:72 url: http://nls-meta.cn-shanghai.aliyuncs.com/?Signature=JRQRwzKA6zY2ZmRCLfexXXIUdac%3D&AccessKeyId=LTAI4G5TRjsGy8BNKPtctjXQ&Action=CreateToken&Format=JSON&RegionId=cn-shanghai&SignatureMethod=HMAC-SHA1&SignatureNonce=1a033050-bb14-11ec-97fd-34cff6913155&SignatureVersion=1.0&Timestamp=2022-04-13T10%3A25%3A55Z&Version=2019-02-28
2022-04-13 18:39:45,742 alispeech-DEBUG  create_token:57 规范化的请求字符串: AccessKeyId=LTAI4G5TRjsGy8BNKPtctjXQ&Action=CreateToken&Format=JSON&RegionId=cn-shanghai&SignatureMethod=HMAC-SHA1&SignatureNonce=09110706-bb16-11ec-b8e3-34cff6913155&SignatureVersion=1.0&Timestamp=2022-04-13T10%3A39%3A45Z&Version=2019-02-28
2022-04-13 18:39:45,742 alispeech-DEBUG  create_token:60 待签名的字符串: GET&%2F&AccessKeyId%3DLTAI4G5TRjsGy8BNKPtctjXQ%26Action%3DCreateToken%26Format%3DJSON%26RegionId%3Dcn-shanghai%26SignatureMethod%3DHMAC-SHA1%26SignatureNonce%3D09110706-bb16-11ec-b8e3-34cff6913155%26SignatureVersion%3D1.0%26Timestamp%3D2022-04-13T10%253A39%253A45Z%26Version%3D2019-02-28
2022-04-13 18:39:45,743 alispeech-DEBUG  create_token:66 签名: b'L5aayp+PNYBxBw4qQ+GyDSlIR9Y='
2022-04-13 18:39:45,743 alispeech-DEBUG  create_token:69 URL编码后的签名: L5aayp%2BPNYBxBw4qQ%2BGyDSlIR9Y%3D
2022-04-13 18:39:45,743 alispeech-DEBUG  create_token:72 url: http://nls-meta.cn-shanghai.aliyuncs.com/?Signature=L5aayp%2BPNYBxBw4qQ%2BGyDSlIR9Y%3D&AccessKeyId=LTAI4G5TRjsGy8BNKPtctjXQ&Action=CreateToken&Format=JSON&RegionId=cn-shanghai&SignatureMethod=HMAC-SHA1&SignatureNonce=09110706-bb16-11ec-b8e3-34cff6913155&SignatureVersion=1.0&Timestamp=2022-04-13T10%3A39%3A45Z&Version=2019-02-28
2022-04-13 18:44:12,194 alispeech-DEBUG  create_token:57 规范化的请求字符串: AccessKeyId=LTAI4G5TRjsGy8BNKPtctjXQ&Action=CreateToken&Format=JSON&RegionId=cn-shanghai&SignatureMethod=HMAC-SHA1&SignatureNonce=a7e234b7-bb16-11ec-9e40-34cff6913155&SignatureVersion=1.0&Timestamp=2022-04-13T10%3A44%3A12Z&Version=2019-02-28
2022-04-13 18:44:12,194 alispeech-DEBUG  create_token:60 待签名的字符串: GET&%2F&AccessKeyId%3DLTAI4G5TRjsGy8BNKPtctjXQ%26Action%3DCreateToken%26Format%3DJSON%26RegionId%3Dcn-shanghai%26SignatureMethod%3DHMAC-SHA1%26SignatureNonce%3Da7e234b7-bb16-11ec-9e40-34cff6913155%26SignatureVersion%3D1.0%26Timestamp%3D2022-04-13T10%253A44%253A12Z%26Version%3D2019-02-28
2022-04-13 18:44:12,194 alispeech-DEBUG  create_token:66 签名: b'JncDiVH8aByMKLjls+kE3HD518o='
2022-04-13 18:44:12,194 alispeech-DEBUG  create_token:69 URL编码后的签名: JncDiVH8aByMKLjls%2BkE3HD518o%3D
2022-04-13 18:44:12,194 alispeech-DEBUG  create_token:72 url: http://nls-meta.cn-shanghai.aliyuncs.com/?Signature=JncDiVH8aByMKLjls%2BkE3HD518o%3D&AccessKeyId=LTAI4G5TRjsGy8BNKPtctjXQ&Action=CreateToken&Format=JSON&RegionId=cn-shanghai&SignatureMethod=HMAC-SHA1&SignatureNonce=a7e234b7-bb16-11ec-9e40-34cff6913155&SignatureVersion=1.0&Timestamp=2022-04-13T10%3A44%3A12Z&Version=2019-02-28
