2022-04-13 14:00:57 /*print{{*/14:00:57
2022-04-13 14:00:57 正在抓取HTTP包,打开网页试试......
2022-04-13 14:02:11 /*print{{*/14:02:11
2022-04-13 14:02:11 sockdata:
2022-04-13 14:02:11 null
2022-04-13 14:02:11 变量[2]，多级Table{
2022-04-13 14:02:11 	[ok]=true
2022-04-13 14:02:11 	ipheader={
2022-04-13 14:02:11 		[checksum]=0
2022-04-13 14:02:11 		[proto]=17
2022-04-13 14:02:11 		[tos]=0
2022-04-13 14:02:11 		[total_len]=51968
2022-04-13 14:02:11 		[sourceIP]=20490432
2022-04-13 14:02:11 		[strProtocol]=UDP
2022-04-13 14:02:11 		[h_lenver]=69
2022-04-13 14:02:11 		[ttl]=1
2022-04-13 14:02:11 		[strDestIP]=239.255.255.250
2022-04-13 14:02:11 		[strSourceIP]=192.168.56.1
2022-04-13 14:02:11 		[ident]=46194
2022-04-13 14:02:11 		[frag_and_flags]=0
2022-04-13 14:02:11 		[_struct]=BYTE h_lenver;BYTE tos;WORD total_len;WORD ident;WORD frag_and_flags;BYTE ttl;BYTE proto;WORD checksum;INT sourceIP;INT destIP
2022-04-13 14:02:11 		[destIP]=4211081199
2022-04-13 14:02:11 	}
2022-04-13 14:02:11 	sniff={
2022-04-13 14:02:11 		[count]=1
2022-04-13 14:02:11 		[close]=function: 46C94700
2022-04-13 14:02:11 	}
2022-04-13 14:02:11 	udpheader={
2022-04-13 14:02:11 		[uh_dport]=27655
2022-04-13 14:02:11 		[uh_sport]=64721
2022-04-13 14:02:11 		[uh_sum]=55737
2022-04-13 14:02:11 		[strDport]=1900
2022-04-13 14:02:11 		[uh_len]=46848
2022-04-13 14:02:11 		[_struct]=WORD uh_sport;WORD uh_dport;WORD uh_len;WORD uh_sum
2022-04-13 14:02:11 		[strSport]=53756
2022-04-13 14:02:11 	}
2022-04-13 14:02:11 }
2022-04-13 14:02:11 /*print{{*/14:02:11
2022-04-13 14:02:11 title 抓包结束
